<?xml version="1.0" encoding="UTF-8" standalone="yes"?><!DOCTYPE report PUBLIC "-//JACOCO//DTD Report 1.1//EN" "report.dtd"><report name="Doxia :: iText Module"><sessioninfo id="Seyeds-MacBook-Pro.local-c7fe489" start="1585717721792" dump="1585717722871"/><sessioninfo id="Seyeds-MacBook-Pro.local-75b78cc4" start="1586131919574" dump="1586131920501"/><sessioninfo id="Seyeds-MacBook-Pro.local-14badce6" start="1586132321622" dump="1586132322554"/><sessioninfo id="Seyeds-MacBook-Pro.local-5ead7e4d" start="1586133075462" dump="1586133076420"/><package name="org/apache/maven/doxia/module/itext"><class name="org/apache/maven/doxia/module/itext/ITextSinkFactory" sourcefilename="ITextSinkFactory.java"><method name="&lt;init&gt;" desc="()V" line="39"><counter type="INSTRUCTION" missed="3" covered="0"/><counter type="LINE" missed="1" covered="0"/><counter type="COMPLEXITY" missed="1" covered="0"/><counter type="METHOD" missed="1" covered="0"/></method><method name="createSink" desc="(Ljava/io/Writer;Ljava/lang/String;)Lorg/apache/maven/doxia/sink/Sink;" line="45"><counter type="INSTRUCTION" missed="6" covered="0"/><counter type="LINE" missed="1" covered="0"/><counter type="COMPLEXITY" missed="1" covered="0"/><counter type="METHOD" missed="1" covered="0"/></method><method name="createSink" desc="(Ljava/io/Writer;)Lorg/apache/maven/doxia/sink/Sink;" line="57"><counter type="INSTRUCTION" missed="5" covered="0"/><counter type="LINE" missed="1" covered="0"/><counter type="COMPLEXITY" missed="1" covered="0"/><counter type="METHOD" missed="1" covered="0"/></method><method name="createSink" desc="(Lorg/codehaus/plexus/util/xml/PrettyPrintXMLWriter;)Lorg/apache/maven/doxia/sink/Sink;" line="68"><counter type="INSTRUCTION" missed="12" covered="0"/><counter type="BRANCH" missed="2" covered="0"/><counter type="LINE" missed="3" covered="0"/><counter type="COMPLEXITY" missed="2" covered="0"/><counter type="METHOD" missed="1" covered="0"/></method><counter type="INSTRUCTION" missed="26" covered="0"/><counter type="BRANCH" missed="2" covered="0"/><counter type="LINE" missed="6" covered="0"/><counter type="COMPLEXITY" missed="5" covered="0"/><counter type="METHOD" missed="4" covered="0"/><counter type="CLASS" missed="1" covered="0"/></class><class name="org/apache/maven/doxia/module/itext/ITextSink" sourcefilename="ITextSink.java"><method name="&lt;init&gt;" desc="(Ljava/io/Writer;)V" line="131"><counter type="INSTRUCTION" missed="0" covered="5"/><counter type="LINE" missed="0" covered="2"/><counter type="COMPLEXITY" missed="0" covered="1"/><counter type="METHOD" missed="0" covered="1"/></method><method name="&lt;init&gt;" desc="(Ljava/io/Writer;Ljava/lang/String;)V" line="144"><counter type="INSTRUCTION" missed="0" covered="15"/><counter type="LINE" missed="0" covered="4"/><counter type="COMPLEXITY" missed="0" covered="1"/><counter type="METHOD" missed="0" covered="1"/></method><method name="&lt;init&gt;" desc="(Lorg/codehaus/plexus/util/xml/PrettyPrintXMLWriter;)V" line="105"><counter type="INSTRUCTION" missed="0" covered="29"/><counter type="LINE" missed="0" covered="11"/><counter type="COMPLEXITY" missed="0" covered="1"/><counter type="METHOD" missed="0" covered="1"/></method><method name="getClassLoader" desc="()Ljava/lang/ClassLoader;" line="171"><counter type="INSTRUCTION" missed="0" covered="3"/><counter type="LINE" missed="0" covered="1"/><counter type="COMPLEXITY" missed="0" covered="1"/><counter type="METHOD" missed="0" covered="1"/></method><method name="setClassLoader" desc="(Ljava/lang/ClassLoader;)V" line="181"><counter type="INSTRUCTION" missed="0" covered="4"/><counter type="LINE" missed="0" covered="2"/><counter type="COMPLEXITY" missed="0" covered="1"/><counter type="METHOD" missed="0" covered="1"/></method><method name="close" desc="()V" line="191"><counter type="INSTRUCTION" missed="0" covered="6"/><counter type="LINE" missed="0" covered="3"/><counter type="COMPLEXITY" missed="0" covered="1"/><counter type="METHOD" missed="0" covered="1"/></method><method name="flush" desc="()V" line="199"><counter type="INSTRUCTION" missed="30" covered="11"/><counter type="BRANCH" missed="6" covered="2"/><counter type="LINE" missed="5" covered="3"/><counter type="COMPLEXITY" missed="4" covered="1"/><counter type="METHOD" missed="0" covered="1"/></method><method name="head_" desc="()V" line="220"><counter type="INSTRUCTION" missed="0" covered="4"/><counter type="LINE" missed="0" covered="2"/><counter type="COMPLEXITY" missed="0" covered="1"/><counter type="METHOD" missed="0" covered="1"/></method><method name="head" desc="()V" line="228"><counter type="INSTRUCTION" missed="0" covered="5"/><counter type="LINE" missed="0" covered="2"/><counter type="COMPLEXITY" missed="0" covered="1"/><counter type="METHOD" missed="0" covered="1"/></method><method name="author_" desc="()V" line="234"><counter type="INSTRUCTION" missed="0" covered="4"/><counter type="LINE" missed="0" covered="2"/><counter type="COMPLEXITY" missed="0" covered="1"/><counter type="METHOD" missed="0" covered="1"/></method><method name="author" desc="()V" line="240"><counter type="INSTRUCTION" missed="0" covered="5"/><counter type="LINE" missed="0" covered="2"/><counter type="COMPLEXITY" missed="0" covered="1"/><counter type="METHOD" missed="0" covered="1"/></method><method name="date_" desc="()V" line="246"><counter type="INSTRUCTION" missed="0" covered="4"/><counter type="LINE" missed="0" covered="2"/><counter type="COMPLEXITY" missed="0" covered="1"/><counter type="METHOD" missed="0" covered="1"/></method><method name="date" desc="()V" line="252"><counter type="INSTRUCTION" missed="0" covered="5"/><counter type="LINE" missed="0" covered="2"/><counter type="COMPLEXITY" missed="0" covered="1"/><counter type="METHOD" missed="0" covered="1"/></method><method name="title_" desc="()V" line="258"><counter type="INSTRUCTION" missed="0" covered="4"/><counter type="LINE" missed="0" covered="2"/><counter type="COMPLEXITY" missed="0" covered="1"/><counter type="METHOD" missed="0" covered="1"/></method><method name="title" desc="()V" line="264"><counter type="INSTRUCTION" missed="0" covered="5"/><counter type="LINE" missed="0" covered="2"/><counter type="COMPLEXITY" missed="0" covered="1"/><counter type="METHOD" missed="0" covered="1"/></method><method name="body_" desc="()V" line="274"><counter type="INSTRUCTION" missed="0" covered="11"/><counter type="BRANCH" missed="1" covered="1"/><counter type="LINE" missed="0" covered="5"/><counter type="COMPLEXITY" missed="1" covered="1"/><counter type="METHOD" missed="0" covered="1"/></method><method name="body" desc="()V" line="287"><counter type="INSTRUCTION" missed="0" covered="146"/><counter type="BRANCH" missed="1" covered="1"/><counter type="LINE" missed="0" covered="34"/><counter type="COMPLEXITY" missed="1" covered="1"/><counter type="METHOD" missed="0" covered="1"/></method><method name="sectionTitle" desc="()V" line="343"><counter type="INSTRUCTION" missed="4" covered="0"/><counter type="LINE" missed="2" covered="0"/><counter type="COMPLEXITY" missed="1" covered="0"/><counter type="METHOD" missed="1" covered="0"/></method><method name="sectionTitle_" desc="()V" line="349"><counter type="INSTRUCTION" missed="5" covered="0"/><counter type="LINE" missed="2" covered="0"/><counter type="COMPLEXITY" missed="1" covered="0"/><counter type="METHOD" missed="1" covered="0"/></method><method name="section1_" desc="()V" line="355"><counter type="INSTRUCTION" missed="0" covered="15"/><counter type="LINE" missed="0" covered="5"/><counter type="COMPLEXITY" missed="0" covered="1"/><counter type="METHOD" missed="0" covered="1"/></method><method name="section1" desc="()V" line="366"><counter type="INSTRUCTION" missed="0" covered="33"/><counter type="LINE" missed="0" covered="9"/><counter type="COMPLEXITY" missed="0" covered="1"/><counter type="METHOD" missed="0" covered="1"/></method><method name="sectionTitle1_" desc="()V" line="382"><counter type="INSTRUCTION" missed="0" covered="12"/><counter type="LINE" missed="0" covered="5"/><counter type="COMPLEXITY" missed="0" covered="1"/><counter type="METHOD" missed="0" covered="1"/></method><method name="sectionTitle1" desc="()V" line="393"><counter type="INSTRUCTION" missed="0" covered="60"/><counter type="LINE" missed="0" covered="13"/><counter type="COMPLEXITY" missed="0" covered="1"/><counter type="METHOD" missed="0" covered="1"/></method><method name="section2_" desc="()V" line="413"><counter type="INSTRUCTION" missed="0" covered="15"/><counter type="LINE" missed="0" covered="5"/><counter type="COMPLEXITY" missed="0" covered="1"/><counter type="METHOD" missed="0" covered="1"/></method><method name="section2" desc="()V" line="424"><counter type="INSTRUCTION" missed="0" covered="33"/><counter type="LINE" missed="0" covered="9"/><counter type="COMPLEXITY" missed="0" covered="1"/><counter type="METHOD" missed="0" covered="1"/></method><method name="sectionTitle2_" desc="()V" line="440"><counter type="INSTRUCTION" missed="0" covered="12"/><counter type="LINE" missed="0" covered="5"/><counter type="COMPLEXITY" missed="0" covered="1"/><counter type="METHOD" missed="0" covered="1"/></method><method name="sectionTitle2" desc="()V" line="451"><counter type="INSTRUCTION" missed="0" covered="60"/><counter type="LINE" missed="0" covered="13"/><counter type="COMPLEXITY" missed="0" covered="1"/><counter type="METHOD" missed="0" covered="1"/></method><method name="section3_" desc="()V" line="471"><counter type="INSTRUCTION" missed="0" covered="15"/><counter type="LINE" missed="0" covered="5"/><counter type="COMPLEXITY" missed="0" covered="1"/><counter type="METHOD" missed="0" covered="1"/></method><method name="section3" desc="()V" line="482"><counter type="INSTRUCTION" missed="0" covered="33"/><counter type="LINE" missed="0" covered="9"/><counter type="COMPLEXITY" missed="0" covered="1"/><counter type="METHOD" missed="0" covered="1"/></method><method name="sectionTitle3_" desc="()V" line="498"><counter type="INSTRUCTION" missed="0" covered="12"/><counter type="LINE" missed="0" covered="5"/><counter type="COMPLEXITY" missed="0" covered="1"/><counter type="METHOD" missed="0" covered="1"/></method><method name="sectionTitle3" desc="()V" line="509"><counter type="INSTRUCTION" missed="0" covered="60"/><counter type="LINE" missed="0" covered="13"/><counter type="COMPLEXITY" missed="0" covered="1"/><counter type="METHOD" missed="0" covered="1"/></method><method name="section4_" desc="()V" line="529"><counter type="INSTRUCTION" missed="0" covered="15"/><counter type="LINE" missed="0" covered="5"/><counter type="COMPLEXITY" missed="0" covered="1"/><counter type="METHOD" missed="0" covered="1"/></method><method name="section4" desc="()V" line="540"><counter type="INSTRUCTION" missed="0" covered="33"/><counter type="LINE" missed="0" covered="9"/><counter type="COMPLEXITY" missed="0" covered="1"/><counter type="METHOD" missed="0" covered="1"/></method><method name="sectionTitle4_" desc="()V" line="556"><counter type="INSTRUCTION" missed="0" covered="12"/><counter type="LINE" missed="0" covered="5"/><counter type="COMPLEXITY" missed="0" covered="1"/><counter type="METHOD" missed="0" covered="1"/></method><method name="sectionTitle4" desc="()V" line="567"><counter type="INSTRUCTION" missed="0" covered="60"/><counter type="LINE" missed="0" covered="13"/><counter type="COMPLEXITY" missed="0" covered="1"/><counter type="METHOD" missed="0" covered="1"/></method><method name="section5_" desc="()V" line="587"><counter type="INSTRUCTION" missed="0" covered="15"/><counter type="LINE" missed="0" covered="5"/><counter type="COMPLEXITY" missed="0" covered="1"/><counter type="METHOD" missed="0" covered="1"/></method><method name="section5" desc="()V" line="598"><counter type="INSTRUCTION" missed="0" covered="33"/><counter type="LINE" missed="0" covered="9"/><counter type="COMPLEXITY" missed="0" covered="1"/><counter type="METHOD" missed="0" covered="1"/></method><method name="sectionTitle5_" desc="()V" line="614"><counter type="INSTRUCTION" missed="0" covered="12"/><counter type="LINE" missed="0" covered="5"/><counter type="COMPLEXITY" missed="0" covered="1"/><counter type="METHOD" missed="0" covered="1"/></method><method name="sectionTitle5" desc="()V" line="625"><counter type="INSTRUCTION" missed="0" covered="60"/><counter type="LINE" missed="0" covered="13"/><counter type="COMPLEXITY" missed="0" covered="1"/><counter type="METHOD" missed="0" covered="1"/></method><method name="paragraph_" desc="()V" line="650"><counter type="INSTRUCTION" missed="0" covered="22"/><counter type="BRANCH" missed="2" covered="4"/><counter type="LINE" missed="0" covered="7"/><counter type="COMPLEXITY" missed="2" covered="2"/><counter type="METHOD" missed="0" covered="1"/></method><method name="paragraph" desc="()V" line="666"><counter type="INSTRUCTION" missed="0" covered="29"/><counter type="BRANCH" missed="2" covered="4"/><counter type="LINE" missed="0" covered="9"/><counter type="COMPLEXITY" missed="2" covered="2"/><counter type="METHOD" missed="0" covered="1"/></method><method name="list_" desc="()V" line="687"><counter type="INSTRUCTION" missed="0" covered="8"/><counter type="LINE" missed="0" covered="4"/><counter type="COMPLEXITY" missed="0" covered="1"/><counter type="METHOD" missed="0" covered="1"/></method><method name="list" desc="()V" line="697"><counter type="INSTRUCTION" missed="0" covered="56"/><counter type="LINE" missed="0" covered="12"/><counter type="COMPLEXITY" missed="0" covered="1"/><counter type="METHOD" missed="0" covered="1"/></method><method name="listItem_" desc="()V" line="715"><counter type="INSTRUCTION" missed="0" covered="6"/><counter type="LINE" missed="0" covered="3"/><counter type="COMPLEXITY" missed="0" covered="1"/><counter type="METHOD" missed="0" covered="1"/></method><method name="listItem" desc="()V" line="723"><counter type="INSTRUCTION" missed="0" covered="12"/><counter type="LINE" missed="0" covered="4"/><counter type="COMPLEXITY" missed="0" covered="1"/><counter type="METHOD" missed="0" covered="1"/></method><method name="numberedList_" desc="()V" line="732"><counter type="INSTRUCTION" missed="0" covered="8"/><counter type="LINE" missed="0" covered="4"/><counter type="COMPLEXITY" missed="0" covered="1"/><counter type="METHOD" missed="0" covered="1"/></method><method name="numberedList" desc="(I)V" line="742"><counter type="INSTRUCTION" missed="30" covered="73"/><counter type="BRANCH" missed="3" covered="2"/><counter type="LINE" missed="9" covered="17"/><counter type="COMPLEXITY" missed="3" covered="2"/><counter type="METHOD" missed="0" covered="1"/></method><method name="numberedListItem_" desc="()V" line="788"><counter type="INSTRUCTION" missed="0" covered="6"/><counter type="LINE" missed="0" covered="3"/><counter type="COMPLEXITY" missed="0" covered="1"/><counter type="METHOD" missed="0" covered="1"/></method><method name="numberedListItem" desc="()V" line="796"><counter type="INSTRUCTION" missed="0" covered="12"/><counter type="LINE" missed="0" covered="4"/><counter type="COMPLEXITY" missed="0" covered="1"/><counter type="METHOD" missed="0" covered="1"/></method><method name="definitionList_" desc="()V" line="805"><counter type="INSTRUCTION" missed="0" covered="4"/><counter type="LINE" missed="0" covered="2"/><counter type="COMPLEXITY" missed="0" covered="1"/><counter type="METHOD" missed="0" covered="1"/></method><method name="definitionList" desc="()V" line="811"><counter type="INSTRUCTION" missed="0" covered="7"/><counter type="LINE" missed="0" covered="3"/><counter type="COMPLEXITY" missed="0" covered="1"/><counter type="METHOD" missed="0" covered="1"/></method><method name="definedTerm_" desc="()V" line="819"><counter type="INSTRUCTION" missed="0" covered="14"/><counter type="LINE" missed="0" covered="6"/><counter type="COMPLEXITY" missed="0" covered="1"/><counter type="METHOD" missed="0" covered="1"/></method><method name="definedTerm" desc="()V" line="832"><counter type="INSTRUCTION" missed="0" covered="50"/><counter type="LINE" missed="0" covered="11"/><counter type="COMPLEXITY" missed="0" covered="1"/><counter type="METHOD" missed="0" covered="1"/></method><method name="definition_" desc="()V" line="849"><counter type="INSTRUCTION" missed="0" covered="8"/><counter type="LINE" missed="0" covered="4"/><counter type="COMPLEXITY" missed="0" covered="1"/><counter type="METHOD" missed="0" covered="1"/></method><method name="definition" desc="()V" line="859"><counter type="INSTRUCTION" missed="0" covered="99"/><counter type="LINE" missed="0" covered="18"/><counter type="COMPLEXITY" missed="0" covered="1"/><counter type="METHOD" missed="0" covered="1"/></method><method name="definitionListItem_" desc="()V" line="887"><counter type="INSTRUCTION" missed="0" covered="4"/><counter type="LINE" missed="0" covered="2"/><counter type="COMPLEXITY" missed="0" covered="1"/><counter type="METHOD" missed="0" covered="1"/></method><method name="definitionListItem" desc="()V" line="893"><counter type="INSTRUCTION" missed="0" covered="5"/><counter type="LINE" missed="0" covered="2"/><counter type="COMPLEXITY" missed="0" covered="1"/><counter type="METHOD" missed="0" covered="1"/></method><method name="table_" desc="()V" line="903"><counter type="INSTRUCTION" missed="0" covered="37"/><counter type="BRANCH" missed="0" covered="2"/><counter type="LINE" missed="0" covered="13"/><counter type="COMPLEXITY" missed="0" covered="2"/><counter type="METHOD" missed="0" covered="1"/></method><method name="table" desc="()V" line="932"><counter type="INSTRUCTION" missed="0" covered="89"/><counter type="LINE" missed="0" covered="19"/><counter type="COMPLEXITY" missed="0" covered="1"/><counter type="METHOD" missed="0" covered="1"/></method><method name="tableCaption_" desc="()V" line="958"><counter type="INSTRUCTION" missed="0" covered="4"/><counter type="LINE" missed="0" covered="2"/><counter type="COMPLEXITY" missed="0" covered="1"/><counter type="METHOD" missed="0" covered="1"/></method><method name="tableCaption" desc="()V" line="964"><counter type="INSTRUCTION" missed="0" covered="17"/><counter type="LINE" missed="0" covered="4"/><counter type="COMPLEXITY" missed="0" covered="1"/><counter type="METHOD" missed="0" covered="1"/></method><method name="tableCell_" desc="()V" line="972"><counter type="INSTRUCTION" missed="0" covered="6"/><counter type="LINE" missed="0" covered="3"/><counter type="COMPLEXITY" missed="0" covered="1"/><counter type="METHOD" missed="0" covered="1"/></method><method name="tableCell" desc="()V" line="980"><counter type="INSTRUCTION" missed="0" covered="32"/><counter type="LINE" missed="0" covered="8"/><counter type="COMPLEXITY" missed="0" covered="1"/><counter type="METHOD" missed="0" covered="1"/></method><method name="tableCell" desc="(Ljava/lang/String;)V" line="993"><counter type="INSTRUCTION" missed="5" covered="0"/><counter type="LINE" missed="2" covered="0"/><counter type="COMPLEXITY" missed="1" covered="0"/><counter type="METHOD" missed="1" covered="0"/></method><method name="tableHeaderCell_" desc="()V" line="999"><counter type="INSTRUCTION" missed="0" covered="6"/><counter type="LINE" missed="0" covered="3"/><counter type="COMPLEXITY" missed="0" covered="1"/><counter type="METHOD" missed="0" covered="1"/></method><method name="tableHeaderCell" desc="()V" line="1007"><counter type="INSTRUCTION" missed="0" covered="52"/><counter type="LINE" missed="0" covered="12"/><counter type="COMPLEXITY" missed="0" covered="1"/><counter type="METHOD" missed="0" covered="1"/></method><method name="tableHeaderCell" desc="(Ljava/lang/String;)V" line="1024"><counter type="INSTRUCTION" missed="5" covered="0"/><counter type="LINE" missed="2" covered="0"/><counter type="COMPLEXITY" missed="1" covered="0"/><counter type="METHOD" missed="1" covered="0"/></method><method name="tableRow_" desc="()V" line="1030"><counter type="INSTRUCTION" missed="0" covered="6"/><counter type="LINE" missed="0" covered="3"/><counter type="COMPLEXITY" missed="0" covered="1"/><counter type="METHOD" missed="0" covered="1"/></method><method name="tableRow" desc="()V" line="1038"><counter type="INSTRUCTION" missed="0" covered="8"/><counter type="LINE" missed="0" covered="3"/><counter type="COMPLEXITY" missed="0" covered="1"/><counter type="METHOD" missed="0" covered="1"/></method><method name="tableRows_" desc="()V" line="1048"><counter type="INSTRUCTION" missed="0" covered="4"/><counter type="LINE" missed="0" covered="2"/><counter type="COMPLEXITY" missed="0" covered="1"/><counter type="METHOD" missed="0" covered="1"/></method><method name="tableRows" desc="([IZ)V" line="1055"><counter type="INSTRUCTION" missed="0" covered="10"/><counter type="LINE" missed="0" covered="3"/><counter type="COMPLEXITY" missed="0" covered="1"/><counter type="METHOD" missed="0" covered="1"/></method><method name="verbatim_" desc="()V" line="1067"><counter type="INSTRUCTION" missed="0" covered="12"/><counter type="LINE" missed="0" covered="6"/><counter type="COMPLEXITY" missed="0" covered="1"/><counter type="METHOD" missed="0" covered="1"/></method><method name="verbatim" desc="(Z)V" line="1082"><counter type="INSTRUCTION" missed="0" covered="119"/><counter type="LINE" missed="0" covered="26"/><counter type="COMPLEXITY" missed="0" covered="1"/><counter type="METHOD" missed="0" covered="1"/></method><method name="figure_" desc="()V" line="1120"><counter type="INSTRUCTION" missed="0" covered="11"/><counter type="LINE" missed="0" covered="5"/><counter type="COMPLEXITY" missed="0" covered="1"/><counter type="METHOD" missed="0" covered="1"/></method><method name="figure" desc="()V" line="1132"><counter type="INSTRUCTION" missed="0" covered="50"/><counter type="LINE" missed="0" covered="11"/><counter type="COMPLEXITY" missed="0" covered="1"/><counter type="METHOD" missed="0" covered="1"/></method><method name="figureCaption_" desc="()V" line="1150"><counter type="INSTRUCTION" missed="0" covered="4"/><counter type="LINE" missed="0" covered="2"/><counter type="COMPLEXITY" missed="0" covered="1"/><counter type="METHOD" missed="0" covered="1"/></method><method name="figureCaption" desc="()V" line="1156"><counter type="INSTRUCTION" missed="0" covered="5"/><counter type="LINE" missed="0" covered="2"/><counter type="COMPLEXITY" missed="0" covered="1"/><counter type="METHOD" missed="0" covered="1"/></method><method name="figureGraphics" desc="(Ljava/lang/String;)V" line="1166"><counter type="INSTRUCTION" missed="125" covered="95"/><counter type="BRANCH" missed="13" covered="9"/><counter type="LINE" missed="22" covered="26"/><counter type="COMPLEXITY" missed="11" covered="1"/><counter type="METHOD" missed="0" covered="1"/></method><method name="bold_" desc="()V" line="1272"><counter type="INSTRUCTION" missed="0" covered="4"/><counter type="LINE" missed="0" covered="2"/><counter type="COMPLEXITY" missed="0" covered="1"/><counter type="METHOD" missed="0" covered="1"/></method><method name="bold" desc="()V" line="1278"><counter type="INSTRUCTION" missed="0" covered="4"/><counter type="LINE" missed="0" covered="2"/><counter type="COMPLEXITY" missed="0" covered="1"/><counter type="METHOD" missed="0" covered="1"/></method><method name="italic_" desc="()V" line="1284"><counter type="INSTRUCTION" missed="0" covered="4"/><counter type="LINE" missed="0" covered="2"/><counter type="COMPLEXITY" missed="0" covered="1"/><counter type="METHOD" missed="0" covered="1"/></method><method name="italic" desc="()V" line="1290"><counter type="INSTRUCTION" missed="0" covered="4"/><counter type="LINE" missed="0" covered="2"/><counter type="COMPLEXITY" missed="0" covered="1"/><counter type="METHOD" missed="0" covered="1"/></method><method name="monospaced_" desc="()V" line="1296"><counter type="INSTRUCTION" missed="0" covered="5"/><counter type="LINE" missed="0" covered="2"/><counter type="COMPLEXITY" missed="0" covered="1"/><counter type="METHOD" missed="0" covered="1"/></method><method name="monospaced" desc="()V" line="1302"><counter type="INSTRUCTION" missed="0" covered="5"/><counter type="LINE" missed="0" covered="2"/><counter type="COMPLEXITY" missed="0" covered="1"/><counter type="METHOD" missed="0" covered="1"/></method><method name="link_" desc="()V" line="1312"><counter type="INSTRUCTION" missed="0" covered="13"/><counter type="LINE" missed="0" covered="5"/><counter type="COMPLEXITY" missed="0" covered="1"/><counter type="METHOD" missed="0" covered="1"/></method><method name="link" desc="(Ljava/lang/String;)V" line="1323"><counter type="INSTRUCTION" missed="5" covered="89"/><counter type="BRANCH" missed="3" covered="5"/><counter type="LINE" missed="1" covered="15"/><counter type="COMPLEXITY" missed="3" covered="2"/><counter type="METHOD" missed="0" covered="1"/></method><method name="anchor_" desc="()V" line="1350"><counter type="INSTRUCTION" missed="0" covered="27"/><counter type="BRANCH" missed="0" covered="2"/><counter type="LINE" missed="0" covered="9"/><counter type="COMPLEXITY" missed="0" covered="2"/><counter type="METHOD" missed="0" covered="1"/></method><method name="anchor" desc="(Ljava/lang/String;)V" line="1370"><counter type="INSTRUCTION" missed="28" covered="55"/><counter type="BRANCH" missed="3" covered="3"/><counter type="LINE" missed="4" covered="12"/><counter type="COMPLEXITY" missed="3" covered="1"/><counter type="METHOD" missed="0" covered="1"/></method><method name="lineBreak" desc="()V" line="1406"><counter type="INSTRUCTION" missed="1" covered="20"/><counter type="BRANCH" missed="3" covered="3"/><counter type="LINE" missed="1" covered="6"/><counter type="COMPLEXITY" missed="3" covered="1"/><counter type="METHOD" missed="0" covered="1"/></method><method name="nonBreakingSpace" desc="()V" line="1420"><counter type="INSTRUCTION" missed="0" covered="4"/><counter type="LINE" missed="0" covered="2"/><counter type="COMPLEXITY" missed="0" covered="1"/><counter type="METHOD" missed="0" covered="1"/></method><method name="pageBreak" desc="()V" line="1426"><counter type="INSTRUCTION" missed="0" covered="6"/><counter type="LINE" missed="0" covered="3"/><counter type="COMPLEXITY" missed="0" covered="1"/><counter type="METHOD" missed="0" covered="1"/></method><method name="horizontalRule" desc="()V" line="1433"><counter type="INSTRUCTION" missed="0" covered="31"/><counter type="LINE" missed="0" covered="11"/><counter type="COMPLEXITY" missed="0" covered="1"/><counter type="METHOD" missed="0" covered="1"/></method><method name="rawText" desc="(Ljava/lang/String;)V" line="1453"><counter type="INSTRUCTION" missed="46" covered="0"/><counter type="LINE" missed="10" covered="0"/><counter type="COMPLEXITY" missed="1" covered="0"/><counter type="METHOD" missed="1" covered="0"/></method><method name="text" desc="(Ljava/lang/String;)V" line="1469"><counter type="INSTRUCTION" missed="9" covered="161"/><counter type="BRANCH" missed="2" covered="11"/><counter type="LINE" missed="4" covered="40"/><counter type="COMPLEXITY" missed="2" covered="9"/><counter type="METHOD" missed="0" covered="1"/></method><method name="unknown" desc="(Ljava/lang/String;[Ljava/lang/Object;Lorg/apache/maven/doxia/sink/SinkEventAttributes;)V" line="1581"><counter type="INSTRUCTION" missed="16" covered="0"/><counter type="LINE" missed="3" covered="0"/><counter type="COMPLEXITY" missed="1" covered="0"/><counter type="METHOD" missed="1" covered="0"/></method><method name="init" desc="()V" line="1588"><counter type="INSTRUCTION" missed="0" covered="39"/><counter type="LINE" missed="0" covered="12"/><counter type="COMPLEXITY" missed="0" covered="1"/><counter type="METHOD" missed="0" covered="1"/></method><method name="writeStartElement" desc="(Ljava/lang/String;)V" line="1610"><counter type="INSTRUCTION" missed="4" covered="9"/><counter type="BRANCH" missed="1" covered="1"/><counter type="LINE" missed="1" covered="3"/><counter type="COMPLEXITY" missed="1" covered="1"/><counter type="METHOD" missed="0" covered="1"/></method><method name="writeAddAttribute" desc="(Ljava/lang/String;Ljava/lang/String;)V" line="1628"><counter type="INSTRUCTION" missed="5" covered="10"/><counter type="BRANCH" missed="1" covered="1"/><counter type="LINE" missed="1" covered="3"/><counter type="COMPLEXITY" missed="1" covered="1"/><counter type="METHOD" missed="0" covered="1"/></method><method name="writeAddAttribute" desc="(Ljava/lang/String;I)V" line="1646"><counter type="INSTRUCTION" missed="6" covered="11"/><counter type="BRANCH" missed="1" covered="1"/><counter type="LINE" missed="1" covered="3"/><counter type="COMPLEXITY" missed="1" covered="1"/><counter type="METHOD" missed="0" covered="1"/></method><method name="writeEndElement" desc="()V" line="1661"><counter type="INSTRUCTION" missed="3" covered="8"/><counter type="BRANCH" missed="1" covered="1"/><counter type="LINE" missed="1" covered="3"/><counter type="COMPLEXITY" missed="1" covered="1"/><counter type="METHOD" missed="0" covered="1"/></method><method name="write" desc="(Ljava/lang/String;)V" line="1678"><counter type="INSTRUCTION" missed="0" covered="5"/><counter type="LINE" missed="0" covered="2"/><counter type="COMPLEXITY" missed="0" covered="1"/><counter type="METHOD" missed="0" covered="1"/></method><method name="write" desc="(Ljava/lang/String;Z)V" line="1689"><counter type="INSTRUCTION" missed="0" covered="6"/><counter type="LINE" missed="0" covered="2"/><counter type="COMPLEXITY" missed="0" covered="1"/><counter type="METHOD" missed="0" covered="1"/></method><method name="write" desc="(Ljava/lang/String;ZZ)V" line="1701"><counter type="INSTRUCTION" missed="11" covered="65"/><counter type="BRANCH" missed="3" covered="11"/><counter type="LINE" missed="4" covered="18"/><counter type="COMPLEXITY" missed="3" covered="5"/><counter type="METHOD" missed="0" covered="1"/></method><method name="beautifyPhrase" desc="(Ljava/lang/String;)Ljava/lang/String;" line="1764"><counter type="INSTRUCTION" missed="0" covered="37"/><counter type="BRANCH" missed="1" covered="3"/><counter type="LINE" missed="0" covered="7"/><counter type="COMPLEXITY" missed="1" covered="2"/><counter type="METHOD" missed="0" covered="1"/></method><method name="startChunk" desc="(Ljava/lang/String;ILjava/lang/String;IIILjava/lang/String;)V" line="1781"><counter type="INSTRUCTION" missed="28" covered="0"/><counter type="LINE" missed="8" covered="0"/><counter type="COMPLEXITY" missed="1" covered="0"/><counter type="METHOD" missed="1" covered="0"/></method><method name="logMessage" desc="(Ljava/lang/String;Ljava/lang/String;)V" line="1801"><counter type="INSTRUCTION" missed="49" covered="0"/><counter type="BRANCH" missed="6" covered="0"/><counter type="LINE" missed="12" covered="0"/><counter type="COMPLEXITY" missed="4" covered="0"/><counter type="METHOD" missed="1" covered="0"/></method><counter type="INSTRUCTION" missed="415" covered="2478"/><counter type="BRANCH" missed="53" covered="67"/><counter type="LINE" missed="95" covered="677"/><counter type="COMPLEXITY" missed="54" covered="117"/><counter type="METHOD" missed="8" covered="98"/><counter type="CLASS" missed="0" covered="1"/></class><class name="org/apache/maven/doxia/module/itext/ITextUtil" sourcefilename="ITextUtil.java"><method name="&lt;init&gt;" desc="()V" line="40"><counter type="INSTRUCTION" missed="3" covered="0"/><counter type="LINE" missed="1" covered="0"/><counter type="COMPLEXITY" missed="1" covered="0"/><counter type="METHOD" missed="1" covered="0"/></method><method name="getDefaultPageSize" desc="()Lcom/lowagie/text/Rectangle;" line="51"><counter type="INSTRUCTION" missed="0" covered="19"/><counter type="BRANCH" missed="1" covered="5"/><counter type="LINE" missed="0" covered="6"/><counter type="COMPLEXITY" missed="1" covered="3"/><counter type="METHOD" missed="0" covered="1"/></method><method name="getPageSize" desc="(Lcom/lowagie/text/Rectangle;)Ljava/lang/String;" line="71"><counter type="INSTRUCTION" missed="3" covered="41"/><counter type="BRANCH" missed="2" covered="6"/><counter type="LINE" missed="2" covered="8"/><counter type="COMPLEXITY" missed="2" covered="3"/><counter type="METHOD" missed="0" covered="1"/></method><method name="isPageSizeSupported" desc="(Ljava/lang/String;)Z" line="104"><counter type="INSTRUCTION" missed="2" covered="27"/><counter type="BRANCH" missed="2" covered="4"/><counter type="LINE" missed="1" covered="6"/><counter type="COMPLEXITY" missed="2" covered="2"/><counter type="METHOD" missed="0" covered="1"/></method><method name="writePdf" desc="(Ljava/io/InputStream;Ljava/io/OutputStream;)V" line="130"><counter type="INSTRUCTION" missed="15" covered="10"/><counter type="LINE" missed="2" covered="4"/><counter type="COMPLEXITY" missed="0" covered="1"/><counter type="METHOD" missed="0" covered="1"/></method><method name="writeRtf" desc="(Ljava/io/InputStream;Ljava/io/OutputStream;)V" line="152"><counter type="INSTRUCTION" missed="15" covered="10"/><counter type="LINE" missed="2" covered="4"/><counter type="COMPLEXITY" missed="0" covered="1"/><counter type="METHOD" missed="0" covered="1"/></method><method name="writeHtml" desc="(Ljava/io/InputStream;Ljava/io/OutputStream;)V" line="173"><counter type="INSTRUCTION" missed="25" covered="0"/><counter type="LINE" missed="6" covered="0"/><counter type="COMPLEXITY" missed="1" covered="0"/><counter type="METHOD" missed="1" covered="0"/></method><counter type="INSTRUCTION" missed="63" covered="107"/><counter type="BRANCH" missed="5" covered="15"/><counter type="LINE" missed="14" covered="28"/><counter type="COMPLEXITY" missed="7" covered="10"/><counter type="METHOD" missed="2" covered="5"/><counter type="CLASS" missed="0" covered="1"/></class><class name="org/apache/maven/doxia/module/itext/ITextFont" sourcefilename="ITextFont.java"><method name="&lt;init&gt;" desc="()V" line="77"><counter type="INSTRUCTION" missed="0" covered="15"/><counter type="LINE" missed="0" covered="6"/><counter type="COMPLEXITY" missed="0" covered="1"/><counter type="METHOD" missed="0" covered="1"/></method><method name="addBold" desc="()V" line="98"><counter type="INSTRUCTION" missed="0" covered="7"/><counter type="LINE" missed="0" covered="2"/><counter type="COMPLEXITY" missed="0" covered="1"/><counter type="METHOD" missed="0" covered="1"/></method><method name="removeBold" desc="()V" line="106"><counter type="INSTRUCTION" missed="3" covered="10"/><counter type="BRANCH" missed="1" covered="1"/><counter type="LINE" missed="1" covered="3"/><counter type="COMPLEXITY" missed="1" covered="1"/><counter type="METHOD" missed="0" covered="1"/></method><method name="addItalic" desc="()V" line="118"><counter type="INSTRUCTION" missed="0" covered="7"/><counter type="LINE" missed="0" covered="2"/><counter type="COMPLEXITY" missed="0" covered="1"/><counter type="METHOD" missed="0" covered="1"/></method><method name="removeItalic" desc="()V" line="126"><counter type="INSTRUCTION" missed="3" covered="10"/><counter type="BRANCH" missed="1" covered="1"/><counter type="LINE" missed="1" covered="3"/><counter type="COMPLEXITY" missed="1" covered="1"/><counter type="METHOD" missed="0" covered="1"/></method><method name="addUnderlined" desc="()V" line="138"><counter type="INSTRUCTION" missed="0" covered="7"/><counter type="LINE" missed="0" covered="2"/><counter type="COMPLEXITY" missed="0" covered="1"/><counter type="METHOD" missed="0" covered="1"/></method><method name="removeUnderlined" desc="()V" line="146"><counter type="INSTRUCTION" missed="3" covered="10"/><counter type="BRANCH" missed="1" covered="1"/><counter type="LINE" missed="1" covered="3"/><counter type="COMPLEXITY" missed="1" covered="1"/><counter type="METHOD" missed="0" covered="1"/></method><method name="setMonoSpaced" desc="(Z)V" line="160"><counter type="INSTRUCTION" missed="0" covered="4"/><counter type="LINE" missed="0" covered="2"/><counter type="COMPLEXITY" missed="0" covered="1"/><counter type="METHOD" missed="0" covered="1"/></method><method name="setColor" desc="(Ljava/awt/Color;)V" line="170"><counter type="INSTRUCTION" missed="0" covered="4"/><counter type="LINE" missed="0" covered="2"/><counter type="COMPLEXITY" missed="0" covered="1"/><counter type="METHOD" missed="0" covered="1"/></method><method name="setSize" desc="(F)V" line="180"><counter type="INSTRUCTION" missed="0" covered="4"/><counter type="LINE" missed="0" covered="2"/><counter type="COMPLEXITY" missed="0" covered="1"/><counter type="METHOD" missed="0" covered="1"/></method><method name="getFontName" desc="()Ljava/lang/String;" line="190"><counter type="INSTRUCTION" missed="0" covered="6"/><counter type="LINE" missed="0" covered="2"/><counter type="COMPLEXITY" missed="0" covered="1"/><counter type="METHOD" missed="0" covered="1"/></method><method name="getFontStyle" desc="()Ljava/lang/String;" line="202"><counter type="INSTRUCTION" missed="16" covered="44"/><counter type="BRANCH" missed="2" covered="10"/><counter type="LINE" missed="4" covered="13"/><counter type="COMPLEXITY" missed="2" covered="5"/><counter type="METHOD" missed="0" covered="1"/></method><method name="getFontSize" desc="()Ljava/lang/String;" line="251"><counter type="INSTRUCTION" missed="0" covered="7"/><counter type="LINE" missed="0" covered="2"/><counter type="COMPLEXITY" missed="0" covered="1"/><counter type="METHOD" missed="0" covered="1"/></method><method name="getFontColorBlue" desc="()Ljava/lang/String;" line="263"><counter type="INSTRUCTION" missed="0" covered="8"/><counter type="LINE" missed="0" covered="2"/><counter type="COMPLEXITY" missed="0" covered="1"/><counter type="METHOD" missed="0" covered="1"/></method><method name="getFontColorGreen" desc="()Ljava/lang/String;" line="275"><counter type="INSTRUCTION" missed="0" covered="8"/><counter type="LINE" missed="0" covered="2"/><counter type="COMPLEXITY" missed="0" covered="1"/><counter type="METHOD" missed="0" covered="1"/></method><method name="getFontColorRed" desc="()Ljava/lang/String;" line="287"><counter type="INSTRUCTION" missed="0" covered="8"/><counter type="LINE" missed="0" covered="2"/><counter type="COMPLEXITY" missed="0" covered="1"/><counter type="METHOD" missed="0" covered="1"/></method><method name="getSectionFontSize" desc="(I)I" line="314"><counter type="INSTRUCTION" missed="0" covered="14"/><counter type="BRANCH" missed="0" covered="6"/><counter type="LINE" missed="0" covered="7"/><counter type="COMPLEXITY" missed="0" covered="6"/><counter type="METHOD" missed="0" covered="1"/></method><method name="getMonoSpacedFont" desc="(IFLjava/awt/Color;)Lcom/lowagie/text/Font;" line="349"><counter type="INSTRUCTION" missed="6" covered="11"/><counter type="LINE" missed="2" covered="1"/><counter type="COMPLEXITY" missed="0" covered="1"/><counter type="METHOD" missed="0" covered="1"/></method><method name="getFont" desc="(IFLjava/awt/Color;)Lcom/lowagie/text/Font;" line="367"><counter type="INSTRUCTION" missed="0" covered="18"/><counter type="LINE" missed="0" covered="6"/><counter type="COMPLEXITY" missed="0" covered="1"/><counter type="METHOD" missed="0" covered="1"/></method><method name="getCurrentFont" desc="()Lcom/lowagie/text/Font;" line="382"><counter type="INSTRUCTION" missed="0" covered="19"/><counter type="BRANCH" missed="0" covered="2"/><counter type="LINE" missed="0" covered="3"/><counter type="COMPLEXITY" missed="0" covered="2"/><counter type="METHOD" missed="0" covered="1"/></method><method name="&lt;clinit&gt;" desc="()V" line="62"><counter type="INSTRUCTION" missed="0" covered="10"/><counter type="LINE" missed="0" covered="3"/><counter type="COMPLEXITY" missed="0" covered="1"/><counter type="METHOD" missed="0" covered="1"/></method><counter type="INSTRUCTION" missed="31" covered="231"/><counter type="BRANCH" missed="5" covered="21"/><counter type="LINE" missed="9" covered="70"/><counter type="COMPLEXITY" missed="5" covered="31"/><counter type="METHOD" missed="0" covered="21"/><counter type="CLASS" missed="0" covered="1"/></class><class name="org/apache/maven/doxia/module/itext/ITextHeader" sourcefilename="ITextHeader.java"><method name="&lt;init&gt;" desc="()V" line="45"><counter type="INSTRUCTION" missed="0" covered="3"/><counter type="LINE" missed="0" covered="2"/><counter type="COMPLEXITY" missed="0" covered="1"/><counter type="METHOD" missed="0" covered="1"/></method><method name="setTitle" desc="(Ljava/lang/String;)V" line="56"><counter type="INSTRUCTION" missed="0" covered="4"/><counter type="LINE" missed="0" covered="2"/><counter type="COMPLEXITY" missed="0" covered="1"/><counter type="METHOD" missed="0" covered="1"/></method><method name="getTitle" desc="()Ljava/lang/String;" line="66"><counter type="INSTRUCTION" missed="2" covered="6"/><counter type="BRANCH" missed="1" covered="1"/><counter type="LINE" missed="1" covered="2"/><counter type="COMPLEXITY" missed="1" covered="1"/><counter type="METHOD" missed="0" covered="1"/></method><method name="addAuthor" desc="(Ljava/lang/String;)V" line="81"><counter type="INSTRUCTION" missed="5" covered="15"/><counter type="BRANCH" missed="1" covered="1"/><counter type="LINE" missed="1" covered="4"/><counter type="COMPLEXITY" missed="1" covered="1"/><counter type="METHOD" missed="0" covered="1"/></method><method name="getAuthors" desc="()Ljava/lang/String;" line="100"><counter type="INSTRUCTION" missed="3" covered="11"/><counter type="BRANCH" missed="2" covered="2"/><counter type="LINE" missed="1" covered="2"/><counter type="COMPLEXITY" missed="2" covered="1"/><counter type="METHOD" missed="0" covered="1"/></method><method name="setDate" desc="(Ljava/lang/String;)V" line="117"><counter type="INSTRUCTION" missed="8" covered="7"/><counter type="LINE" missed="2" covered="3"/><counter type="COMPLEXITY" missed="0" covered="1"/><counter type="METHOD" missed="0" covered="1"/></method><method name="getDate" desc="()Ljava/lang/String;" line="132"><counter type="INSTRUCTION" missed="6" covered="7"/><counter type="BRANCH" missed="1" covered="1"/><counter type="LINE" missed="1" covered="2"/><counter type="COMPLEXITY" missed="1" covered="1"/><counter type="METHOD" missed="0" covered="1"/></method><counter type="INSTRUCTION" missed="24" covered="53"/><counter type="BRANCH" missed="5" covered="5"/><counter type="LINE" missed="6" covered="17"/><counter type="COMPLEXITY" missed="5" covered="7"/><counter type="METHOD" missed="0" covered="7"/><counter type="CLASS" missed="0" covered="1"/></class><class name="org/apache/maven/doxia/module/itext/SinkActionContext" sourcefilename="SinkActionContext.java"><method name="&lt;init&gt;" desc="()V" line="30"><counter type="INSTRUCTION" missed="0" covered="8"/><counter type="LINE" missed="0" covered="2"/><counter type="COMPLEXITY" missed="0" covered="1"/><counter type="METHOD" missed="0" covered="1"/></method><method name="getCurrentAction" desc="()I" line="129"><counter type="INSTRUCTION" missed="2" covered="10"/><counter type="BRANCH" missed="1" covered="1"/><counter type="LINE" missed="1" covered="2"/><counter type="COMPLEXITY" missed="1" covered="1"/><counter type="METHOD" missed="0" covered="1"/></method><method name="release" desc="()V" line="145"><counter type="INSTRUCTION" missed="0" covered="5"/><counter type="LINE" missed="0" covered="2"/><counter type="COMPLEXITY" missed="0" covered="1"/><counter type="METHOD" missed="0" covered="1"/></method><method name="setAction" desc="(I)V" line="157"><counter type="INSTRUCTION" missed="0" covered="7"/><counter type="LINE" missed="0" covered="2"/><counter type="COMPLEXITY" missed="0" covered="1"/><counter type="METHOD" missed="0" covered="1"/></method><counter type="INSTRUCTION" missed="2" covered="30"/><counter type="BRANCH" missed="1" covered="1"/><counter type="LINE" missed="1" covered="8"/><counter type="COMPLEXITY" missed="1" covered="4"/><counter type="METHOD" missed="0" covered="4"/><counter type="CLASS" missed="0" covered="1"/></class><sourcefile name="ITextHeader.java"><line nr="45" mi="0" ci="2" mb="0" cb="0"/><line nr="47" mi="0" ci="1" mb="0" cb="0"/><line nr="56" mi="0" ci="3" mb="0" cb="0"/><line nr="57" mi="0" ci="1" mb="0" cb="0"/><line nr="66" mi="0" ci="3" mb="1" cb="1"/><line nr="68" mi="2" ci="0" mb="0" cb="0"/><line nr="71" mi="0" ci="3" mb="0" cb="0"/><line nr="81" mi="0" ci="3" mb="1" cb="1"/><line nr="83" mi="0" ci="6" mb="0" cb="0"/><line nr="87" mi="5" ci="0" mb="0" cb="0"/><line nr="90" mi="0" ci="5" mb="0" cb="0"/><line nr="91" mi="0" ci="1" mb="0" cb="0"/><line nr="100" mi="0" ci="7" mb="2" cb="2"/><line nr="102" mi="3" ci="0" mb="0" cb="0"/><line nr="105" mi="0" ci="4" mb="0" cb="0"/><line nr="117" mi="7" ci="0" mb="0" cb="0"/><line nr="119" mi="0" ci="1" mb="0" cb="0"/><line nr="121" mi="0" ci="5" mb="0" cb="0"/><line nr="122" mi="1" ci="0" mb="0" cb="0"/><line nr="123" mi="0" ci="1" mb="0" cb="0"/><line nr="132" mi="0" ci="3" mb="1" cb="1"/><line nr="134" mi="6" ci="0" mb="0" cb="0"/><line nr="137" mi="0" ci="4" mb="0" cb="0"/><counter type="INSTRUCTION" missed="24" covered="53"/><counter type="BRANCH" missed="5" covered="5"/><counter type="LINE" missed="6" covered="17"/><counter type="COMPLEXITY" missed="5" covered="7"/><counter type="METHOD" missed="0" covered="7"/><counter type="CLASS" missed="0" covered="1"/></sourcefile><sourcefile name="SinkActionContext.java"><line nr="30" mi="0" ci="2" mb="0" cb="0"/><line nr="117" mi="0" ci="6" mb="0" cb="0"/><line nr="129" mi="0" ci="4" mb="1" cb="1"/><line nr="131" mi="2" ci="0" mb="0" cb="0"/><line nr="135" mi="0" ci="6" mb="0" cb="0"/><line nr="145" mi="0" ci="4" mb="0" cb="0"/><line nr="146" mi="0" ci="1" mb="0" cb="0"/><line nr="157" mi="0" ci="6" mb="0" cb="0"/><line nr="158" mi="0" ci="1" mb="0" cb="0"/><counter type="INSTRUCTION" missed="2" covered="30"/><counter type="BRANCH" missed="1" covered="1"/><counter type="LINE" missed="1" covered="8"/><counter type="COMPLEXITY" missed="1" covered="4"/><counter type="METHOD" missed="0" covered="4"/><counter type="CLASS" missed="0" covered="1"/></sourcefile><sourcefile name="ITextFont.java"><line nr="62" mi="0" ci="3" mb="0" cb="0"/><line nr="65" mi="0" ci="3" mb="0" cb="0"/><line nr="68" mi="0" ci="4" mb="0" cb="0"/><line nr="77" mi="0" ci="3" mb="0" cb="0"/><line nr="79" mi="0" ci="3" mb="0" cb="0"/><line nr="81" mi="0" ci="3" mb="0" cb="0"/><line nr="83" mi="0" ci="3" mb="0" cb="0"/><line nr="89" mi="0" ci="2" mb="0" cb="0"/><line nr="91" mi="0" ci="1" mb="0" cb="0"/><line nr="98" mi="0" ci="6" mb="0" cb="0"/><line nr="99" mi="0" ci="1" mb="0" cb="0"/><line nr="106" mi="0" ci="6" mb="0" cb="0"/><line nr="107" mi="0" ci="3" mb="1" cb="1"/><line nr="109" mi="3" ci="0" mb="0" cb="0"/><line nr="111" mi="0" ci="1" mb="0" cb="0"/><line nr="118" mi="0" ci="6" mb="0" cb="0"/><line nr="119" mi="0" ci="1" mb="0" cb="0"/><line nr="126" mi="0" ci="6" mb="0" cb="0"/><line nr="127" mi="0" ci="3" mb="1" cb="1"/><line nr="129" mi="3" ci="0" mb="0" cb="0"/><line nr="131" mi="0" ci="1" mb="0" cb="0"/><line nr="138" mi="0" ci="6" mb="0" cb="0"/><line nr="139" mi="0" ci="1" mb="0" cb="0"/><line nr="146" mi="0" ci="6" mb="0" cb="0"/><line nr="147" mi="0" ci="3" mb="1" cb="1"/><line nr="149" mi="3" ci="0" mb="0" cb="0"/><line nr="151" mi="0" ci="1" mb="0" cb="0"/><line nr="160" mi="0" ci="3" mb="0" cb="0"/><line nr="161" mi="0" ci="1" mb="0" cb="0"/><line nr="170" mi="0" ci="3" mb="0" cb="0"/><line nr="171" mi="0" ci="1" mb="0" cb="0"/><line nr="180" mi="0" ci="3" mb="0" cb="0"/><line nr="181" mi="0" ci="1" mb="0" cb="0"/><line nr="190" mi="0" ci="3" mb="0" cb="0"/><line nr="192" mi="0" ci="3" mb="0" cb="0"/><line nr="202" mi="0" ci="3" mb="0" cb="0"/><line nr="203" mi="0" ci="4" mb="0" cb="0"/><line nr="205" mi="0" ci="3" mb="0" cb="2"/><line nr="207" mi="0" ci="4" mb="0" cb="0"/><line nr="210" mi="0" ci="3" mb="0" cb="2"/><line nr="212" mi="0" ci="3" mb="1" cb="1"/><line nr="214" mi="0" ci="5" mb="0" cb="0"/><line nr="218" mi="4" ci="0" mb="0" cb="0"/><line nr="219" mi="4" ci="0" mb="0" cb="0"/><line nr="223" mi="0" ci="3" mb="0" cb="2"/><line nr="225" mi="0" ci="3" mb="1" cb="1"/><line nr="227" mi="0" ci="5" mb="0" cb="0"/><line nr="231" mi="4" ci="0" mb="0" cb="0"/><line nr="232" mi="4" ci="0" mb="0" cb="0"/><line nr="236" mi="0" ci="3" mb="0" cb="2"/><line nr="238" mi="0" ci="2" mb="0" cb="0"/><line nr="241" mi="0" ci="3" mb="0" cb="0"/><line nr="251" mi="0" ci="3" mb="0" cb="0"/><line nr="253" mi="0" ci="4" mb="0" cb="0"/><line nr="263" mi="0" ci="3" mb="0" cb="0"/><line nr="265" mi="0" ci="5" mb="0" cb="0"/><line nr="275" mi="0" ci="3" mb="0" cb="0"/><line nr="277" mi="0" ci="5" mb="0" cb="0"/><line nr="287" mi="0" ci="3" mb="0" cb="0"/><line nr="289" mi="0" ci="5" mb="0" cb="0"/><line nr="314" mi="0" ci="2" mb="0" cb="6"/><line nr="317" mi="0" ci="2" mb="0" cb="0"/><line nr="320" mi="0" ci="2" mb="0" cb="0"/><line nr="323" mi="0" ci="2" mb="0" cb="0"/><line nr="326" mi="0" ci="2" mb="0" cb="0"/><line nr="329" mi="0" ci="2" mb="0" cb="0"/><line nr="333" mi="0" ci="2" mb="0" cb="0"/><line nr="349" mi="0" ci="11" mb="0" cb="0"/><line nr="351" mi="1" ci="0" mb="0" cb="0"/><line nr="353" mi="5" ci="0" mb="0" cb="0"/><line nr="367" mi="0" ci="4" mb="0" cb="0"/><line nr="368" mi="0" ci="3" mb="0" cb="0"/><line nr="369" mi="0" ci="3" mb="0" cb="0"/><line nr="370" mi="0" ci="3" mb="0" cb="0"/><line nr="371" mi="0" ci="3" mb="0" cb="0"/><line nr="372" mi="0" ci="2" mb="0" cb="0"/><line nr="382" mi="0" ci="3" mb="0" cb="2"/><line nr="384" mi="0" ci="8" mb="0" cb="0"/><line nr="387" mi="0" ci="8" mb="0" cb="0"/><counter type="INSTRUCTION" missed="31" covered="231"/><counter type="BRANCH" missed="5" covered="21"/><counter type="LINE" missed="9" covered="70"/><counter type="COMPLEXITY" missed="5" covered="31"/><counter type="METHOD" missed="0" covered="21"/><counter type="CLASS" missed="0" covered="1"/></sourcefile><sourcefile name="ITextUtil.java"><line nr="40" mi="3" ci="0" mb="0" cb="0"/><line nr="51" mi="0" ci="3" mb="0" cb="0"/><line nr="52" mi="0" ci="4" mb="1" cb="1"/><line nr="53" mi="0" ci="5" mb="0" cb="2"/><line nr="54" mi="0" ci="3" mb="0" cb="2"/><line nr="56" mi="0" ci="2" mb="0" cb="0"/><line nr="59" mi="0" ci="2" mb="0" cb="0"/><line nr="71" mi="0" ci="3" mb="0" cb="0"/><line nr="72" mi="0" ci="8" mb="1" cb="1"/><line nr="74" mi="0" ci="4" mb="0" cb="0"/><line nr="77" mi="0" ci="5" mb="1" cb="1"/><line nr="79" mi="0" ci="5" mb="0" cb="0"/><line nr="80" mi="0" ci="12" mb="0" cb="4"/><line nr="82" mi="0" ci="3" mb="0" cb="0"/><line nr="86" mi="1" ci="0" mb="0" cb="0"/><line nr="89" mi="0" ci="1" mb="0" cb="0"/><line nr="92" mi="2" ci="0" mb="0" cb="0"/><line nr="104" mi="0" ci="3" mb="0" cb="0"/><line nr="105" mi="0" ci="8" mb="1" cb="1"/><line nr="107" mi="0" ci="4" mb="0" cb="0"/><line nr="108" mi="0" ci="6" mb="0" cb="2"/><line nr="109" mi="0" ci="4" mb="1" cb="1"/><line nr="111" mi="0" ci="2" mb="0" cb="0"/><line nr="115" mi="2" ci="0" mb="0" cb="0"/><line nr="130" mi="0" ci="4" mb="0" cb="0"/><line nr="132" mi="0" ci="4" mb="0" cb="0"/><line nr="134" mi="1" ci="0" mb="0" cb="0"/><line nr="136" mi="14" ci="0" mb="0" cb="0"/><line nr="137" mi="0" ci="1" mb="0" cb="0"/><line nr="138" mi="0" ci="1" mb="0" cb="0"/><line nr="152" mi="0" ci="4" mb="0" cb="0"/><line nr="153" mi="0" ci="4" mb="0" cb="0"/><line nr="155" mi="1" ci="0" mb="0" cb="0"/><line nr="157" mi="14" ci="0" mb="0" cb="0"/><line nr="158" mi="0" ci="1" mb="0" cb="0"/><line nr="159" mi="0" ci="1" mb="0" cb="0"/><line nr="173" mi="4" ci="0" mb="0" cb="0"/><line nr="174" mi="4" ci="0" mb="0" cb="0"/><line nr="176" mi="1" ci="0" mb="0" cb="0"/><line nr="178" mi="14" ci="0" mb="0" cb="0"/><line nr="179" mi="1" ci="0" mb="0" cb="0"/><line nr="180" mi="1" ci="0" mb="0" cb="0"/><counter type="INSTRUCTION" missed="63" covered="107"/><counter type="BRANCH" missed="5" covered="15"/><counter type="LINE" missed="14" covered="28"/><counter type="COMPLEXITY" missed="7" covered="10"/><counter type="METHOD" missed="2" covered="5"/><counter type="CLASS" missed="0" covered="1"/></sourcefile><sourcefile name="ITextSinkFactory.java"><line nr="39" mi="3" ci="0" mb="0" cb="0"/><line nr="45" mi="6" ci="0" mb="0" cb="0"/><line nr="57" mi="5" ci="0" mb="0" cb="0"/><line nr="68" mi="2" ci="0" mb="2" cb="0"/><line nr="70" mi="5" ci="0" mb="0" cb="0"/><line nr="73" mi="5" ci="0" mb="0" cb="0"/><counter type="INSTRUCTION" missed="26" covered="0"/><counter type="BRANCH" missed="2" covered="0"/><counter type="LINE" missed="6" covered="0"/><counter type="COMPLEXITY" missed="5" covered="0"/><counter type="METHOD" missed="4" covered="0"/><counter type="CLASS" missed="1" covered="0"/></sourcefile><sourcefile name="ITextSink.java"><line nr="105" mi="0" ci="3" mb="0" cb="0"/><line nr="107" mi="0" ci="3" mb="0" cb="0"/><line nr="109" mi="0" ci="3" mb="0" cb="0"/><line nr="111" mi="0" ci="3" mb="0" cb="0"/><line nr="115" mi="0" ci="3" mb="0" cb="0"/><line nr="118" mi="0" ci="3" mb="0" cb="0"/><line nr="131" mi="0" ci="4" mb="0" cb="0"/><line nr="132" mi="0" ci="1" mb="0" cb="0"/><line nr="144" mi="0" ci="8" mb="0" cb="0"/><line nr="146" mi="0" ci="3" mb="0" cb="0"/><line nr="147" mi="0" ci="3" mb="0" cb="0"/><line nr="148" mi="0" ci="1" mb="0" cb="0"/><line nr="156" mi="0" ci="2" mb="0" cb="0"/><line nr="157" mi="0" ci="3" mb="0" cb="0"/><line nr="159" mi="0" ci="3" mb="0" cb="0"/><line nr="161" mi="0" ci="2" mb="0" cb="0"/><line nr="162" mi="0" ci="1" mb="0" cb="0"/><line nr="171" mi="0" ci="3" mb="0" cb="0"/><line nr="181" mi="0" ci="3" mb="0" cb="0"/><line nr="182" mi="0" ci="1" mb="0" cb="0"/><line nr="191" mi="0" ci="3" mb="0" cb="0"/><line nr="193" mi="0" ci="2" mb="0" cb="0"/><line nr="194" mi="0" ci="1" mb="0" cb="0"/><line nr="199" mi="0" ci="7" mb="2" cb="2"/><line nr="201" mi="12" ci="0" mb="2" cb="0"/><line nr="203" mi="12" ci="0" mb="2" cb="0"/><line nr="205" mi="4" ci="0" mb="0" cb="0"/><line nr="206" mi="1" ci="0" mb="0" cb="0"/><line nr="207" mi="1" ci="0" mb="0" cb="0"/><line nr="210" mi="0" ci="3" mb="0" cb="0"/><line nr="211" mi="0" ci="1" mb="0" cb="0"/><line nr="220" mi="0" ci="3" mb="0" cb="0"/><line nr="221" mi="0" ci="1" mb="0" cb="0"/><line nr="228" mi="0" ci="4" mb="0" cb="0"/><line nr="229" mi="0" ci="1" mb="0" cb="0"/><line nr="234" mi="0" ci="3" mb="0" cb="0"/><line nr="235" mi="0" ci="1" mb="0" cb="0"/><line nr="240" mi="0" ci="4" mb="0" cb="0"/><line nr="241" mi="0" ci="1" mb="0" cb="0"/><line nr="246" mi="0" ci="3" mb="0" cb="0"/><line nr="247" mi="0" ci="1" mb="0" cb="0"/><line nr="252" mi="0" ci="4" mb="0" cb="0"/><line nr="253" mi="0" ci="1" mb="0" cb="0"/><line nr="258" mi="0" ci="3" mb="0" cb="0"/><line nr="259" mi="0" ci="1" mb="0" cb="0"/><line nr="264" mi="0" ci="4" mb="0" cb="0"/><line nr="265" mi="0" ci="1" mb="0" cb="0"/><line nr="274" mi="0" ci="3" mb="1" cb="1"/><line nr="276" mi="0" ci="2" mb="0" cb="0"/><line nr="278" mi="0" ci="2" mb="0" cb="0"/><line nr="281" mi="0" ci="3" mb="0" cb="0"/><line nr="282" mi="0" ci="1" mb="0" cb="0"/><line nr="287" mi="0" ci="3" mb="1" cb="1"/><line nr="289" mi="0" ci="3" mb="0" cb="0"/><line nr="290" mi="0" ci="6" mb="0" cb="0"/><line nr="291" mi="0" ci="6" mb="0" cb="0"/><line nr="292" mi="0" ci="6" mb="0" cb="0"/><line nr="293" mi="0" ci="6" mb="0" cb="0"/><line nr="294" mi="0" ci="4" mb="0" cb="0"/><line nr="295" mi="0" ci="12" mb="0" cb="0"/><line nr="296" mi="0" ci="5" mb="0" cb="0"/><line nr="298" mi="0" ci="3" mb="0" cb="0"/><line nr="299" mi="0" ci="5" mb="0" cb="0"/><line nr="300" mi="0" ci="5" mb="0" cb="0"/><line nr="301" mi="0" ci="4" mb="0" cb="0"/><line nr="303" mi="0" ci="3" mb="0" cb="0"/><line nr="304" mi="0" ci="4" mb="0" cb="0"/><line nr="305" mi="0" ci="4" mb="0" cb="0"/><line nr="306" mi="0" ci="5" mb="0" cb="0"/><line nr="307" mi="0" ci="4" mb="0" cb="0"/><line nr="308" mi="0" ci="4" mb="0" cb="0"/><line nr="309" mi="0" ci="4" mb="0" cb="0"/><line nr="310" mi="0" ci="4" mb="0" cb="0"/><line nr="311" mi="0" ci="4" mb="0" cb="0"/><line nr="317" mi="0" ci="3" mb="0" cb="0"/><line nr="318" mi="0" ci="4" mb="0" cb="0"/><line nr="319" mi="0" ci="5" mb="0" cb="0"/><line nr="320" mi="0" ci="4" mb="0" cb="0"/><line nr="321" mi="0" ci="4" mb="0" cb="0"/><line nr="322" mi="0" ci="4" mb="0" cb="0"/><line nr="323" mi="0" ci="4" mb="0" cb="0"/><line nr="326" mi="0" ci="5" mb="0" cb="0"/><line nr="328" mi="0" ci="2" mb="0" cb="0"/><line nr="330" mi="0" ci="2" mb="0" cb="0"/><line nr="333" mi="0" ci="4" mb="0" cb="0"/><line nr="334" mi="0" ci="1" mb="0" cb="0"/><line nr="343" mi="3" ci="0" mb="0" cb="0"/><line nr="344" mi="1" ci="0" mb="0" cb="0"/><line nr="349" mi="4" ci="0" mb="0" cb="0"/><line nr="350" mi="1" ci="0" mb="0" cb="0"/><line nr="355" mi="0" ci="2" mb="0" cb="0"/><line nr="357" mi="0" ci="6" mb="0" cb="0"/><line nr="358" mi="0" ci="3" mb="0" cb="0"/><line nr="360" mi="0" ci="3" mb="0" cb="0"/><line nr="361" mi="0" ci="1" mb="0" cb="0"/><line nr="366" mi="0" ci="6" mb="0" cb="0"/><line nr="367" mi="0" ci="3" mb="0" cb="0"/><line nr="369" mi="0" ci="3" mb="0" cb="0"/><line nr="370" mi="0" ci="5" mb="0" cb="0"/><line nr="371" mi="0" ci="5" mb="0" cb="0"/><line nr="372" mi="0" ci="4" mb="0" cb="0"/><line nr="374" mi="0" ci="2" mb="0" cb="0"/><line nr="376" mi="0" ci="4" mb="0" cb="0"/><line nr="377" mi="0" ci="1" mb="0" cb="0"/><line nr="382" mi="0" ci="2" mb="0" cb="0"/><line nr="384" mi="0" ci="4" mb="0" cb="0"/><line nr="385" mi="0" ci="2" mb="0" cb="0"/><line nr="387" mi="0" ci="3" mb="0" cb="0"/><line nr="388" mi="0" ci="1" mb="0" cb="0"/><line nr="393" mi="0" ci="6" mb="0" cb="0"/><line nr="394" mi="0" ci="4" mb="0" cb="0"/><line nr="395" mi="0" ci="2" mb="0" cb="0"/><line nr="397" mi="0" ci="3" mb="0" cb="0"/><line nr="398" mi="0" ci="4" mb="0" cb="0"/><line nr="399" mi="0" ci="6" mb="0" cb="0"/><line nr="400" mi="0" ci="6" mb="0" cb="0"/><line nr="401" mi="0" ci="6" mb="0" cb="0"/><line nr="402" mi="0" ci="6" mb="0" cb="0"/><line nr="403" mi="0" ci="6" mb="0" cb="0"/><line nr="404" mi="0" ci="6" mb="0" cb="0"/><line nr="407" mi="0" ci="4" mb="0" cb="0"/><line nr="408" mi="0" ci="1" mb="0" cb="0"/><line nr="413" mi="0" ci="2" mb="0" cb="0"/><line nr="415" mi="0" ci="6" mb="0" cb="0"/><line nr="416" mi="0" ci="3" mb="0" cb="0"/><line nr="418" mi="0" ci="3" mb="0" cb="0"/><line nr="419" mi="0" ci="1" mb="0" cb="0"/><line nr="424" mi="0" ci="6" mb="0" cb="0"/><line nr="425" mi="0" ci="3" mb="0" cb="0"/><line nr="427" mi="0" ci="3" mb="0" cb="0"/><line nr="428" mi="0" ci="5" mb="0" cb="0"/><line nr="429" mi="0" ci="5" mb="0" cb="0"/><line nr="430" mi="0" ci="4" mb="0" cb="0"/><line nr="432" mi="0" ci="2" mb="0" cb="0"/><line nr="434" mi="0" ci="4" mb="0" cb="0"/><line nr="435" mi="0" ci="1" mb="0" cb="0"/><line nr="440" mi="0" ci="2" mb="0" cb="0"/><line nr="442" mi="0" ci="4" mb="0" cb="0"/><line nr="443" mi="0" ci="2" mb="0" cb="0"/><line nr="445" mi="0" ci="3" mb="0" cb="0"/><line nr="446" mi="0" ci="1" mb="0" cb="0"/><line nr="451" mi="0" ci="6" mb="0" cb="0"/><line nr="452" mi="0" ci="4" mb="0" cb="0"/><line nr="453" mi="0" ci="2" mb="0" cb="0"/><line nr="455" mi="0" ci="3" mb="0" cb="0"/><line nr="456" mi="0" ci="4" mb="0" cb="0"/><line nr="457" mi="0" ci="6" mb="0" cb="0"/><line nr="458" mi="0" ci="6" mb="0" cb="0"/><line nr="459" mi="0" ci="6" mb="0" cb="0"/><line nr="460" mi="0" ci="6" mb="0" cb="0"/><line nr="461" mi="0" ci="6" mb="0" cb="0"/><line nr="462" mi="0" ci="6" mb="0" cb="0"/><line nr="465" mi="0" ci="4" mb="0" cb="0"/><line nr="466" mi="0" ci="1" mb="0" cb="0"/><line nr="471" mi="0" ci="2" mb="0" cb="0"/><line nr="473" mi="0" ci="6" mb="0" cb="0"/><line nr="474" mi="0" ci="3" mb="0" cb="0"/><line nr="476" mi="0" ci="3" mb="0" cb="0"/><line nr="477" mi="0" ci="1" mb="0" cb="0"/><line nr="482" mi="0" ci="6" mb="0" cb="0"/><line nr="483" mi="0" ci="3" mb="0" cb="0"/><line nr="485" mi="0" ci="3" mb="0" cb="0"/><line nr="486" mi="0" ci="5" mb="0" cb="0"/><line nr="487" mi="0" ci="5" mb="0" cb="0"/><line nr="488" mi="0" ci="4" mb="0" cb="0"/><line nr="490" mi="0" ci="2" mb="0" cb="0"/><line nr="492" mi="0" ci="4" mb="0" cb="0"/><line nr="493" mi="0" ci="1" mb="0" cb="0"/><line nr="498" mi="0" ci="2" mb="0" cb="0"/><line nr="500" mi="0" ci="4" mb="0" cb="0"/><line nr="501" mi="0" ci="2" mb="0" cb="0"/><line nr="503" mi="0" ci="3" mb="0" cb="0"/><line nr="504" mi="0" ci="1" mb="0" cb="0"/><line nr="509" mi="0" ci="6" mb="0" cb="0"/><line nr="510" mi="0" ci="4" mb="0" cb="0"/><line nr="511" mi="0" ci="2" mb="0" cb="0"/><line nr="513" mi="0" ci="3" mb="0" cb="0"/><line nr="514" mi="0" ci="4" mb="0" cb="0"/><line nr="515" mi="0" ci="6" mb="0" cb="0"/><line nr="516" mi="0" ci="6" mb="0" cb="0"/><line nr="517" mi="0" ci="6" mb="0" cb="0"/><line nr="518" mi="0" ci="6" mb="0" cb="0"/><line nr="519" mi="0" ci="6" mb="0" cb="0"/><line nr="520" mi="0" ci="6" mb="0" cb="0"/><line nr="523" mi="0" ci="4" mb="0" cb="0"/><line nr="524" mi="0" ci="1" mb="0" cb="0"/><line nr="529" mi="0" ci="2" mb="0" cb="0"/><line nr="531" mi="0" ci="6" mb="0" cb="0"/><line nr="532" mi="0" ci="3" mb="0" cb="0"/><line nr="534" mi="0" ci="3" mb="0" cb="0"/><line nr="535" mi="0" ci="1" mb="0" cb="0"/><line nr="540" mi="0" ci="6" mb="0" cb="0"/><line nr="541" mi="0" ci="3" mb="0" cb="0"/><line nr="543" mi="0" ci="3" mb="0" cb="0"/><line nr="544" mi="0" ci="5" mb="0" cb="0"/><line nr="545" mi="0" ci="5" mb="0" cb="0"/><line nr="546" mi="0" ci="4" mb="0" cb="0"/><line nr="548" mi="0" ci="2" mb="0" cb="0"/><line nr="550" mi="0" ci="4" mb="0" cb="0"/><line nr="551" mi="0" ci="1" mb="0" cb="0"/><line nr="556" mi="0" ci="2" mb="0" cb="0"/><line nr="558" mi="0" ci="4" mb="0" cb="0"/><line nr="559" mi="0" ci="2" mb="0" cb="0"/><line nr="561" mi="0" ci="3" mb="0" cb="0"/><line nr="562" mi="0" ci="1" mb="0" cb="0"/><line nr="567" mi="0" ci="6" mb="0" cb="0"/><line nr="568" mi="0" ci="4" mb="0" cb="0"/><line nr="569" mi="0" ci="2" mb="0" cb="0"/><line nr="571" mi="0" ci="3" mb="0" cb="0"/><line nr="572" mi="0" ci="4" mb="0" cb="0"/><line nr="573" mi="0" ci="6" mb="0" cb="0"/><line nr="574" mi="0" ci="6" mb="0" cb="0"/><line nr="575" mi="0" ci="6" mb="0" cb="0"/><line nr="576" mi="0" ci="6" mb="0" cb="0"/><line nr="577" mi="0" ci="6" mb="0" cb="0"/><line nr="578" mi="0" ci="6" mb="0" cb="0"/><line nr="581" mi="0" ci="4" mb="0" cb="0"/><line nr="582" mi="0" ci="1" mb="0" cb="0"/><line nr="587" mi="0" ci="2" mb="0" cb="0"/><line nr="589" mi="0" ci="6" mb="0" cb="0"/><line nr="590" mi="0" ci="3" mb="0" cb="0"/><line nr="592" mi="0" ci="3" mb="0" cb="0"/><line nr="593" mi="0" ci="1" mb="0" cb="0"/><line nr="598" mi="0" ci="6" mb="0" cb="0"/><line nr="599" mi="0" ci="3" mb="0" cb="0"/><line nr="601" mi="0" ci="3" mb="0" cb="0"/><line nr="602" mi="0" ci="5" mb="0" cb="0"/><line nr="603" mi="0" ci="5" mb="0" cb="0"/><line nr="604" mi="0" ci="4" mb="0" cb="0"/><line nr="606" mi="0" ci="2" mb="0" cb="0"/><line nr="608" mi="0" ci="4" mb="0" cb="0"/><line nr="609" mi="0" ci="1" mb="0" cb="0"/><line nr="614" mi="0" ci="2" mb="0" cb="0"/><line nr="616" mi="0" ci="4" mb="0" cb="0"/><line nr="617" mi="0" ci="2" mb="0" cb="0"/><line nr="619" mi="0" ci="3" mb="0" cb="0"/><line nr="620" mi="0" ci="1" mb="0" cb="0"/><line nr="625" mi="0" ci="6" mb="0" cb="0"/><line nr="626" mi="0" ci="4" mb="0" cb="0"/><line nr="627" mi="0" ci="2" mb="0" cb="0"/><line nr="629" mi="0" ci="3" mb="0" cb="0"/><line nr="630" mi="0" ci="4" mb="0" cb="0"/><line nr="631" mi="0" ci="6" mb="0" cb="0"/><line nr="632" mi="0" ci="6" mb="0" cb="0"/><line nr="633" mi="0" ci="6" mb="0" cb="0"/><line nr="634" mi="0" ci="6" mb="0" cb="0"/><line nr="635" mi="0" ci="6" mb="0" cb="0"/><line nr="636" mi="0" ci="6" mb="0" cb="0"/><line nr="639" mi="0" ci="4" mb="0" cb="0"/><line nr="640" mi="0" ci="1" mb="0" cb="0"/><line nr="650" mi="0" ci="7" mb="0" cb="2"/><line nr="651" mi="0" ci="5" mb="1" cb="1"/><line nr="652" mi="0" ci="3" mb="1" cb="1"/><line nr="654" mi="0" ci="1" mb="0" cb="0"/><line nr="657" mi="0" ci="2" mb="0" cb="0"/><line nr="659" mi="0" ci="3" mb="0" cb="0"/><line nr="660" mi="0" ci="1" mb="0" cb="0"/><line nr="666" mi="0" ci="7" mb="0" cb="2"/><line nr="667" mi="0" ci="5" mb="1" cb="1"/><line nr="668" mi="0" ci="3" mb="1" cb="1"/><line nr="670" mi="0" ci="1" mb="0" cb="0"/><line nr="673" mi="0" ci="3" mb="0" cb="0"/><line nr="674" mi="0" ci="3" mb="0" cb="0"/><line nr="675" mi="0" ci="2" mb="0" cb="0"/><line nr="677" mi="0" ci="4" mb="0" cb="0"/><line nr="678" mi="0" ci="1" mb="0" cb="0"/><line nr="687" mi="0" ci="2" mb="0" cb="0"/><line nr="689" mi="0" ci="2" mb="0" cb="0"/><line nr="691" mi="0" ci="3" mb="0" cb="0"/><line nr="692" mi="0" ci="1" mb="0" cb="0"/><line nr="697" mi="0" ci="3" mb="0" cb="0"/><line nr="698" mi="0" ci="6" mb="0" cb="0"/><line nr="699" mi="0" ci="6" mb="0" cb="0"/><line nr="700" mi="0" ci="6" mb="0" cb="0"/><line nr="701" mi="0" ci="6" mb="0" cb="0"/><line nr="702" mi="0" ci="6" mb="0" cb="0"/><line nr="703" mi="0" ci="6" mb="0" cb="0"/><line nr="705" mi="0" ci="3" mb="0" cb="0"/><line nr="706" mi="0" ci="5" mb="0" cb="0"/><line nr="707" mi="0" ci="4" mb="0" cb="0"/><line nr="709" mi="0" ci="4" mb="0" cb="0"/><line nr="710" mi="0" ci="1" mb="0" cb="0"/><line nr="715" mi="0" ci="2" mb="0" cb="0"/><line nr="717" mi="0" ci="3" mb="0" cb="0"/><line nr="718" mi="0" ci="1" mb="0" cb="0"/><line nr="723" mi="0" ci="3" mb="0" cb="0"/><line nr="724" mi="0" ci="4" mb="0" cb="0"/><line nr="726" mi="0" ci="4" mb="0" cb="0"/><line nr="727" mi="0" ci="1" mb="0" cb="0"/><line nr="732" mi="0" ci="2" mb="0" cb="0"/><line nr="734" mi="0" ci="2" mb="0" cb="0"/><line nr="736" mi="0" ci="3" mb="0" cb="0"/><line nr="737" mi="0" ci="1" mb="0" cb="0"/><line nr="742" mi="0" ci="3" mb="0" cb="0"/><line nr="743" mi="0" ci="6" mb="0" cb="0"/><line nr="744" mi="0" ci="6" mb="0" cb="0"/><line nr="745" mi="0" ci="6" mb="0" cb="0"/><line nr="746" mi="0" ci="6" mb="0" cb="0"/><line nr="747" mi="0" ci="6" mb="0" cb="0"/><line nr="748" mi="0" ci="6" mb="0" cb="0"/><line nr="750" mi="0" ci="3" mb="0" cb="0"/><line nr="751" mi="0" ci="5" mb="0" cb="0"/><line nr="752" mi="0" ci="4" mb="0" cb="0"/><line nr="754" mi="0" ci="2" mb="3" cb="2"/><line nr="757" mi="0" ci="5" mb="0" cb="0"/><line nr="758" mi="0" ci="4" mb="0" cb="0"/><line nr="759" mi="0" ci="1" mb="0" cb="0"/><line nr="762" mi="5" ci="0" mb="0" cb="0"/><line nr="763" mi="4" ci="0" mb="0" cb="0"/><line nr="764" mi="1" ci="0" mb="0" cb="0"/><line nr="768" mi="5" ci="0" mb="0" cb="0"/><line nr="769" mi="4" ci="0" mb="0" cb="0"/><line nr="770" mi="1" ci="0" mb="0" cb="0"/><line nr="773" mi="5" ci="0" mb="0" cb="0"/><line nr="774" mi="4" ci="0" mb="0" cb="0"/><line nr="775" mi="1" ci="0" mb="0" cb="0"/><line nr="779" mi="0" ci="5" mb="0" cb="0"/><line nr="782" mi="0" ci="4" mb="0" cb="0"/><line nr="783" mi="0" ci="1" mb="0" cb="0"/><line nr="788" mi="0" ci="2" mb="0" cb="0"/><line nr="790" mi="0" ci="3" mb="0" cb="0"/><line nr="791" mi="0" ci="1" mb="0" cb="0"/><line nr="796" mi="0" ci="3" mb="0" cb="0"/><line nr="797" mi="0" ci="4" mb="0" cb="0"/><line nr="799" mi="0" ci="4" mb="0" cb="0"/><line nr="800" mi="0" ci="1" mb="0" cb="0"/><line nr="805" mi="0" ci="3" mb="0" cb="0"/><line nr="806" mi="0" ci="1" mb="0" cb="0"/><line nr="811" mi="0" ci="2" mb="0" cb="0"/><line nr="813" mi="0" ci="4" mb="0" cb="0"/><line nr="814" mi="0" ci="1" mb="0" cb="0"/><line nr="819" mi="0" ci="4" mb="0" cb="0"/><line nr="820" mi="0" ci="2" mb="0" cb="0"/><line nr="822" mi="0" ci="2" mb="0" cb="0"/><line nr="824" mi="0" ci="3" mb="0" cb="0"/><line nr="826" mi="0" ci="2" mb="0" cb="0"/><line nr="827" mi="0" ci="1" mb="0" cb="0"/><line nr="832" mi="0" ci="4" mb="0" cb="0"/><line nr="833" mi="0" ci="2" mb="0" cb="0"/><line nr="835" mi="0" ci="3" mb="0" cb="0"/><line nr="836" mi="0" ci="6" mb="0" cb="0"/><line nr="837" mi="0" ci="6" mb="0" cb="0"/><line nr="838" mi="0" ci="6" mb="0" cb="0"/><line nr="839" mi="0" ci="6" mb="0" cb="0"/><line nr="840" mi="0" ci="6" mb="0" cb="0"/><line nr="841" mi="0" ci="6" mb="0" cb="0"/><line nr="843" mi="0" ci="4" mb="0" cb="0"/><line nr="844" mi="0" ci="1" mb="0" cb="0"/><line nr="849" mi="0" ci="2" mb="0" cb="0"/><line nr="851" mi="0" ci="3" mb="0" cb="0"/><line nr="853" mi="0" ci="2" mb="0" cb="0"/><line nr="854" mi="0" ci="1" mb="0" cb="0"/><line nr="859" mi="0" ci="3" mb="0" cb="0"/><line nr="860" mi="0" ci="6" mb="0" cb="0"/><line nr="861" mi="0" ci="6" mb="0" cb="0"/><line nr="862" mi="0" ci="6" mb="0" cb="0"/><line nr="863" mi="0" ci="6" mb="0" cb="0"/><line nr="864" mi="0" ci="6" mb="0" cb="0"/><line nr="865" mi="0" ci="6" mb="0" cb="0"/><line nr="868" mi="0" ci="3" mb="0" cb="0"/><line nr="869" mi="0" ci="6" mb="0" cb="0"/><line nr="870" mi="0" ci="6" mb="0" cb="0"/><line nr="871" mi="0" ci="6" mb="0" cb="0"/><line nr="872" mi="0" ci="6" mb="0" cb="0"/><line nr="873" mi="0" ci="6" mb="0" cb="0"/><line nr="874" mi="0" ci="6" mb="0" cb="0"/><line nr="877" mi="0" ci="14" mb="0" cb="0"/><line nr="879" mi="0" ci="2" mb="0" cb="0"/><line nr="881" mi="0" ci="4" mb="0" cb="0"/><line nr="882" mi="0" ci="1" mb="0" cb="0"/><line nr="887" mi="0" ci="3" mb="0" cb="0"/><line nr="888" mi="0" ci="1" mb="0" cb="0"/><line nr="893" mi="0" ci="4" mb="0" cb="0"/><line nr="894" mi="0" ci="1" mb="0" cb="0"/><line nr="903" mi="0" ci="3" mb="0" cb="2"/><line nr="905" mi="0" ci="3" mb="0" cb="0"/><line nr="907" mi="0" ci="2" mb="0" cb="0"/><line nr="909" mi="0" ci="2" mb="0" cb="0"/><line nr="911" mi="0" ci="3" mb="0" cb="0"/><line nr="912" mi="0" ci="4" mb="0" cb="0"/><line nr="914" mi="0" ci="6" mb="0" cb="0"/><line nr="916" mi="0" ci="2" mb="0" cb="0"/><line nr="918" mi="0" ci="4" mb="0" cb="0"/><line nr="922" mi="0" ci="2" mb="0" cb="0"/><line nr="924" mi="0" ci="2" mb="0" cb="0"/><line nr="926" mi="0" ci="3" mb="0" cb="0"/><line nr="927" mi="0" ci="1" mb="0" cb="0"/><line nr="932" mi="0" ci="3" mb="0" cb="0"/><line nr="933" mi="0" ci="6" mb="0" cb="0"/><line nr="934" mi="0" ci="6" mb="0" cb="0"/><line nr="935" mi="0" ci="6" mb="0" cb="0"/><line nr="936" mi="0" ci="6" mb="0" cb="0"/><line nr="937" mi="0" ci="6" mb="0" cb="0"/><line nr="938" mi="0" ci="6" mb="0" cb="0"/><line nr="940" mi="0" ci="3" mb="0" cb="0"/><line nr="941" mi="0" ci="5" mb="0" cb="0"/><line nr="942" mi="0" ci="5" mb="0" cb="0"/><line nr="943" mi="0" ci="5" mb="0" cb="0"/><line nr="944" mi="0" ci="5" mb="0" cb="0"/><line nr="945" mi="0" ci="4" mb="0" cb="0"/><line nr="946" mi="0" ci="4" mb="0" cb="0"/><line nr="947" mi="0" ci="5" mb="0" cb="0"/><line nr="948" mi="0" ci="5" mb="0" cb="0"/><line nr="949" mi="0" ci="4" mb="0" cb="0"/><line nr="952" mi="0" ci="4" mb="0" cb="0"/><line nr="953" mi="0" ci="1" mb="0" cb="0"/><line nr="958" mi="0" ci="3" mb="0" cb="0"/><line nr="959" mi="0" ci="1" mb="0" cb="0"/><line nr="964" mi="0" ci="5" mb="0" cb="0"/><line nr="965" mi="0" ci="7" mb="0" cb="0"/><line nr="966" mi="0" ci="4" mb="0" cb="0"/><line nr="967" mi="0" ci="1" mb="0" cb="0"/><line nr="972" mi="0" ci="2" mb="0" cb="0"/><line nr="974" mi="0" ci="3" mb="0" cb="0"/><line nr="975" mi="0" ci="1" mb="0" cb="0"/><line nr="980" mi="0" ci="3" mb="0" cb="0"/><line nr="981" mi="0" ci="5" mb="0" cb="0"/><line nr="982" mi="0" ci="5" mb="0" cb="0"/><line nr="983" mi="0" ci="5" mb="0" cb="0"/><line nr="984" mi="0" ci="5" mb="0" cb="0"/><line nr="985" mi="0" ci="4" mb="0" cb="0"/><line nr="987" mi="0" ci="4" mb="0" cb="0"/><line nr="988" mi="0" ci="1" mb="0" cb="0"/><line nr="993" mi="4" ci="0" mb="0" cb="0"/><line nr="994" mi="1" ci="0" mb="0" cb="0"/><line nr="999" mi="0" ci="2" mb="0" cb="0"/><line nr="1001" mi="0" ci="3" mb="0" cb="0"/><line nr="1002" mi="0" ci="1" mb="0" cb="0"/><line nr="1007" mi="0" ci="3" mb="0" cb="0"/><line nr="1008" mi="0" ci="5" mb="0" cb="0"/><line nr="1009" mi="0" ci="5" mb="0" cb="0"/><line nr="1010" mi="0" ci="5" mb="0" cb="0"/><line nr="1011" mi="0" ci="5" mb="0" cb="0"/><line nr="1012" mi="0" ci="5" mb="0" cb="0"/><line nr="1013" mi="0" ci="5" mb="0" cb="0"/><line nr="1014" mi="0" ci="5" mb="0" cb="0"/><line nr="1015" mi="0" ci="5" mb="0" cb="0"/><line nr="1016" mi="0" ci="4" mb="0" cb="0"/><line nr="1018" mi="0" ci="4" mb="0" cb="0"/><line nr="1019" mi="0" ci="1" mb="0" cb="0"/><line nr="1024" mi="4" ci="0" mb="0" cb="0"/><line nr="1025" mi="1" ci="0" mb="0" cb="0"/><line nr="1030" mi="0" ci="2" mb="0" cb="0"/><line nr="1032" mi="0" ci="3" mb="0" cb="0"/><line nr="1033" mi="0" ci="1" mb="0" cb="0"/><line nr="1038" mi="0" ci="3" mb="0" cb="0"/><line nr="1040" mi="0" ci="4" mb="0" cb="0"/><line nr="1041" mi="0" ci="1" mb="0" cb="0"/><line nr="1048" mi="0" ci="3" mb="0" cb="0"/><line nr="1049" mi="0" ci="1" mb="0" cb="0"/><line nr="1055" mi="0" ci="5" mb="0" cb="0"/><line nr="1057" mi="0" ci="4" mb="0" cb="0"/><line nr="1058" mi="0" ci="1" mb="0" cb="0"/><line nr="1067" mi="0" ci="2" mb="0" cb="0"/><line nr="1069" mi="0" ci="2" mb="0" cb="0"/><line nr="1071" mi="0" ci="2" mb="0" cb="0"/><line nr="1073" mi="0" ci="2" mb="0" cb="0"/><line nr="1075" mi="0" ci="3" mb="0" cb="0"/><line nr="1076" mi="0" ci="1" mb="0" cb="0"/><line nr="1082" mi="0" ci="3" mb="0" cb="0"/><line nr="1083" mi="0" ci="6" mb="0" cb="0"/><line nr="1084" mi="0" ci="6" mb="0" cb="0"/><line nr="1085" mi="0" ci="6" mb="0" cb="0"/><line nr="1086" mi="0" ci="6" mb="0" cb="0"/><line nr="1087" mi="0" ci="6" mb="0" cb="0"/><line nr="1088" mi="0" ci="6" mb="0" cb="0"/><line nr="1090" mi="0" ci="3" mb="0" cb="0"/><line nr="1091" mi="0" ci="4" mb="0" cb="0"/><line nr="1092" mi="0" ci="5" mb="0" cb="0"/><line nr="1093" mi="0" ci="5" mb="0" cb="0"/><line nr="1094" mi="0" ci="5" mb="0" cb="0"/><line nr="1095" mi="0" ci="5" mb="0" cb="0"/><line nr="1096" mi="0" ci="4" mb="0" cb="0"/><line nr="1097" mi="0" ci="5" mb="0" cb="0"/><line nr="1098" mi="0" ci="5" mb="0" cb="0"/><line nr="1099" mi="0" ci="4" mb="0" cb="0"/><line nr="1100" mi="0" ci="4" mb="0" cb="0"/><line nr="1102" mi="0" ci="3" mb="0" cb="0"/><line nr="1104" mi="0" ci="3" mb="0" cb="0"/><line nr="1105" mi="0" ci="5" mb="0" cb="0"/><line nr="1106" mi="0" ci="5" mb="0" cb="0"/><line nr="1107" mi="0" ci="5" mb="0" cb="0"/><line nr="1108" mi="0" ci="5" mb="0" cb="0"/><line nr="1110" mi="0" ci="4" mb="0" cb="0"/><line nr="1111" mi="0" ci="1" mb="0" cb="0"/><line nr="1120" mi="0" ci="2" mb="0" cb="0"/><line nr="1122" mi="0" ci="2" mb="0" cb="0"/><line nr="1124" mi="0" ci="3" mb="0" cb="0"/><line nr="1126" mi="0" ci="3" mb="0" cb="0"/><line nr="1127" mi="0" ci="1" mb="0" cb="0"/><line nr="1132" mi="0" ci="3" mb="0" cb="0"/><line nr="1134" mi="0" ci="3" mb="0" cb="0"/><line nr="1135" mi="0" ci="6" mb="0" cb="0"/><line nr="1136" mi="0" ci="6" mb="0" cb="0"/><line nr="1137" mi="0" ci="6" mb="0" cb="0"/><line nr="1138" mi="0" ci="6" mb="0" cb="0"/><line nr="1139" mi="0" ci="6" mb="0" cb="0"/><line nr="1140" mi="0" ci="6" mb="0" cb="0"/><line nr="1142" mi="0" ci="3" mb="0" cb="0"/><line nr="1144" mi="0" ci="4" mb="0" cb="0"/><line nr="1145" mi="0" ci="1" mb="0" cb="0"/><line nr="1150" mi="0" ci="3" mb="0" cb="0"/><line nr="1151" mi="0" ci="1" mb="0" cb="0"/><line nr="1156" mi="0" ci="4" mb="0" cb="0"/><line nr="1157" mi="0" ci="1" mb="0" cb="0"/><line nr="1166" mi="0" ci="2" mb="0" cb="0"/><line nr="1167" mi="0" ci="2" mb="0" cb="0"/><line nr="1168" mi="0" ci="8" mb="1" cb="1"/><line nr="1169" mi="0" ci="4" mb="1" cb="1"/><line nr="1171" mi="3" ci="0" mb="0" cb="0"/><line nr="1175" mi="0" ci="3" mb="1" cb="1"/><line nr="1179" mi="7" ci="0" mb="0" cb="0"/><line nr="1180" mi="5" ci="0" mb="0" cb="0"/><line nr="1182" mi="1" ci="0" mb="0" cb="0"/><line nr="1184" mi="13" ci="0" mb="0" cb="0"/><line nr="1185" mi="2" ci="0" mb="0" cb="0"/><line nr="1189" mi="0" ci="3" mb="1" cb="1"/><line nr="1191" mi="0" ci="5" mb="1" cb="1"/><line nr="1193" mi="0" ci="7" mb="0" cb="0"/><line nr="1198" mi="5" ci="0" mb="2" cb="0"/><line nr="1200" mi="6" ci="0" mb="0" cb="0"/><line nr="1206" mi="0" ci="2" mb="1" cb="1"/><line nr="1208" mi="11" ci="0" mb="0" cb="0"/><line nr="1211" mi="4" ci="0" mb="0" cb="0"/><line nr="1213" mi="1" ci="0" mb="0" cb="0"/><line nr="1216" mi="3" ci="2" mb="3" cb="1"/><line nr="1218" mi="11" ci="0" mb="0" cb="0"/><line nr="1219" mi="4" ci="0" mb="0" cb="0"/><line nr="1221" mi="1" ci="0" mb="0" cb="0"/><line nr="1224" mi="0" ci="3" mb="0" cb="0"/><line nr="1225" mi="0" ci="2" mb="1" cb="1"/><line nr="1227" mi="2" ci="0" mb="0" cb="0"/><line nr="1230" mi="0" ci="2" mb="0" cb="0"/><line nr="1231" mi="0" ci="2" mb="0" cb="0"/><line nr="1234" mi="0" ci="6" mb="0" cb="0"/><line nr="1235" mi="0" ci="10" mb="0" cb="0"/><line nr="1236" mi="0" ci="3" mb="0" cb="0"/><line nr="1237" mi="0" ci="3" mb="0" cb="0"/><line nr="1239" mi="1" ci="0" mb="0" cb="0"/><line nr="1241" mi="13" ci="0" mb="0" cb="0"/><line nr="1243" mi="1" ci="0" mb="0" cb="0"/><line nr="1245" mi="13" ci="0" mb="0" cb="0"/><line nr="1247" mi="1" ci="0" mb="0" cb="0"/><line nr="1249" mi="13" ci="0" mb="0" cb="0"/><line nr="1250" mi="2" ci="1" mb="0" cb="0"/><line nr="1252" mi="0" ci="4" mb="0" cb="0"/><line nr="1253" mi="0" ci="4" mb="0" cb="0"/><line nr="1254" mi="0" ci="5" mb="0" cb="0"/><line nr="1255" mi="0" ci="5" mb="0" cb="0"/><line nr="1257" mi="0" ci="4" mb="0" cb="0"/><line nr="1259" mi="0" ci="2" mb="1" cb="1"/><line nr="1261" mi="2" ci="0" mb="0" cb="0"/><line nr="1263" mi="0" ci="1" mb="0" cb="0"/><line nr="1272" mi="0" ci="3" mb="0" cb="0"/><line nr="1273" mi="0" ci="1" mb="0" cb="0"/><line nr="1278" mi="0" ci="3" mb="0" cb="0"/><line nr="1279" mi="0" ci="1" mb="0" cb="0"/><line nr="1284" mi="0" ci="3" mb="0" cb="0"/><line nr="1285" mi="0" ci="1" mb="0" cb="0"/><line nr="1290" mi="0" ci="3" mb="0" cb="0"/><line nr="1291" mi="0" ci="1" mb="0" cb="0"/><line nr="1296" mi="0" ci="4" mb="0" cb="0"/><line nr="1297" mi="0" ci="1" mb="0" cb="0"/><line nr="1302" mi="0" ci="4" mb="0" cb="0"/><line nr="1303" mi="0" ci="1" mb="0" cb="0"/><line nr="1312" mi="0" ci="2" mb="0" cb="0"/><line nr="1314" mi="0" ci="4" mb="0" cb="0"/><line nr="1315" mi="0" ci="3" mb="0" cb="0"/><line nr="1317" mi="0" ci="3" mb="0" cb="0"/><line nr="1318" mi="0" ci="1" mb="0" cb="0"/><line nr="1323" mi="0" ci="2" mb="1" cb="1"/><line nr="1325" mi="5" ci="0" mb="0" cb="0"/><line nr="1328" mi="0" ci="4" mb="0" cb="0"/><line nr="1329" mi="0" ci="3" mb="0" cb="0"/><line nr="1331" mi="0" ci="3" mb="0" cb="0"/><line nr="1332" mi="0" ci="12" mb="2" cb="4"/><line nr="1334" mi="0" ci="19" mb="0" cb="0"/><line nr="1336" mi="0" ci="5" mb="0" cb="0"/><line nr="1337" mi="0" ci="6" mb="0" cb="0"/><line nr="1338" mi="0" ci="6" mb="0" cb="0"/><line nr="1339" mi="0" ci="6" mb="0" cb="0"/><line nr="1340" mi="0" ci="6" mb="0" cb="0"/><line nr="1341" mi="0" ci="6" mb="0" cb="0"/><line nr="1342" mi="0" ci="6" mb="0" cb="0"/><line nr="1344" mi="0" ci="4" mb="0" cb="0"/><line nr="1345" mi="0" ci="1" mb="0" cb="0"/><line nr="1350" mi="0" ci="3" mb="0" cb="2"/><line nr="1353" mi="0" ci="4" mb="0" cb="0"/><line nr="1354" mi="0" ci="4" mb="0" cb="0"/><line nr="1355" mi="0" ci="4" mb="0" cb="0"/><line nr="1357" mi="0" ci="3" mb="0" cb="0"/><line nr="1360" mi="0" ci="3" mb="0" cb="0"/><line nr="1362" mi="0" ci="2" mb="0" cb="0"/><line nr="1364" mi="0" ci="3" mb="0" cb="0"/><line nr="1365" mi="0" ci="1" mb="0" cb="0"/><line nr="1370" mi="0" ci="2" mb="1" cb="1"/><line nr="1372" mi="5" ci="0" mb="0" cb="0"/><line nr="1375" mi="0" ci="5" mb="1" cb="1"/><line nr="1377" mi="0" ci="13" mb="0" cb="0"/><line nr="1379" mi="0" ci="2" mb="0" cb="0"/><line nr="1381" mi="0" ci="3" mb="1" cb="1"/><line nr="1383" mi="4" ci="0" mb="0" cb="0"/><line nr="1385" mi="15" ci="0" mb="0" cb="0"/><line nr="1386" mi="4" ci="0" mb="0" cb="0"/><line nr="1389" mi="0" ci="3" mb="0" cb="0"/><line nr="1390" mi="0" ci="4" mb="0" cb="0"/><line nr="1391" mi="0" ci="6" mb="0" cb="0"/><line nr="1392" mi="0" ci="6" mb="0" cb="0"/><line nr="1393" mi="0" ci="6" mb="0" cb="0"/><line nr="1395" mi="0" ci="4" mb="0" cb="0"/><line nr="1396" mi="0" ci="1" mb="0" cb="0"/><line nr="1406" mi="0" ci="7" mb="1" cb="1"/><line nr="1407" mi="0" ci="5" mb="1" cb="1"/><line nr="1408" mi="0" ci="2" mb="1" cb="1"/><line nr="1410" mi="1" ci="0" mb="0" cb="0"/><line nr="1413" mi="0" ci="3" mb="0" cb="0"/><line nr="1414" mi="0" ci="2" mb="0" cb="0"/><line nr="1415" mi="0" ci="1" mb="0" cb="0"/><line nr="1420" mi="0" ci="3" mb="0" cb="0"/><line nr="1421" mi="0" ci="1" mb="0" cb="0"/><line nr="1426" mi="0" ci="3" mb="0" cb="0"/><line nr="1427" mi="0" ci="2" mb="0" cb="0"/><line nr="1428" mi="0" ci="1" mb="0" cb="0"/><line nr="1433" mi="0" ci="3" mb="0" cb="0"/><line nr="1434" mi="0" ci="4" mb="0" cb="0"/><line nr="1435" mi="0" ci="4" mb="0" cb="0"/><line nr="1436" mi="0" ci="4" mb="0" cb="0"/><line nr="1437" mi="0" ci="3" mb="0" cb="0"/><line nr="1438" mi="0" ci="2" mb="0" cb="0"/><line nr="1440" mi="0" ci="3" mb="0" cb="0"/><line nr="1441" mi="0" ci="3" mb="0" cb="0"/><line nr="1442" mi="0" ci="2" mb="0" cb="0"/><line nr="1443" mi="0" ci="2" mb="0" cb="0"/><line nr="1444" mi="0" ci="1" mb="0" cb="0"/><line nr="1453" mi="3" ci="0" mb="0" cb="0"/><line nr="1454" mi="6" ci="0" mb="0" cb="0"/><line nr="1455" mi="6" ci="0" mb="0" cb="0"/><line nr="1456" mi="6" ci="0" mb="0" cb="0"/><line nr="1457" mi="6" ci="0" mb="0" cb="0"/><line nr="1458" mi="6" ci="0" mb="0" cb="0"/><line nr="1459" mi="6" ci="0" mb="0" cb="0"/><line nr="1461" mi="4" ci="0" mb="0" cb="0"/><line nr="1463" mi="2" ci="0" mb="0" cb="0"/><line nr="1464" mi="1" ci="0" mb="0" cb="0"/><line nr="1469" mi="0" ci="3" mb="1" cb="1"/><line nr="1471" mi="1" ci="0" mb="0" cb="0"/><line nr="1474" mi="0" ci="4" mb="1" cb="8"/><line nr="1477" mi="0" ci="4" mb="0" cb="0"/><line nr="1478" mi="0" ci="1" mb="0" cb="0"/><line nr="1481" mi="0" ci="4" mb="0" cb="0"/><line nr="1482" mi="0" ci="1" mb="0" cb="0"/><line nr="1485" mi="0" ci="4" mb="0" cb="0"/><line nr="1486" mi="0" ci="1" mb="0" cb="0"/><line nr="1489" mi="0" ci="4" mb="0" cb="0"/><line nr="1490" mi="0" ci="1" mb="0" cb="0"/><line nr="1494" mi="0" ci="8" mb="0" cb="0"/><line nr="1498" mi="0" ci="5" mb="0" cb="2"/><line nr="1500" mi="0" ci="3" mb="0" cb="0"/><line nr="1501" mi="0" ci="6" mb="0" cb="0"/><line nr="1502" mi="0" ci="6" mb="0" cb="0"/><line nr="1503" mi="0" ci="6" mb="0" cb="0"/><line nr="1504" mi="0" ci="6" mb="0" cb="0"/><line nr="1505" mi="0" ci="6" mb="0" cb="0"/><line nr="1506" mi="0" ci="6" mb="0" cb="0"/><line nr="1508" mi="0" ci="4" mb="0" cb="0"/><line nr="1510" mi="0" ci="5" mb="0" cb="0"/><line nr="1511" mi="0" ci="5" mb="0" cb="0"/><line nr="1512" mi="0" ci="5" mb="0" cb="0"/><line nr="1513" mi="0" ci="4" mb="0" cb="0"/><line nr="1515" mi="0" ci="2" mb="0" cb="0"/><line nr="1516" mi="0" ci="3" mb="0" cb="0"/><line nr="1519" mi="1" ci="0" mb="0" cb="0"/><line nr="1521" mi="6" ci="0" mb="0" cb="0"/><line nr="1522" mi="0" ci="1" mb="0" cb="0"/><line nr="1526" mi="0" ci="4" mb="0" cb="0"/><line nr="1527" mi="0" ci="1" mb="0" cb="0"/><line nr="1541" mi="1" ci="0" mb="0" cb="0"/><line nr="1544" mi="0" ci="3" mb="0" cb="0"/><line nr="1559" mi="0" ci="3" mb="0" cb="0"/><line nr="1560" mi="0" ci="6" mb="0" cb="0"/><line nr="1561" mi="0" ci="6" mb="0" cb="0"/><line nr="1562" mi="0" ci="6" mb="0" cb="0"/><line nr="1563" mi="0" ci="6" mb="0" cb="0"/><line nr="1564" mi="0" ci="6" mb="0" cb="0"/><line nr="1565" mi="0" ci="6" mb="0" cb="0"/><line nr="1567" mi="0" ci="3" mb="0" cb="0"/><line nr="1569" mi="0" ci="2" mb="0" cb="0"/><line nr="1571" mi="0" ci="1" mb="0" cb="0"/><line nr="1581" mi="11" ci="0" mb="0" cb="0"/><line nr="1582" mi="4" ci="0" mb="0" cb="0"/><line nr="1583" mi="1" ci="0" mb="0" cb="0"/><line nr="1588" mi="0" ci="2" mb="0" cb="0"/><line nr="1590" mi="0" ci="5" mb="0" cb="0"/><line nr="1591" mi="0" ci="5" mb="0" cb="0"/><line nr="1592" mi="0" ci="5" mb="0" cb="0"/><line nr="1594" mi="0" ci="3" mb="0" cb="0"/><line nr="1595" mi="0" ci="3" mb="0" cb="0"/><line nr="1596" mi="0" ci="3" mb="0" cb="0"/><line nr="1597" mi="0" ci="3" mb="0" cb="0"/><line nr="1598" mi="0" ci="3" mb="0" cb="0"/><line nr="1599" mi="0" ci="3" mb="0" cb="0"/><line nr="1600" mi="0" ci="3" mb="0" cb="0"/><line nr="1601" mi="0" ci="1" mb="0" cb="0"/><line nr="1610" mi="0" ci="3" mb="1" cb="1"/><line nr="1612" mi="0" ci="5" mb="0" cb="0"/><line nr="1616" mi="4" ci="0" mb="0" cb="0"/><line nr="1618" mi="0" ci="1" mb="0" cb="0"/><line nr="1628" mi="0" ci="3" mb="1" cb="1"/><line nr="1630" mi="0" ci="6" mb="0" cb="0"/><line nr="1634" mi="5" ci="0" mb="0" cb="0"/><line nr="1636" mi="0" ci="1" mb="0" cb="0"/><line nr="1646" mi="0" ci="3" mb="1" cb="1"/><line nr="1648" mi="0" ci="7" mb="0" cb="0"/><line nr="1652" mi="6" ci="0" mb="0" cb="0"/><line nr="1654" mi="0" ci="1" mb="0" cb="0"/><line nr="1661" mi="0" ci="3" mb="1" cb="1"/><line nr="1663" mi="0" ci="4" mb="0" cb="0"/><line nr="1667" mi="3" ci="0" mb="0" cb="0"/><line nr="1669" mi="0" ci="1" mb="0" cb="0"/><line nr="1678" mi="0" ci="4" mb="0" cb="0"/><line nr="1679" mi="0" ci="1" mb="0" cb="0"/><line nr="1689" mi="0" ci="5" mb="0" cb="0"/><line nr="1690" mi="0" ci="1" mb="0" cb="0"/><line nr="1701" mi="0" ci="2" mb="1" cb="1"/><line nr="1703" mi="1" ci="0" mb="0" cb="0"/><line nr="1706" mi="0" ci="2" mb="0" cb="2"/><line nr="1708" mi="0" ci="5" mb="0" cb="0"/><line nr="1710" mi="0" ci="8" mb="0" cb="0"/><line nr="1711" mi="0" ci="4" mb="0" cb="0"/><line nr="1715" mi="0" ci="5" mb="0" cb="2"/><line nr="1717" mi="0" ci="6" mb="0" cb="0"/><line nr="1718" mi="0" ci="5" mb="0" cb="0"/><line nr="1721" mi="0" ci="3" mb="0" cb="0"/><line nr="1723" mi="1" ci="0" mb="0" cb="0"/><line nr="1726" mi="0" ci="1" mb="0" cb="0"/><line nr="1727" mi="0" ci="4" mb="0" cb="2"/><line nr="1729" mi="0" ci="1" mb="0" cb="0"/><line nr="1732" mi="0" ci="2" mb="0" cb="2"/><line nr="1734" mi="0" ci="3" mb="1" cb="1"/><line nr="1736" mi="0" ci="5" mb="0" cb="0"/><line nr="1740" mi="5" ci="0" mb="0" cb="0"/><line nr="1745" mi="0" ci="3" mb="1" cb="1"/><line nr="1747" mi="0" ci="5" mb="0" cb="0"/><line nr="1751" mi="4" ci="0" mb="0" cb="0"/><line nr="1754" mi="0" ci="1" mb="0" cb="0"/><line nr="1764" mi="0" ci="4" mb="0" cb="0"/><line nr="1765" mi="0" ci="4" mb="0" cb="0"/><line nr="1766" mi="0" ci="8" mb="0" cb="2"/><line nr="1768" mi="0" ci="6" mb="1" cb="1"/><line nr="1770" mi="0" ci="7" mb="0" cb="0"/><line nr="1771" mi="0" ci="4" mb="0" cb="0"/><line nr="1775" mi="0" ci="4" mb="0" cb="0"/><line nr="1781" mi="3" ci="0" mb="0" cb="0"/><line nr="1782" mi="4" ci="0" mb="0" cb="0"/><line nr="1783" mi="4" ci="0" mb="0" cb="0"/><line nr="1784" mi="4" ci="0" mb="0" cb="0"/><line nr="1785" mi="4" ci="0" mb="0" cb="0"/><line nr="1786" mi="4" ci="0" mb="0" cb="0"/><line nr="1787" mi="4" ci="0" mb="0" cb="0"/><line nr="1789" mi="1" ci="0" mb="0" cb="0"/><line nr="1801" mi="9" ci="0" mb="0" cb="0"/><line nr="1802" mi="4" ci="0" mb="2" cb="0"/><line nr="1804" mi="4" ci="0" mb="0" cb="0"/><line nr="1806" mi="1" ci="0" mb="0" cb="0"/><line nr="1809" mi="3" ci="0" mb="2" cb="0"/><line nr="1811" mi="5" ci="0" mb="0" cb="0"/><line nr="1814" mi="6" ci="0" mb="0" cb="0"/><line nr="1815" mi="2" ci="0" mb="2" cb="0"/><line nr="1817" mi="4" ci="0" mb="0" cb="0"/><line nr="1819" mi="4" ci="0" mb="0" cb="0"/><line nr="1820" mi="6" ci="0" mb="0" cb="0"/><line nr="1821" mi="1" ci="0" mb="0" cb="0"/><counter type="INSTRUCTION" missed="415" covered="2478"/><counter type="BRANCH" missed="53" covered="67"/><counter type="LINE" missed="95" covered="677"/><counter type="COMPLEXITY" missed="54" covered="117"/><counter type="METHOD" missed="8" covered="98"/><counter type="CLASS" missed="0" covered="1"/></sourcefile><counter type="INSTRUCTION" missed="561" covered="2899"/><counter type="BRANCH" missed="71" covered="109"/><counter type="LINE" missed="131" covered="800"/><counter type="COMPLEXITY" missed="77" covered="169"/><counter type="METHOD" missed="14" covered="135"/><counter type="CLASS" missed="1" covered="5"/></package><counter type="INSTRUCTION" missed="561" covered="2899"/><counter type="BRANCH" missed="71" covered="109"/><counter type="LINE" missed="131" covered="800"/><counter type="COMPLEXITY" missed="77" covered="169"/><counter type="METHOD" missed="14" covered="135"/><counter type="CLASS" missed="1" covered="5"/></report>