<?xml version="1.0" encoding="UTF-8" standalone="yes"?><!DOCTYPE report PUBLIC "-//JACOCO//DTD Report 1.1//EN" "report.dtd"><report name="Doxia :: RTF Module"><sessioninfo id="Seyeds-MacBook-Pro.local-a7a63a31" start="1585717741148" dump="1585717741669"/><sessioninfo id="Seyeds-MacBook-Pro.local-e45268d4" start="1586131924421" dump="1586131924836"/><sessioninfo id="Seyeds-MacBook-Pro.local-f0ba2b47" start="1586132326766" dump="1586132327251"/><package name="org/apache/maven/doxia/module/rtf"><class name="org/apache/maven/doxia/module/rtf/RomanNumerals" sourcefilename="RomanNumerals.java"><method name="&lt;init&gt;" desc="()V" line="25"><counter type="INSTRUCTION" missed="3" covered="0"/><counter type="LINE" missed="1" covered="0"/><counter type="COMPLEXITY" missed="1" covered="0"/><counter type="METHOD" missed="1" covered="0"/></method><method name="toString" desc="(I)Ljava/lang/String;" line="39"><counter type="INSTRUCTION" missed="4" covered="0"/><counter type="LINE" missed="1" covered="0"/><counter type="COMPLEXITY" missed="1" covered="0"/><counter type="METHOD" missed="1" covered="0"/></method><method name="toString" desc="(IZ)Ljava/lang/String;" line="44"><counter type="INSTRUCTION" missed="39" covered="0"/><counter type="BRANCH" missed="6" covered="0"/><counter type="LINE" missed="7" covered="0"/><counter type="COMPLEXITY" missed="4" covered="0"/><counter type="METHOD" missed="1" covered="0"/></method><method name="&lt;clinit&gt;" desc="()V" line="27"><counter type="INSTRUCTION" missed="166" covered="0"/><counter type="LINE" missed="3" covered="0"/><counter type="COMPLEXITY" missed="1" covered="0"/><counter type="METHOD" missed="1" covered="0"/></method><counter type="INSTRUCTION" missed="212" covered="0"/><counter type="BRANCH" missed="6" covered="0"/><counter type="LINE" missed="12" covered="0"/><counter type="COMPLEXITY" missed="7" covered="0"/><counter type="METHOD" missed="4" covered="0"/><counter type="CLASS" missed="1" covered="0"/></class><class name="org/apache/maven/doxia/module/rtf/MonospaceBold" sourcefilename="MonospaceBold.java"><method name="&lt;init&gt;" desc="()V" line="160"><counter type="INSTRUCTION" missed="16" covered="0"/><counter type="LINE" missed="2" covered="0"/><counter type="COMPLEXITY" missed="1" covered="0"/><counter type="METHOD" missed="1" covered="0"/></method><method name="&lt;clinit&gt;" desc="()V" line="28"><counter type="INSTRUCTION" missed="3076" covered="0"/><counter type="LINE" missed="1" covered="0"/><counter type="COMPLEXITY" missed="1" covered="0"/><counter type="METHOD" missed="1" covered="0"/></method><counter type="INSTRUCTION" missed="3092" covered="0"/><counter type="LINE" missed="3" covered="0"/><counter type="COMPLEXITY" missed="2" covered="0"/><counter type="METHOD" missed="2" covered="0"/><counter type="CLASS" missed="1" covered="0"/></class><class name="org/apache/maven/doxia/module/rtf/RtfSink$Counter" sourcefilename="RtfSink.java"><method name="&lt;init&gt;" desc="(I)V" line="1870"><counter type="INSTRUCTION" missed="0" covered="6"/><counter type="LINE" missed="0" covered="3"/><counter type="COMPLEXITY" missed="0" covered="1"/><counter type="METHOD" missed="0" covered="1"/></method><method name="set" desc="(I)V" line="1876"><counter type="INSTRUCTION" missed="0" covered="4"/><counter type="LINE" missed="0" covered="2"/><counter type="COMPLEXITY" missed="0" covered="1"/><counter type="METHOD" missed="0" covered="1"/></method><method name="get" desc="()I" line="1881"><counter type="INSTRUCTION" missed="0" covered="3"/><counter type="LINE" missed="0" covered="1"/><counter type="COMPLEXITY" missed="0" covered="1"/><counter type="METHOD" missed="0" covered="1"/></method><method name="increment" desc="()V" line="1886"><counter type="INSTRUCTION" missed="0" covered="4"/><counter type="LINE" missed="0" covered="2"/><counter type="COMPLEXITY" missed="0" covered="1"/><counter type="METHOD" missed="0" covered="1"/></method><method name="increment" desc="(I)V" line="1891"><counter type="INSTRUCTION" missed="0" covered="7"/><counter type="LINE" missed="0" covered="2"/><counter type="COMPLEXITY" missed="0" covered="1"/><counter type="METHOD" missed="0" covered="1"/></method><counter type="INSTRUCTION" missed="0" covered="24"/><counter type="LINE" missed="0" covered="10"/><counter type="COMPLEXITY" missed="0" covered="5"/><counter type="METHOD" missed="0" covered="5"/><counter type="CLASS" missed="0" covered="1"/></class><class name="org/apache/maven/doxia/module/rtf/RtfSink$Paragraph" sourcefilename="RtfSink.java"><method name="&lt;init&gt;" desc="(Lorg/apache/maven/doxia/module/rtf/RtfSink;)V" line="1924"><counter type="INSTRUCTION" missed="0" covered="44"/><counter type="LINE" missed="0" covered="12"/><counter type="COMPLEXITY" missed="0" covered="1"/><counter type="METHOD" missed="0" covered="1"/></method><method name="&lt;init&gt;" desc="(Lorg/apache/maven/doxia/module/rtf/RtfSink;II)V" line="1924"><counter type="INSTRUCTION" missed="0" covered="50"/><counter type="LINE" missed="0" covered="14"/><counter type="COMPLEXITY" missed="0" covered="1"/><counter type="METHOD" missed="0" covered="1"/></method><method name="begin" desc="()V" line="1957"><counter type="INSTRUCTION" missed="50" covered="121"/><counter type="BRANCH" missed="5" covered="16"/><counter type="LINE" missed="6" covered="25"/><counter type="COMPLEXITY" missed="5" covered="8"/><counter type="METHOD" missed="0" covered="1"/></method><method name="end" desc="()V" line="2022"><counter type="INSTRUCTION" missed="0" covered="6"/><counter type="LINE" missed="0" covered="2"/><counter type="COMPLEXITY" missed="0" covered="1"/><counter type="METHOD" missed="0" covered="1"/></method><counter type="INSTRUCTION" missed="50" covered="221"/><counter type="BRANCH" missed="5" covered="16"/><counter type="LINE" missed="6" covered="43"/><counter type="COMPLEXITY" missed="5" covered="11"/><counter type="METHOD" missed="0" covered="4"/><counter type="CLASS" missed="0" covered="1"/></class><class name="org/apache/maven/doxia/module/rtf/Serif" sourcefilename="Serif.java"><method name="&lt;init&gt;" desc="()V" line="160"><counter type="INSTRUCTION" missed="0" covered="16"/><counter type="LINE" missed="0" covered="2"/><counter type="COMPLEXITY" missed="0" covered="1"/><counter type="METHOD" missed="0" covered="1"/></method><method name="&lt;clinit&gt;" desc="()V" line="28"><counter type="INSTRUCTION" missed="0" covered="3076"/><counter type="LINE" missed="0" covered="1"/><counter type="COMPLEXITY" missed="0" covered="1"/><counter type="METHOD" missed="0" covered="1"/></method><counter type="INSTRUCTION" missed="0" covered="3092"/><counter type="LINE" missed="0" covered="3"/><counter type="COMPLEXITY" missed="0" covered="2"/><counter type="METHOD" missed="0" covered="2"/><counter type="CLASS" missed="0" covered="1"/></class><class name="org/apache/maven/doxia/module/rtf/RtfSink$Row" sourcefilename="RtfSink.java"><method name="&lt;init&gt;" desc="()V" line="2182"><counter type="INSTRUCTION" missed="0" covered="8"/><counter type="LINE" missed="0" covered="2"/><counter type="COMPLEXITY" missed="0" covered="1"/><counter type="METHOD" missed="0" covered="1"/></method><method name="add" desc="(Lorg/apache/maven/doxia/module/rtf/RtfSink$Cell;)V" line="2188"><counter type="INSTRUCTION" missed="0" covered="5"/><counter type="LINE" missed="0" covered="2"/><counter type="COMPLEXITY" missed="0" covered="1"/><counter type="METHOD" missed="0" covered="1"/></method><method name="height" desc="()I" line="2193"><counter type="INSTRUCTION" missed="0" covered="31"/><counter type="BRANCH" missed="0" covered="4"/><counter type="LINE" missed="0" covered="8"/><counter type="COMPLEXITY" missed="0" covered="3"/><counter type="METHOD" missed="0" covered="1"/></method><counter type="INSTRUCTION" missed="0" covered="44"/><counter type="BRANCH" missed="0" covered="4"/><counter type="LINE" missed="0" covered="12"/><counter type="COMPLEXITY" missed="0" covered="5"/><counter type="METHOD" missed="0" covered="3"/><counter type="CLASS" missed="0" covered="1"/></class><class name="org/apache/maven/doxia/module/rtf/PBMReader" sourcefilename="PBMReader.java"><method name="&lt;init&gt;" desc="(Ljava/lang/String;)V" line="69"><counter type="INSTRUCTION" missed="76" covered="0"/><counter type="BRANCH" missed="10" covered="0"/><counter type="LINE" missed="19" covered="0"/><counter type="COMPLEXITY" missed="7" covered="0"/><counter type="METHOD" missed="1" covered="0"/></method><method name="type" desc="()I" line="110"><counter type="INSTRUCTION" missed="3" covered="0"/><counter type="LINE" missed="1" covered="0"/><counter type="COMPLEXITY" missed="1" covered="0"/><counter type="METHOD" missed="1" covered="0"/></method><method name="width" desc="()I" line="115"><counter type="INSTRUCTION" missed="3" covered="0"/><counter type="LINE" missed="1" covered="0"/><counter type="COMPLEXITY" missed="1" covered="0"/><counter type="METHOD" missed="1" covered="0"/></method><method name="height" desc="()I" line="120"><counter type="INSTRUCTION" missed="3" covered="0"/><counter type="LINE" missed="1" covered="0"/><counter type="COMPLEXITY" missed="1" covered="0"/><counter type="METHOD" missed="1" covered="0"/></method><method name="maxValue" desc="()I" line="125"><counter type="INSTRUCTION" missed="3" covered="0"/><counter type="LINE" missed="1" covered="0"/><counter type="COMPLEXITY" missed="1" covered="0"/><counter type="METHOD" missed="1" covered="0"/></method><method name="bytesPerLine" desc="()I" line="130"><counter type="INSTRUCTION" missed="3" covered="0"/><counter type="LINE" missed="1" covered="0"/><counter type="COMPLEXITY" missed="1" covered="0"/><counter type="METHOD" missed="1" covered="0"/></method><method name="skip" desc="(J)J" line="136"><counter type="INSTRUCTION" missed="43" covered="0"/><counter type="BRANCH" missed="6" covered="0"/><counter type="LINE" missed="11" covered="0"/><counter type="COMPLEXITY" missed="4" covered="0"/><counter type="METHOD" missed="1" covered="0"/></method><method name="read" desc="([BII)I" line="159"><counter type="INSTRUCTION" missed="26" covered="0"/><counter type="BRANCH" missed="4" covered="0"/><counter type="LINE" missed="8" covered="0"/><counter type="COMPLEXITY" missed="3" covered="0"/><counter type="METHOD" missed="1" covered="0"/></method><counter type="INSTRUCTION" missed="160" covered="0"/><counter type="BRANCH" missed="20" covered="0"/><counter type="LINE" missed="43" covered="0"/><counter type="COMPLEXITY" missed="19" covered="0"/><counter type="METHOD" missed="8" covered="0"/><counter type="CLASS" missed="1" covered="0"/></class><class name="org/apache/maven/doxia/module/rtf/SerifBoldItalic" sourcefilename="SerifBoldItalic.java"><method name="&lt;init&gt;" desc="()V" line="160"><counter type="INSTRUCTION" missed="16" covered="0"/><counter type="LINE" missed="2" covered="0"/><counter type="COMPLEXITY" missed="1" covered="0"/><counter type="METHOD" missed="1" covered="0"/></method><method name="&lt;clinit&gt;" desc="()V" line="28"><counter type="INSTRUCTION" missed="3076" covered="0"/><counter type="LINE" missed="1" covered="0"/><counter type="COMPLEXITY" missed="1" covered="0"/><counter type="METHOD" missed="1" covered="0"/></method><counter type="INSTRUCTION" missed="3092" covered="0"/><counter type="LINE" missed="3" covered="0"/><counter type="COMPLEXITY" missed="2" covered="0"/><counter type="METHOD" missed="2" covered="0"/><counter type="CLASS" missed="1" covered="0"/></class><class name="org/apache/maven/doxia/module/rtf/RtfSink$Item" sourcefilename="RtfSink.java"><method name="&lt;init&gt;" desc="(ILjava/lang/String;)V" line="2278"><counter type="INSTRUCTION" missed="0" covered="9"/><counter type="LINE" missed="0" covered="4"/><counter type="COMPLEXITY" missed="0" covered="1"/><counter type="METHOD" missed="0" covered="1"/></method><counter type="INSTRUCTION" missed="0" covered="9"/><counter type="LINE" missed="0" covered="4"/><counter type="COMPLEXITY" missed="0" covered="1"/><counter type="METHOD" missed="0" covered="1"/><counter type="CLASS" missed="0" covered="1"/></class><class name="org/apache/maven/doxia/module/rtf/Font$TextExtents" sourcefilename="Font.java"><method name="&lt;init&gt;" desc="(III)V" line="97"><counter type="INSTRUCTION" missed="0" covered="12"/><counter type="LINE" missed="0" covered="5"/><counter type="COMPLEXITY" missed="0" covered="1"/><counter type="METHOD" missed="0" covered="1"/></method><counter type="INSTRUCTION" missed="0" covered="12"/><counter type="LINE" missed="0" covered="5"/><counter type="COMPLEXITY" missed="0" covered="1"/><counter type="METHOD" missed="0" covered="1"/><counter type="CLASS" missed="0" covered="1"/></class><class name="org/apache/maven/doxia/module/rtf/RtfSinkFactory" sourcefilename="RtfSinkFactory.java"><method name="&lt;init&gt;" desc="()V" line="38"><counter type="INSTRUCTION" missed="3" covered="0"/><counter type="LINE" missed="1" covered="0"/><counter type="COMPLEXITY" missed="1" covered="0"/><counter type="METHOD" missed="1" covered="0"/></method><method name="createSink" desc="(Ljava/io/OutputStream;Ljava/lang/String;)Lorg/apache/maven/doxia/sink/Sink;" line="45"><counter type="INSTRUCTION" missed="6" covered="0"/><counter type="LINE" missed="1" covered="0"/><counter type="COMPLEXITY" missed="1" covered="0"/><counter type="METHOD" missed="1" covered="0"/></method><counter type="INSTRUCTION" missed="9" covered="0"/><counter type="LINE" missed="2" covered="0"/><counter type="COMPLEXITY" missed="2" covered="0"/><counter type="METHOD" missed="2" covered="0"/><counter type="CLASS" missed="1" covered="0"/></class><class name="org/apache/maven/doxia/module/rtf/RtfSink" sourcefilename="RtfSink.java"><method name="&lt;init&gt;" desc="()V" line="236"><counter type="INSTRUCTION" missed="4" covered="0"/><counter type="LINE" missed="2" covered="0"/><counter type="COMPLEXITY" missed="1" covered="0"/><counter type="METHOD" missed="1" covered="0"/></method><method name="&lt;init&gt;" desc="(Ljava/io/OutputStream;)V" line="248"><counter type="INSTRUCTION" missed="0" covered="5"/><counter type="LINE" missed="0" covered="2"/><counter type="COMPLEXITY" missed="0" covered="1"/><counter type="METHOD" missed="0" covered="1"/></method><method name="&lt;init&gt;" desc="(Ljava/io/OutputStream;Ljava/lang/String;)V" line="153"><counter type="INSTRUCTION" missed="8" covered="93"/><counter type="BRANCH" missed="1" covered="1"/><counter type="LINE" missed="1" covered="26"/><counter type="COMPLEXITY" missed="1" covered="1"/><counter type="METHOD" missed="0" covered="1"/></method><method name="setPaperSize" desc="(DD)V" line="289"><counter type="INSTRUCTION" missed="7" covered="0"/><counter type="LINE" missed="3" covered="0"/><counter type="COMPLEXITY" missed="1" covered="0"/><counter type="METHOD" missed="1" covered="0"/></method><method name="setTopMargin" desc="(D)V" line="300"><counter type="INSTRUCTION" missed="4" covered="0"/><counter type="LINE" missed="2" covered="0"/><counter type="COMPLEXITY" missed="1" covered="0"/><counter type="METHOD" missed="1" covered="0"/></method><method name="setBottomMargin" desc="(D)V" line="310"><counter type="INSTRUCTION" missed="4" covered="0"/><counter type="LINE" missed="2" covered="0"/><counter type="COMPLEXITY" missed="1" covered="0"/><counter type="METHOD" missed="1" covered="0"/></method><method name="setLeftMargin" desc="(D)V" line="320"><counter type="INSTRUCTION" missed="4" covered="0"/><counter type="LINE" missed="2" covered="0"/><counter type="COMPLEXITY" missed="1" covered="0"/><counter type="METHOD" missed="1" covered="0"/></method><method name="setRightMargin" desc="(D)V" line="330"><counter type="INSTRUCTION" missed="4" covered="0"/><counter type="LINE" missed="2" covered="0"/><counter type="COMPLEXITY" missed="1" covered="0"/><counter type="METHOD" missed="1" covered="0"/></method><method name="setFontSize" desc="(I)V" line="340"><counter type="INSTRUCTION" missed="4" covered="0"/><counter type="LINE" missed="2" covered="0"/><counter type="COMPLEXITY" missed="1" covered="0"/><counter type="METHOD" missed="1" covered="0"/></method><method name="setSpacing" desc="(I)V" line="350"><counter type="INSTRUCTION" missed="7" covered="0"/><counter type="LINE" missed="2" covered="0"/><counter type="COMPLEXITY" missed="1" covered="0"/><counter type="METHOD" missed="1" covered="0"/></method><method name="setResolution" desc="(I)V" line="360"><counter type="INSTRUCTION" missed="4" covered="0"/><counter type="LINE" missed="2" covered="0"/><counter type="COMPLEXITY" missed="1" covered="0"/><counter type="METHOD" missed="1" covered="0"/></method><method name="setImageFormat" desc="(Ljava/lang/String;)V" line="370"><counter type="INSTRUCTION" missed="4" covered="0"/><counter type="LINE" missed="2" covered="0"/><counter type="COMPLEXITY" missed="1" covered="0"/><counter type="METHOD" missed="1" covered="0"/></method><method name="setImageType" desc="(Ljava/lang/String;)V" line="380"><counter type="INSTRUCTION" missed="4" covered="0"/><counter type="LINE" missed="2" covered="0"/><counter type="COMPLEXITY" missed="1" covered="0"/><counter type="METHOD" missed="1" covered="0"/></method><method name="setImageDataFormat" desc="(Ljava/lang/String;)V" line="390"><counter type="INSTRUCTION" missed="4" covered="0"/><counter type="LINE" missed="2" covered="0"/><counter type="COMPLEXITY" missed="1" covered="0"/><counter type="METHOD" missed="1" covered="0"/></method><method name="setImageCompression" desc="(Z)V" line="400"><counter type="INSTRUCTION" missed="4" covered="0"/><counter type="LINE" missed="2" covered="0"/><counter type="COMPLEXITY" missed="1" covered="0"/><counter type="METHOD" missed="1" covered="0"/></method><method name="setCodePage" desc="(I)V" line="410"><counter type="INSTRUCTION" missed="4" covered="0"/><counter type="LINE" missed="2" covered="0"/><counter type="COMPLEXITY" missed="1" covered="0"/><counter type="METHOD" missed="1" covered="0"/></method><method name="setCharSet" desc="(I)V" line="420"><counter type="INSTRUCTION" missed="4" covered="0"/><counter type="LINE" missed="2" covered="0"/><counter type="COMPLEXITY" missed="1" covered="0"/><counter type="METHOD" missed="1" covered="0"/></method><method name="head" desc="()V" line="426"><counter type="INSTRUCTION" missed="0" covered="212"/><counter type="BRANCH" missed="0" covered="2"/><counter type="LINE" missed="0" covered="23"/><counter type="COMPLEXITY" missed="0" covered="2"/><counter type="METHOD" missed="0" covered="1"/></method><method name="head_" desc="()V" line="461"><counter type="INSTRUCTION" missed="5" covered="15"/><counter type="BRANCH" missed="1" covered="1"/><counter type="LINE" missed="1" covered="4"/><counter type="COMPLEXITY" missed="1" covered="1"/><counter type="METHOD" missed="0" covered="1"/></method><method name="toTwips" desc="(DI)I" line="483"><counter type="INSTRUCTION" missed="12" covered="23"/><counter type="BRANCH" missed="2" covered="2"/><counter type="LINE" missed="4" covered="5"/><counter type="COMPLEXITY" missed="2" covered="2"/><counter type="METHOD" missed="0" covered="1"/></method><method name="title" desc="()V" line="506"><counter type="INSTRUCTION" missed="0" covered="20"/><counter type="LINE" missed="0" covered="5"/><counter type="COMPLEXITY" missed="0" covered="1"/><counter type="METHOD" missed="0" covered="1"/></method><method name="title_" desc="()V" line="515"><counter type="INSTRUCTION" missed="0" covered="3"/><counter type="LINE" missed="0" covered="2"/><counter type="COMPLEXITY" missed="0" covered="1"/><counter type="METHOD" missed="0" covered="1"/></method><method name="author" desc="()V" line="521"><counter type="INSTRUCTION" missed="0" covered="20"/><counter type="LINE" missed="0" covered="5"/><counter type="COMPLEXITY" missed="0" covered="1"/><counter type="METHOD" missed="0" covered="1"/></method><method name="author_" desc="()V" line="530"><counter type="INSTRUCTION" missed="0" covered="3"/><counter type="LINE" missed="0" covered="2"/><counter type="COMPLEXITY" missed="0" covered="1"/><counter type="METHOD" missed="0" covered="1"/></method><method name="date" desc="()V" line="536"><counter type="INSTRUCTION" missed="0" covered="18"/><counter type="LINE" missed="0" covered="5"/><counter type="COMPLEXITY" missed="0" covered="1"/><counter type="METHOD" missed="0" covered="1"/></method><method name="date_" desc="()V" line="545"><counter type="INSTRUCTION" missed="0" covered="3"/><counter type="LINE" missed="0" covered="2"/><counter type="COMPLEXITY" missed="0" covered="1"/><counter type="METHOD" missed="0" covered="1"/></method><method name="body" desc="()V" line="552"><counter type="INSTRUCTION" missed="0" covered="1"/><counter type="LINE" missed="0" covered="1"/><counter type="COMPLEXITY" missed="0" covered="1"/><counter type="METHOD" missed="0" covered="1"/></method><method name="body_" desc="()V" line="557"><counter type="INSTRUCTION" missed="0" covered="8"/><counter type="LINE" missed="0" covered="3"/><counter type="COMPLEXITY" missed="0" covered="1"/><counter type="METHOD" missed="0" covered="1"/></method><method name="section1" desc="()V" line="564"><counter type="INSTRUCTION" missed="0" covered="4"/><counter type="LINE" missed="0" covered="2"/><counter type="COMPLEXITY" missed="0" covered="1"/><counter type="METHOD" missed="0" covered="1"/></method><method name="section1_" desc="()V" line="571"><counter type="INSTRUCTION" missed="0" covered="1"/><counter type="LINE" missed="0" covered="1"/><counter type="COMPLEXITY" missed="0" covered="1"/><counter type="METHOD" missed="0" covered="1"/></method><method name="section2" desc="()V" line="576"><counter type="INSTRUCTION" missed="0" covered="4"/><counter type="LINE" missed="0" covered="2"/><counter type="COMPLEXITY" missed="0" covered="1"/><counter type="METHOD" missed="0" covered="1"/></method><method name="section2_" desc="()V" line="583"><counter type="INSTRUCTION" missed="0" covered="1"/><counter type="LINE" missed="0" covered="1"/><counter type="COMPLEXITY" missed="0" covered="1"/><counter type="METHOD" missed="0" covered="1"/></method><method name="section3" desc="()V" line="588"><counter type="INSTRUCTION" missed="0" covered="4"/><counter type="LINE" missed="0" covered="2"/><counter type="COMPLEXITY" missed="0" covered="1"/><counter type="METHOD" missed="0" covered="1"/></method><method name="section3_" desc="()V" line="595"><counter type="INSTRUCTION" missed="0" covered="1"/><counter type="LINE" missed="0" covered="1"/><counter type="COMPLEXITY" missed="0" covered="1"/><counter type="METHOD" missed="0" covered="1"/></method><method name="section4" desc="()V" line="600"><counter type="INSTRUCTION" missed="0" covered="4"/><counter type="LINE" missed="0" covered="2"/><counter type="COMPLEXITY" missed="0" covered="1"/><counter type="METHOD" missed="0" covered="1"/></method><method name="section4_" desc="()V" line="607"><counter type="INSTRUCTION" missed="0" covered="1"/><counter type="LINE" missed="0" covered="1"/><counter type="COMPLEXITY" missed="0" covered="1"/><counter type="METHOD" missed="0" covered="1"/></method><method name="section5" desc="()V" line="612"><counter type="INSTRUCTION" missed="0" covered="4"/><counter type="LINE" missed="0" covered="2"/><counter type="COMPLEXITY" missed="0" covered="1"/><counter type="METHOD" missed="0" covered="1"/></method><method name="section5_" desc="()V" line="619"><counter type="INSTRUCTION" missed="0" covered="1"/><counter type="LINE" missed="0" covered="1"/><counter type="COMPLEXITY" missed="0" covered="1"/><counter type="METHOD" missed="0" covered="1"/></method><method name="sectionTitle" desc="()V" line="624"><counter type="INSTRUCTION" missed="47" covered="0"/><counter type="BRANCH" missed="6" covered="0"/><counter type="LINE" missed="16" covered="0"/><counter type="COMPLEXITY" missed="6" covered="0"/><counter type="METHOD" missed="1" covered="0"/></method><method name="sectionTitle_" desc="()V" line="655"><counter type="INSTRUCTION" missed="3" covered="0"/><counter type="LINE" missed="2" covered="0"/><counter type="COMPLEXITY" missed="1" covered="0"/><counter type="METHOD" missed="1" covered="0"/></method><method name="styleNumber" desc="(I)I" line="660"><counter type="INSTRUCTION" missed="0" covered="2"/><counter type="LINE" missed="0" covered="1"/><counter type="COMPLEXITY" missed="0" covered="1"/><counter type="METHOD" missed="0" covered="1"/></method><method name="list" desc="()V" line="666"><counter type="INSTRUCTION" missed="0" covered="13"/><counter type="LINE" missed="0" covered="3"/><counter type="COMPLEXITY" missed="0" covered="1"/><counter type="METHOD" missed="0" covered="1"/></method><method name="list_" desc="()V" line="673"><counter type="INSTRUCTION" missed="0" covered="7"/><counter type="LINE" missed="0" covered="3"/><counter type="COMPLEXITY" missed="0" covered="1"/><counter type="METHOD" missed="0" covered="1"/></method><method name="listItem" desc="()V" line="680"><counter type="INSTRUCTION" missed="0" covered="44"/><counter type="LINE" missed="0" covered="10"/><counter type="COMPLEXITY" missed="0" covered="1"/><counter type="METHOD" missed="0" covered="1"/></method><method name="listItem_" desc="()V" line="696"><counter type="INSTRUCTION" missed="0" covered="9"/><counter type="LINE" missed="0" covered="4"/><counter type="COMPLEXITY" missed="0" covered="1"/><counter type="METHOD" missed="0" covered="1"/></method><method name="numberedList" desc="(I)V" line="705"><counter type="INSTRUCTION" missed="0" covered="25"/><counter type="LINE" missed="0" covered="5"/><counter type="COMPLEXITY" missed="0" covered="1"/><counter type="METHOD" missed="0" covered="1"/></method><method name="numberedList_" desc="()V" line="715"><counter type="INSTRUCTION" missed="0" covered="23"/><counter type="LINE" missed="0" covered="5"/><counter type="COMPLEXITY" missed="0" covered="1"/><counter type="METHOD" missed="0" covered="1"/></method><method name="numberedListItem" desc="()V" line="725"><counter type="INSTRUCTION" missed="0" covered="63"/><counter type="BRANCH" missed="1" covered="1"/><counter type="LINE" missed="0" covered="16"/><counter type="COMPLEXITY" missed="1" covered="1"/><counter type="METHOD" missed="0" covered="1"/></method><method name="numberedListItem_" desc="()V" line="751"><counter type="INSTRUCTION" missed="0" covered="9"/><counter type="LINE" missed="0" covered="4"/><counter type="COMPLEXITY" missed="0" covered="1"/><counter type="METHOD" missed="0" covered="1"/></method><method name="getItemHeader" desc="()Ljava/lang/String;" line="759"><counter type="INSTRUCTION" missed="49" covered="49"/><counter type="BRANCH" missed="7" covered="4"/><counter type="LINE" missed="11" covered="12"/><counter type="COMPLEXITY" missed="5" covered="3"/><counter type="METHOD" missed="0" covered="1"/></method><method name="definitionList" desc="()V" line="810"><counter type="INSTRUCTION" missed="0" covered="21"/><counter type="LINE" missed="0" covered="5"/><counter type="COMPLEXITY" missed="0" covered="1"/><counter type="METHOD" missed="0" covered="1"/></method><method name="definitionList_" desc="()V" line="820"><counter type="INSTRUCTION" missed="0" covered="7"/><counter type="LINE" missed="0" covered="3"/><counter type="COMPLEXITY" missed="0" covered="1"/><counter type="METHOD" missed="0" covered="1"/></method><method name="definitionListItem" desc="()V" line="827"><counter type="INSTRUCTION" missed="0" covered="17"/><counter type="LINE" missed="0" covered="4"/><counter type="COMPLEXITY" missed="0" covered="1"/><counter type="METHOD" missed="0" covered="1"/></method><method name="definitionListItem_" desc="()V" line="835"><counter type="INSTRUCTION" missed="0" covered="4"/><counter type="LINE" missed="0" covered="2"/><counter type="COMPLEXITY" missed="0" covered="1"/><counter type="METHOD" missed="0" covered="1"/></method><method name="definedTerm" desc="()V" line="842"><counter type="INSTRUCTION" missed="0" covered="1"/><counter type="LINE" missed="0" covered="1"/><counter type="COMPLEXITY" missed="0" covered="1"/><counter type="METHOD" missed="0" covered="1"/></method><method name="definedTerm_" desc="()V" line="847"><counter type="INSTRUCTION" missed="0" covered="3"/><counter type="LINE" missed="0" covered="2"/><counter type="COMPLEXITY" missed="0" covered="1"/><counter type="METHOD" missed="0" covered="1"/></method><method name="definition" desc="()V" line="853"><counter type="INSTRUCTION" missed="0" covered="21"/><counter type="LINE" missed="0" covered="5"/><counter type="COMPLEXITY" missed="0" covered="1"/><counter type="METHOD" missed="0" covered="1"/></method><method name="definition_" desc="()V" line="863"><counter type="INSTRUCTION" missed="0" covered="9"/><counter type="LINE" missed="0" covered="4"/><counter type="COMPLEXITY" missed="0" covered="1"/><counter type="METHOD" missed="0" covered="1"/></method><method name="table" desc="()V" line="873"><counter type="INSTRUCTION" missed="0" covered="1"/><counter type="LINE" missed="0" covered="1"/><counter type="COMPLEXITY" missed="0" covered="1"/><counter type="METHOD" missed="0" covered="1"/></method><method name="table_" desc="()V" line="879"><counter type="INSTRUCTION" missed="0" covered="1"/><counter type="LINE" missed="0" covered="1"/><counter type="COMPLEXITY" missed="0" covered="1"/><counter type="METHOD" missed="0" covered="1"/></method><method name="tableRows" desc="([IZ)V" line="885"><counter type="INSTRUCTION" missed="0" covered="12"/><counter type="LINE" missed="0" covered="3"/><counter type="COMPLEXITY" missed="0" covered="1"/><counter type="METHOD" missed="0" covered="1"/></method><method name="tableRows_" desc="()V" line="892"><counter type="INSTRUCTION" missed="1" covered="251"/><counter type="BRANCH" missed="1" covered="21"/><counter type="LINE" missed="1" covered="43"/><counter type="COMPLEXITY" missed="1" covered="11"/><counter type="METHOD" missed="0" covered="1"/></method><method name="pageWidth" desc="()I" line="974"><counter type="INSTRUCTION" missed="0" covered="14"/><counter type="LINE" missed="0" covered="2"/><counter type="COMPLEXITY" missed="0" covered="1"/><counter type="METHOD" missed="0" covered="1"/></method><method name="setBorder" desc="(ZZZZ)V" line="980"><counter type="INSTRUCTION" missed="0" covered="25"/><counter type="BRANCH" missed="2" covered="6"/><counter type="LINE" missed="0" covered="9"/><counter type="COMPLEXITY" missed="2" covered="3"/><counter type="METHOD" missed="0" covered="1"/></method><method name="setJustification" desc="(I)V" line="1000"><counter type="INSTRUCTION" missed="0" covered="17"/><counter type="BRANCH" missed="0" covered="3"/><counter type="LINE" missed="0" covered="7"/><counter type="COMPLEXITY" missed="0" covered="3"/><counter type="METHOD" missed="0" covered="1"/></method><method name="setStyle" desc="(I)V" line="1017"><counter type="INSTRUCTION" missed="15" covered="3"/><counter type="BRANCH" missed="3" covered="1"/><counter type="LINE" missed="6" covered="2"/><counter type="COMPLEXITY" missed="3" covered="1"/><counter type="METHOD" missed="0" covered="1"/></method><method name="tableRow" desc="()V" line="1036"><counter type="INSTRUCTION" missed="0" covered="6"/><counter type="LINE" missed="0" covered="2"/><counter type="COMPLEXITY" missed="0" covered="1"/><counter type="METHOD" missed="0" covered="1"/></method><method name="tableRow_" desc="()V" line="1042"><counter type="INSTRUCTION" missed="0" covered="6"/><counter type="LINE" missed="0" covered="2"/><counter type="COMPLEXITY" missed="0" covered="1"/><counter type="METHOD" missed="0" covered="1"/></method><method name="tableHeaderCell" desc="()V" line="1048"><counter type="INSTRUCTION" missed="0" covered="3"/><counter type="LINE" missed="0" covered="2"/><counter type="COMPLEXITY" missed="0" covered="1"/><counter type="METHOD" missed="0" covered="1"/></method><method name="tableHeaderCell_" desc="()V" line="1054"><counter type="INSTRUCTION" missed="0" covered="3"/><counter type="LINE" missed="0" covered="2"/><counter type="COMPLEXITY" missed="0" covered="1"/><counter type="METHOD" missed="0" covered="1"/></method><method name="tableCell" desc="()V" line="1060"><counter type="INSTRUCTION" missed="0" covered="12"/><counter type="LINE" missed="0" covered="3"/><counter type="COMPLEXITY" missed="0" covered="1"/><counter type="METHOD" missed="0" covered="1"/></method><method name="tableCell_" desc="()V" line="1067"><counter type="INSTRUCTION" missed="0" covered="11"/><counter type="LINE" missed="0" covered="3"/><counter type="COMPLEXITY" missed="0" covered="1"/><counter type="METHOD" missed="0" covered="1"/></method><method name="tableCaption" desc="()V" line="1074"><counter type="INSTRUCTION" missed="0" covered="18"/><counter type="LINE" missed="0" covered="5"/><counter type="COMPLEXITY" missed="0" covered="1"/><counter type="METHOD" missed="0" covered="1"/></method><method name="tableCaption_" desc="()V" line="1083"><counter type="INSTRUCTION" missed="0" covered="3"/><counter type="LINE" missed="0" covered="2"/><counter type="COMPLEXITY" missed="0" covered="1"/><counter type="METHOD" missed="0" covered="1"/></method><method name="paragraph" desc="()V" line="1089"><counter type="INSTRUCTION" missed="0" covered="10"/><counter type="BRANCH" missed="0" covered="2"/><counter type="LINE" missed="0" covered="3"/><counter type="COMPLEXITY" missed="0" covered="2"/><counter type="METHOD" missed="0" covered="1"/></method><method name="paragraph_" desc="()V" line="1098"><counter type="INSTRUCTION" missed="0" covered="3"/><counter type="LINE" missed="0" covered="2"/><counter type="COMPLEXITY" missed="0" covered="1"/><counter type="METHOD" missed="0" covered="1"/></method><method name="beginParagraph" desc="(Lorg/apache/maven/doxia/module/rtf/RtfSink$Paragraph;)V" line="1103"><counter type="INSTRUCTION" missed="4" covered="9"/><counter type="BRANCH" missed="1" covered="1"/><counter type="LINE" missed="1" covered="4"/><counter type="COMPLEXITY" missed="1" covered="1"/><counter type="METHOD" missed="0" covered="1"/></method><method name="endParagraph" desc="()V" line="1113"><counter type="INSTRUCTION" missed="2" covered="13"/><counter type="BRANCH" missed="1" covered="3"/><counter type="LINE" missed="1" covered="5"/><counter type="COMPLEXITY" missed="1" covered="2"/><counter type="METHOD" missed="0" covered="1"/></method><method name="verbatim" desc="(Z)V" line="1127"><counter type="INSTRUCTION" missed="0" covered="13"/><counter type="LINE" missed="0" covered="4"/><counter type="COMPLEXITY" missed="0" covered="1"/><counter type="METHOD" missed="0" covered="1"/></method><method name="verbatim_" desc="()V" line="1136"><counter type="INSTRUCTION" missed="0" covered="56"/><counter type="BRANCH" missed="1" covered="5"/><counter type="LINE" missed="0" covered="15"/><counter type="COMPLEXITY" missed="1" covered="3"/><counter type="METHOD" missed="0" covered="1"/></method><method name="figure" desc="()V" line="1167"><counter type="INSTRUCTION" missed="0" covered="1"/><counter type="LINE" missed="0" covered="1"/><counter type="COMPLEXITY" missed="0" covered="1"/><counter type="METHOD" missed="0" covered="1"/></method><method name="figure_" desc="()V" line="1173"><counter type="INSTRUCTION" missed="0" covered="1"/><counter type="LINE" missed="0" covered="1"/><counter type="COMPLEXITY" missed="0" covered="1"/><counter type="METHOD" missed="0" covered="1"/></method><method name="figureGraphics" desc="(Ljava/lang/String;)V" line="1178"><counter type="INSTRUCTION" missed="7" covered="18"/><counter type="LINE" missed="2" covered="7"/><counter type="COMPLEXITY" missed="0" covered="1"/><counter type="METHOD" missed="0" covered="1"/></method><method name="writeImage" desc="(Ljava/lang/String;)V" line="1197"><counter type="INSTRUCTION" missed="598" covered="21"/><counter type="BRANCH" missed="29" covered="1"/><counter type="LINE" missed="103" covered="4"/><counter type="COMPLEXITY" missed="15" covered="1"/><counter type="METHOD" missed="0" covered="1"/></method><method name="figureCaption" desc="()V" line="1393"><counter type="INSTRUCTION" missed="0" covered="18"/><counter type="LINE" missed="0" covered="5"/><counter type="COMPLEXITY" missed="0" covered="1"/><counter type="METHOD" missed="0" covered="1"/></method><method name="figureCaption_" desc="()V" line="1402"><counter type="INSTRUCTION" missed="0" covered="3"/><counter type="LINE" missed="0" covered="2"/><counter type="COMPLEXITY" missed="0" covered="1"/><counter type="METHOD" missed="0" covered="1"/></method><method name="horizontalRule" desc="()V" line="1408"><counter type="INSTRUCTION" missed="0" covered="43"/><counter type="BRANCH" missed="1" covered="1"/><counter type="LINE" missed="0" covered="8"/><counter type="COMPLEXITY" missed="1" covered="1"/><counter type="METHOD" missed="0" covered="1"/></method><method name="pageBreak" desc="()V" line="1424"><counter type="INSTRUCTION" missed="0" covered="5"/><counter type="LINE" missed="0" covered="2"/><counter type="COMPLEXITY" missed="0" covered="1"/><counter type="METHOD" missed="0" covered="1"/></method><method name="anchor" desc="(Ljava/lang/String;)V" line="1431"><counter type="INSTRUCTION" missed="0" covered="1"/><counter type="LINE" missed="0" covered="1"/><counter type="COMPLEXITY" missed="0" covered="1"/><counter type="METHOD" missed="0" covered="1"/></method><method name="anchor_" desc="()V" line="1437"><counter type="INSTRUCTION" missed="0" covered="1"/><counter type="LINE" missed="0" covered="1"/><counter type="COMPLEXITY" missed="0" covered="1"/><counter type="METHOD" missed="0" covered="1"/></method><method name="link" desc="(Ljava/lang/String;)V" line="1443"><counter type="INSTRUCTION" missed="0" covered="1"/><counter type="LINE" missed="0" covered="1"/><counter type="COMPLEXITY" missed="0" covered="1"/><counter type="METHOD" missed="0" covered="1"/></method><method name="link_" desc="()V" line="1449"><counter type="INSTRUCTION" missed="0" covered="1"/><counter type="LINE" missed="0" covered="1"/><counter type="COMPLEXITY" missed="0" covered="1"/><counter type="METHOD" missed="0" covered="1"/></method><method name="inline" desc="()V" line="1454"><counter type="INSTRUCTION" missed="4" covered="0"/><counter type="LINE" missed="2" covered="0"/><counter type="COMPLEXITY" missed="1" covered="0"/><counter type="METHOD" missed="1" covered="0"/></method><method name="inline" desc="(Lorg/apache/maven/doxia/sink/SinkEventAttributes;)V" line="1460"><counter type="INSTRUCTION" missed="0" covered="54"/><counter type="BRANCH" missed="1" covered="7"/><counter type="LINE" missed="0" covered="13"/><counter type="COMPLEXITY" missed="1" covered="4"/><counter type="METHOD" missed="0" covered="1"/></method><method name="inline_" desc="()V" line="1491"><counter type="INSTRUCTION" missed="0" covered="21"/><counter type="BRANCH" missed="0" covered="2"/><counter type="LINE" missed="0" covered="5"/><counter type="COMPLEXITY" missed="0" covered="2"/><counter type="METHOD" missed="0" covered="1"/></method><method name="italic" desc="()V" line="1501"><counter type="INSTRUCTION" missed="0" covered="4"/><counter type="LINE" missed="0" covered="2"/><counter type="COMPLEXITY" missed="0" covered="1"/><counter type="METHOD" missed="0" covered="1"/></method><method name="italic_" desc="()V" line="1507"><counter type="INSTRUCTION" missed="0" covered="3"/><counter type="LINE" missed="0" covered="2"/><counter type="COMPLEXITY" missed="0" covered="1"/><counter type="METHOD" missed="0" covered="1"/></method><method name="bold" desc="()V" line="1513"><counter type="INSTRUCTION" missed="4" covered="0"/><counter type="LINE" missed="2" covered="0"/><counter type="COMPLEXITY" missed="1" covered="0"/><counter type="METHOD" missed="1" covered="0"/></method><method name="bold_" desc="()V" line="1519"><counter type="INSTRUCTION" missed="3" covered="0"/><counter type="LINE" missed="2" covered="0"/><counter type="COMPLEXITY" missed="1" covered="0"/><counter type="METHOD" missed="1" covered="0"/></method><method name="monospaced" desc="()V" line="1525"><counter type="INSTRUCTION" missed="4" covered="0"/><counter type="LINE" missed="2" covered="0"/><counter type="COMPLEXITY" missed="1" covered="0"/><counter type="METHOD" missed="1" covered="0"/></method><method name="monospaced_" desc="()V" line="1531"><counter type="INSTRUCTION" missed="3" covered="0"/><counter type="LINE" missed="2" covered="0"/><counter type="COMPLEXITY" missed="1" covered="0"/><counter type="METHOD" missed="1" covered="0"/></method><method name="beginStyle" desc="(I)V" line="1536"><counter type="INSTRUCTION" missed="5" covered="28"/><counter type="BRANCH" missed="3" covered="5"/><counter type="LINE" missed="2" covered="11"/><counter type="COMPLEXITY" missed="3" covered="3"/><counter type="METHOD" missed="0" covered="1"/></method><method name="endStyle" desc="()V" line="1567"><counter type="INSTRUCTION" missed="1" covered="15"/><counter type="BRANCH" missed="2" covered="2"/><counter type="LINE" missed="1" covered="5"/><counter type="COMPLEXITY" missed="2" covered="1"/><counter type="METHOD" missed="0" covered="1"/></method><method name="lineBreak" desc="()V" line="1585"><counter type="INSTRUCTION" missed="0" covered="20"/><counter type="BRANCH" missed="0" covered="2"/><counter type="LINE" missed="0" covered="6"/><counter type="COMPLEXITY" missed="0" covered="2"/><counter type="METHOD" missed="0" covered="1"/></method><method name="nonBreakingSpace" desc="()V" line="1600"><counter type="INSTRUCTION" missed="10" covered="9"/><counter type="BRANCH" missed="1" covered="1"/><counter type="LINE" missed="2" covered="3"/><counter type="COMPLEXITY" missed="1" covered="1"/><counter type="METHOD" missed="0" covered="1"/></method><method name="text" desc="(Ljava/lang/String;)V" line="1614"><counter type="INSTRUCTION" missed="11" covered="54"/><counter type="BRANCH" missed="1" covered="8"/><counter type="LINE" missed="2" covered="13"/><counter type="COMPLEXITY" missed="1" covered="5"/><counter type="METHOD" missed="0" covered="1"/></method><method name="unknown" desc="(Ljava/lang/String;[Ljava/lang/Object;Lorg/apache/maven/doxia/sink/SinkEventAttributes;)V" line="1654"><counter type="INSTRUCTION" missed="16" covered="0"/><counter type="LINE" missed="3" covered="0"/><counter type="COMPLEXITY" missed="1" covered="0"/><counter type="METHOD" missed="1" covered="0"/></method><method name="normalize" desc="(Ljava/lang/String;)Ljava/lang/String;" line="1660"><counter type="INSTRUCTION" missed="0" covered="45"/><counter type="BRANCH" missed="1" covered="7"/><counter type="LINE" missed="0" covered="9"/><counter type="COMPLEXITY" missed="1" covered="4"/><counter type="METHOD" missed="0" covered="1"/></method><method name="escape" desc="(Ljava/lang/String;)Ljava/lang/String;" line="1686"><counter type="INSTRUCTION" missed="0" covered="43"/><counter type="BRANCH" missed="0" covered="6"/><counter type="LINE" missed="0" covered="13"/><counter type="COMPLEXITY" missed="0" covered="5"/><counter type="METHOD" missed="0" covered="1"/></method><method name="getFont" desc="(II)Lorg/apache/maven/doxia/module/rtf/Font;" line="1720"><counter type="INSTRUCTION" missed="12" covered="42"/><counter type="BRANCH" missed="2" covered="2"/><counter type="LINE" missed="3" covered="12"/><counter type="COMPLEXITY" missed="1" covered="2"/><counter type="METHOD" missed="0" covered="1"/></method><method name="textWidth" desc="(Ljava/lang/String;Lorg/apache/maven/doxia/module/rtf/Font;)I" line="1753"><counter type="INSTRUCTION" missed="0" covered="25"/><counter type="BRANCH" missed="1" covered="3"/><counter type="LINE" missed="0" covered="8"/><counter type="COMPLEXITY" missed="1" covered="2"/><counter type="METHOD" missed="0" covered="1"/></method><method name="flush" desc="()V" line="1772"><counter type="INSTRUCTION" missed="0" covered="4"/><counter type="LINE" missed="0" covered="2"/><counter type="COMPLEXITY" missed="0" covered="1"/><counter type="METHOD" missed="0" covered="1"/></method><method name="close" desc="()V" line="1778"><counter type="INSTRUCTION" missed="0" covered="52"/><counter type="BRANCH" missed="2" covered="6"/><counter type="LINE" missed="0" covered="13"/><counter type="COMPLEXITY" missed="2" covered="3"/><counter type="METHOD" missed="0" covered="1"/></method><method name="logMessage" desc="(Ljava/lang/String;Ljava/lang/String;)V" line="1812"><counter type="INSTRUCTION" missed="5" covered="44"/><counter type="BRANCH" missed="3" covered="3"/><counter type="LINE" missed="2" covered="10"/><counter type="COMPLEXITY" missed="3" covered="1"/><counter type="METHOD" missed="0" covered="1"/></method><method name="init" desc="()V" line="1837"><counter type="INSTRUCTION" missed="0" covered="76"/><counter type="BRANCH" missed="1" covered="1"/><counter type="LINE" missed="0" covered="22"/><counter type="COMPLEXITY" missed="1" covered="1"/><counter type="METHOD" missed="0" covered="1"/></method><counter type="INSTRUCTION" missed="895" covered="1919"/><counter type="BRANCH" missed="75" covered="110"/><counter type="LINE" missed="205" covered="494"/><counter type="COMPLEXITY" missed="80" covered="136"/><counter type="METHOD" missed="23" covered="92"/><counter type="CLASS" missed="0" covered="1"/></class><class name="org/apache/maven/doxia/module/rtf/SansSerif" sourcefilename="SansSerif.java"><method name="&lt;init&gt;" desc="()V" line="160"><counter type="INSTRUCTION" missed="16" covered="0"/><counter type="LINE" missed="2" covered="0"/><counter type="COMPLEXITY" missed="1" covered="0"/><counter type="METHOD" missed="1" covered="0"/></method><method name="&lt;clinit&gt;" desc="()V" line="28"><counter type="INSTRUCTION" missed="3076" covered="0"/><counter type="LINE" missed="1" covered="0"/><counter type="COMPLEXITY" missed="1" covered="0"/><counter type="METHOD" missed="1" covered="0"/></method><counter type="INSTRUCTION" missed="3092" covered="0"/><counter type="LINE" missed="3" covered="0"/><counter type="COMPLEXITY" missed="2" covered="0"/><counter type="METHOD" missed="2" covered="0"/><counter type="CLASS" missed="1" covered="0"/></class><class name="org/apache/maven/doxia/module/rtf/WMFWriter$Dib" sourcefilename="WMFWriter.java"><method name="&lt;init&gt;" desc="()V" line="291"><counter type="INSTRUCTION" missed="9" covered="0"/><counter type="LINE" missed="3" covered="0"/><counter type="COMPLEXITY" missed="1" covered="0"/><counter type="METHOD" missed="1" covered="0"/></method><method name="size" desc="()I" line="335"><counter type="INSTRUCTION" missed="33" covered="0"/><counter type="BRANCH" missed="6" covered="0"/><counter type="LINE" missed="8" covered="0"/><counter type="COMPLEXITY" missed="4" covered="0"/><counter type="METHOD" missed="1" covered="0"/></method><method name="write" desc="(Ljava/io/OutputStream;)V" line="357"><counter type="INSTRUCTION" missed="68" covered="0"/><counter type="BRANCH" missed="6" covered="0"/><counter type="LINE" missed="18" covered="0"/><counter type="COMPLEXITY" missed="4" covered="0"/><counter type="METHOD" missed="1" covered="0"/></method><method name="print" desc="(Ljava/io/Writer;)V" line="388"><counter type="INSTRUCTION" missed="84" covered="0"/><counter type="BRANCH" missed="6" covered="0"/><counter type="LINE" missed="20" covered="0"/><counter type="COMPLEXITY" missed="4" covered="0"/><counter type="METHOD" missed="1" covered="0"/></method><method name="rlEncode8" desc="([BII[BI)I" line="422"><counter type="INSTRUCTION" missed="183" covered="0"/><counter type="BRANCH" missed="28" covered="0"/><counter type="LINE" missed="36" covered="0"/><counter type="COMPLEXITY" missed="15" covered="0"/><counter type="METHOD" missed="1" covered="0"/></method><counter type="INSTRUCTION" missed="377" covered="0"/><counter type="BRANCH" missed="46" covered="0"/><counter type="LINE" missed="85" covered="0"/><counter type="COMPLEXITY" missed="28" covered="0"/><counter type="METHOD" missed="5" covered="0"/><counter type="CLASS" missed="1" covered="0"/></class><class name="org/apache/maven/doxia/module/rtf/RtfSink$Space" sourcefilename="RtfSink.java"><method name="&lt;init&gt;" desc="(Lorg/apache/maven/doxia/module/rtf/RtfSink;I)V" line="2032"><counter type="INSTRUCTION" missed="0" covered="17"/><counter type="LINE" missed="0" covered="5"/><counter type="COMPLEXITY" missed="0" covered="1"/><counter type="METHOD" missed="0" covered="1"/></method><method name="set" desc="(I)V" line="2042"><counter type="INSTRUCTION" missed="0" covered="13"/><counter type="LINE" missed="0" covered="4"/><counter type="COMPLEXITY" missed="0" covered="1"/><counter type="METHOD" missed="0" covered="1"/></method><method name="get" desc="()I" line="2049"><counter type="INSTRUCTION" missed="0" covered="3"/><counter type="LINE" missed="0" covered="1"/><counter type="COMPLEXITY" missed="0" covered="1"/><counter type="METHOD" missed="0" covered="1"/></method><method name="restore" desc="()V" line="2054"><counter type="INSTRUCTION" missed="0" covered="24"/><counter type="BRANCH" missed="1" covered="1"/><counter type="LINE" missed="0" covered="5"/><counter type="COMPLEXITY" missed="1" covered="1"/><counter type="METHOD" missed="0" covered="1"/></method><method name="setNext" desc="(I)V" line="2064"><counter type="INSTRUCTION" missed="0" covered="4"/><counter type="LINE" missed="0" covered="2"/><counter type="COMPLEXITY" missed="0" covered="1"/><counter type="METHOD" missed="0" covered="1"/></method><method name="getNext" desc="()I" line="2069"><counter type="INSTRUCTION" missed="0" covered="9"/><counter type="LINE" missed="0" covered="3"/><counter type="COMPLEXITY" missed="0" covered="1"/><counter type="METHOD" missed="0" covered="1"/></method><method name="skip" desc="()V" line="2076"><counter type="INSTRUCTION" missed="0" covered="5"/><counter type="LINE" missed="0" covered="2"/><counter type="COMPLEXITY" missed="0" covered="1"/><counter type="METHOD" missed="0" covered="1"/></method><method name="skip" desc="(I)V" line="2081"><counter type="INSTRUCTION" missed="0" covered="26"/><counter type="BRANCH" missed="1" covered="1"/><counter type="LINE" missed="0" covered="5"/><counter type="COMPLEXITY" missed="1" covered="1"/><counter type="METHOD" missed="0" covered="1"/></method><counter type="INSTRUCTION" missed="0" covered="101"/><counter type="BRANCH" missed="2" covered="2"/><counter type="LINE" missed="0" covered="27"/><counter type="COMPLEXITY" missed="2" covered="8"/><counter type="METHOD" missed="0" covered="8"/><counter type="CLASS" missed="0" covered="1"/></class><class name="org/apache/maven/doxia/module/rtf/SerifItalic" sourcefilename="SerifItalic.java"><method name="&lt;init&gt;" desc="()V" line="160"><counter type="INSTRUCTION" missed="16" covered="0"/><counter type="LINE" missed="2" covered="0"/><counter type="COMPLEXITY" missed="1" covered="0"/><counter type="METHOD" missed="1" covered="0"/></method><method name="&lt;clinit&gt;" desc="()V" line="28"><counter type="INSTRUCTION" missed="3076" covered="0"/><counter type="LINE" missed="1" covered="0"/><counter type="COMPLEXITY" missed="1" covered="0"/><counter type="METHOD" missed="1" covered="0"/></method><counter type="INSTRUCTION" missed="3092" covered="0"/><counter type="LINE" missed="3" covered="0"/><counter type="COMPLEXITY" missed="2" covered="0"/><counter type="METHOD" missed="2" covered="0"/><counter type="CLASS" missed="1" covered="0"/></class><class name="org/apache/maven/doxia/module/rtf/WMFWriter$Record" sourcefilename="WMFWriter.java"><method name="&lt;init&gt;" desc="(I[I)V" line="240"><counter type="INSTRUCTION" missed="40" covered="0"/><counter type="BRANCH" missed="6" covered="0"/><counter type="LINE" missed="8" covered="0"/><counter type="COMPLEXITY" missed="4" covered="0"/><counter type="METHOD" missed="1" covered="0"/></method><method name="size" desc="()I" line="255"><counter type="INSTRUCTION" missed="3" covered="0"/><counter type="LINE" missed="1" covered="0"/><counter type="COMPLEXITY" missed="1" covered="0"/><counter type="METHOD" missed="1" covered="0"/></method><method name="write" desc="(Ljava/io/OutputStream;)V" line="261"><counter type="INSTRUCTION" missed="32" covered="0"/><counter type="BRANCH" missed="4" covered="0"/><counter type="LINE" missed="6" covered="0"/><counter type="COMPLEXITY" missed="3" covered="0"/><counter type="METHOD" missed="1" covered="0"/></method><method name="print" desc="(Ljava/io/Writer;)V" line="275"><counter type="INSTRUCTION" missed="32" covered="0"/><counter type="BRANCH" missed="4" covered="0"/><counter type="LINE" missed="6" covered="0"/><counter type="COMPLEXITY" missed="3" covered="0"/><counter type="METHOD" missed="1" covered="0"/></method><counter type="INSTRUCTION" missed="107" covered="0"/><counter type="BRANCH" missed="14" covered="0"/><counter type="LINE" missed="21" covered="0"/><counter type="COMPLEXITY" missed="11" covered="0"/><counter type="METHOD" missed="4" covered="0"/><counter type="CLASS" missed="1" covered="0"/></class><class name="org/apache/maven/doxia/module/rtf/MonospaceItalic" sourcefilename="MonospaceItalic.java"><method name="&lt;init&gt;" desc="()V" line="160"><counter type="INSTRUCTION" missed="16" covered="0"/><counter type="LINE" missed="2" covered="0"/><counter type="COMPLEXITY" missed="1" covered="0"/><counter type="METHOD" missed="1" covered="0"/></method><method name="&lt;clinit&gt;" desc="()V" line="28"><counter type="INSTRUCTION" missed="3076" covered="0"/><counter type="LINE" missed="1" covered="0"/><counter type="COMPLEXITY" missed="1" covered="0"/><counter type="METHOD" missed="1" covered="0"/></method><counter type="INSTRUCTION" missed="3092" covered="0"/><counter type="LINE" missed="3" covered="0"/><counter type="COMPLEXITY" missed="2" covered="0"/><counter type="METHOD" missed="2" covered="0"/><counter type="CLASS" missed="1" covered="0"/></class><class name="org/apache/maven/doxia/module/rtf/RtfSink$Context" sourcefilename="RtfSink.java"><method name="&lt;init&gt;" desc="()V" line="1895"><counter type="INSTRUCTION" missed="0" covered="11"/><counter type="LINE" missed="0" covered="3"/><counter type="COMPLEXITY" missed="0" covered="1"/><counter type="METHOD" missed="0" covered="1"/></method><method name="set" desc="(I)V" line="1903"><counter type="INSTRUCTION" missed="0" covered="10"/><counter type="LINE" missed="0" covered="3"/><counter type="COMPLEXITY" missed="0" covered="1"/><counter type="METHOD" missed="0" covered="1"/></method><method name="restore" desc="()V" line="1909"><counter type="INSTRUCTION" missed="0" covered="20"/><counter type="BRANCH" missed="1" covered="1"/><counter type="LINE" missed="0" covered="4"/><counter type="COMPLEXITY" missed="1" covered="1"/><counter type="METHOD" missed="0" covered="1"/></method><method name="get" desc="()I" line="1918"><counter type="INSTRUCTION" missed="0" covered="3"/><counter type="LINE" missed="0" covered="1"/><counter type="COMPLEXITY" missed="0" covered="1"/><counter type="METHOD" missed="0" covered="1"/></method><counter type="INSTRUCTION" missed="0" covered="44"/><counter type="BRANCH" missed="1" covered="1"/><counter type="LINE" missed="0" covered="11"/><counter type="COMPLEXITY" missed="1" covered="4"/><counter type="METHOD" missed="0" covered="4"/><counter type="CLASS" missed="0" covered="1"/></class><class name="org/apache/maven/doxia/module/rtf/WMFWriter$DibBitBltRecord" sourcefilename="WMFWriter.java"><method name="&lt;init&gt;" desc="([ILorg/apache/maven/doxia/module/rtf/WMFWriter$Dib;)V" line="528"><counter type="INSTRUCTION" missed="15" covered="0"/><counter type="LINE" missed="4" covered="0"/><counter type="COMPLEXITY" missed="1" covered="0"/><counter type="METHOD" missed="1" covered="0"/></method><method name="write" desc="(Ljava/io/OutputStream;)V" line="537"><counter type="INSTRUCTION" missed="8" covered="0"/><counter type="LINE" missed="3" covered="0"/><counter type="COMPLEXITY" missed="1" covered="0"/><counter type="METHOD" missed="1" covered="0"/></method><method name="print" desc="(Ljava/io/Writer;)V" line="545"><counter type="INSTRUCTION" missed="8" covered="0"/><counter type="LINE" missed="3" covered="0"/><counter type="COMPLEXITY" missed="1" covered="0"/><counter type="METHOD" missed="1" covered="0"/></method><counter type="INSTRUCTION" missed="31" covered="0"/><counter type="LINE" missed="10" covered="0"/><counter type="COMPLEXITY" missed="3" covered="0"/><counter type="METHOD" missed="3" covered="0"/><counter type="CLASS" missed="1" covered="0"/></class><class name="org/apache/maven/doxia/module/rtf/AlphaNumerals" sourcefilename="AlphaNumerals.java"><method name="&lt;init&gt;" desc="()V" line="25"><counter type="INSTRUCTION" missed="3" covered="0"/><counter type="LINE" missed="1" covered="0"/><counter type="COMPLEXITY" missed="1" covered="0"/><counter type="METHOD" missed="1" covered="0"/></method><method name="toString" desc="(I)Ljava/lang/String;" line="29"><counter type="INSTRUCTION" missed="4" covered="0"/><counter type="LINE" missed="1" covered="0"/><counter type="COMPLEXITY" missed="1" covered="0"/><counter type="METHOD" missed="1" covered="0"/></method><method name="toString" desc="(IZ)Ljava/lang/String;" line="34"><counter type="INSTRUCTION" missed="4" covered="33"/><counter type="BRANCH" missed="2" covered="4"/><counter type="LINE" missed="1" covered="9"/><counter type="COMPLEXITY" missed="2" covered="2"/><counter type="METHOD" missed="0" covered="1"/></method><counter type="INSTRUCTION" missed="11" covered="33"/><counter type="BRANCH" missed="2" covered="4"/><counter type="LINE" missed="3" covered="9"/><counter type="COMPLEXITY" missed="4" covered="2"/><counter type="METHOD" missed="2" covered="1"/><counter type="CLASS" missed="0" covered="1"/></class><class name="org/apache/maven/doxia/module/rtf/Font" sourcefilename="Font.java"><method name="&lt;init&gt;" desc="(II)V" line="36"><counter type="INSTRUCTION" missed="0" covered="10"/><counter type="LINE" missed="0" covered="4"/><counter type="COMPLEXITY" missed="0" covered="1"/><counter type="METHOD" missed="0" covered="1"/></method><method name="ascent" desc="()I" line="43"><counter type="INSTRUCTION" missed="6" covered="0"/><counter type="LINE" missed="1" covered="0"/><counter type="COMPLEXITY" missed="1" covered="0"/><counter type="METHOD" missed="1" covered="0"/></method><method name="descent" desc="()I" line="48"><counter type="INSTRUCTION" missed="6" covered="0"/><counter type="LINE" missed="1" covered="0"/><counter type="COMPLEXITY" missed="1" covered="0"/><counter type="METHOD" missed="1" covered="0"/></method><method name="textExtents" desc="(Ljava/lang/String;)Lorg/apache/maven/doxia/module/rtf/Font$TextExtents;" line="54"><counter type="INSTRUCTION" missed="2" covered="66"/><counter type="BRANCH" missed="1" covered="7"/><counter type="LINE" missed="1" covered="14"/><counter type="COMPLEXITY" missed="1" covered="4"/><counter type="METHOD" missed="0" covered="1"/></method><method name="toTwips" desc="(I)I" line="84"><counter type="INSTRUCTION" missed="0" covered="11"/><counter type="LINE" missed="0" covered="1"/><counter type="COMPLEXITY" missed="0" covered="1"/><counter type="METHOD" missed="0" covered="1"/></method><counter type="INSTRUCTION" missed="14" covered="87"/><counter type="BRANCH" missed="1" covered="7"/><counter type="LINE" missed="3" covered="19"/><counter type="COMPLEXITY" missed="3" covered="6"/><counter type="METHOD" missed="2" covered="3"/><counter type="CLASS" missed="0" covered="1"/></class><class name="org/apache/maven/doxia/module/rtf/SerifBold" sourcefilename="SerifBold.java"><method name="&lt;init&gt;" desc="()V" line="160"><counter type="INSTRUCTION" missed="0" covered="16"/><counter type="LINE" missed="0" covered="2"/><counter type="COMPLEXITY" missed="0" covered="1"/><counter type="METHOD" missed="0" covered="1"/></method><method name="&lt;clinit&gt;" desc="()V" line="28"><counter type="INSTRUCTION" missed="0" covered="3076"/><counter type="LINE" missed="0" covered="1"/><counter type="COMPLEXITY" missed="0" covered="1"/><counter type="METHOD" missed="0" covered="1"/></method><counter type="INSTRUCTION" missed="0" covered="3092"/><counter type="LINE" missed="0" covered="3"/><counter type="COMPLEXITY" missed="0" covered="2"/><counter type="METHOD" missed="0" covered="2"/><counter type="CLASS" missed="0" covered="1"/></class><class name="org/apache/maven/doxia/module/rtf/PBMReader$HeaderReader" sourcefilename="PBMReader.java"><method name="&lt;init&gt;" desc="(Lorg/apache/maven/doxia/module/rtf/PBMReader;)V" line="174"><counter type="INSTRUCTION" missed="6" covered="0"/><counter type="LINE" missed="1" covered="0"/><counter type="COMPLEXITY" missed="1" covered="0"/><counter type="METHOD" missed="1" covered="0"/></method><method name="read" desc="(Ljava/lang/String;)I" line="186"><counter type="INSTRUCTION" missed="121" covered="0"/><counter type="BRANCH" missed="12" covered="0"/><counter type="LINE" missed="29" covered="0"/><counter type="COMPLEXITY" missed="8" covered="0"/><counter type="METHOD" missed="1" covered="0"/></method><method name="getField" desc="()Ljava/lang/String;" line="251"><counter type="INSTRUCTION" missed="42" covered="0"/><counter type="BRANCH" missed="8" covered="0"/><counter type="LINE" missed="13" covered="0"/><counter type="COMPLEXITY" missed="5" covered="0"/><counter type="METHOD" missed="1" covered="0"/></method><method name="getChar" desc="()C" line="287"><counter type="INSTRUCTION" missed="19" covered="0"/><counter type="BRANCH" missed="2" covered="0"/><counter type="LINE" missed="5" covered="0"/><counter type="COMPLEXITY" missed="2" covered="0"/><counter type="METHOD" missed="1" covered="0"/></method><method name="skipComment" desc="()V" line="301"><counter type="INSTRUCTION" missed="8" covered="0"/><counter type="BRANCH" missed="2" covered="0"/><counter type="LINE" missed="4" covered="0"/><counter type="COMPLEXITY" missed="2" covered="0"/><counter type="METHOD" missed="1" covered="0"/></method><counter type="INSTRUCTION" missed="196" covered="0"/><counter type="BRANCH" missed="24" covered="0"/><counter type="LINE" missed="52" covered="0"/><counter type="COMPLEXITY" missed="18" covered="0"/><counter type="METHOD" missed="5" covered="0"/><counter type="CLASS" missed="1" covered="0"/></class><class name="org/apache/maven/doxia/module/rtf/Monospace" sourcefilename="Monospace.java"><method name="&lt;init&gt;" desc="()V" line="160"><counter type="INSTRUCTION" missed="0" covered="16"/><counter type="LINE" missed="0" covered="2"/><counter type="COMPLEXITY" missed="0" covered="1"/><counter type="METHOD" missed="0" covered="1"/></method><method name="&lt;clinit&gt;" desc="()V" line="28"><counter type="INSTRUCTION" missed="0" covered="3076"/><counter type="LINE" missed="0" covered="1"/><counter type="COMPLEXITY" missed="0" covered="1"/><counter type="METHOD" missed="0" covered="1"/></method><counter type="INSTRUCTION" missed="0" covered="3092"/><counter type="LINE" missed="0" covered="3"/><counter type="COMPLEXITY" missed="0" covered="2"/><counter type="METHOD" missed="0" covered="2"/><counter type="CLASS" missed="0" covered="1"/></class><class name="org/apache/maven/doxia/module/rtf/RtfSink$Indentation" sourcefilename="RtfSink.java"><method name="&lt;init&gt;" desc="(I)V" line="2094"><counter type="INSTRUCTION" missed="0" covered="11"/><counter type="LINE" missed="0" covered="4"/><counter type="COMPLEXITY" missed="0" covered="1"/><counter type="METHOD" missed="0" covered="1"/></method><method name="set" desc="(I)V" line="2103"><counter type="INSTRUCTION" missed="0" covered="10"/><counter type="LINE" missed="0" covered="3"/><counter type="COMPLEXITY" missed="0" covered="1"/><counter type="METHOD" missed="0" covered="1"/></method><method name="get" desc="()I" line="2109"><counter type="INSTRUCTION" missed="0" covered="3"/><counter type="LINE" missed="0" covered="1"/><counter type="COMPLEXITY" missed="0" covered="1"/><counter type="METHOD" missed="0" covered="1"/></method><method name="restore" desc="()V" line="2114"><counter type="INSTRUCTION" missed="0" covered="20"/><counter type="BRANCH" missed="1" covered="1"/><counter type="LINE" missed="0" covered="4"/><counter type="COMPLEXITY" missed="1" covered="1"/><counter type="METHOD" missed="0" covered="1"/></method><method name="add" desc="(I)V" line="2123"><counter type="INSTRUCTION" missed="0" covered="7"/><counter type="LINE" missed="0" covered="2"/><counter type="COMPLEXITY" missed="0" covered="1"/><counter type="METHOD" missed="0" covered="1"/></method><counter type="INSTRUCTION" missed="0" covered="51"/><counter type="BRANCH" missed="1" covered="1"/><counter type="LINE" missed="0" covered="14"/><counter type="COMPLEXITY" missed="1" covered="5"/><counter type="METHOD" missed="0" covered="5"/><counter type="CLASS" missed="0" covered="1"/></class><class name="org/apache/maven/doxia/module/rtf/RtfSink$Cell" sourcefilename="RtfSink.java"><method name="&lt;init&gt;" desc="(Lorg/apache/maven/doxia/module/rtf/RtfSink;)V" line="2208"><counter type="INSTRUCTION" missed="0" covered="11"/><counter type="LINE" missed="0" covered="2"/><counter type="COMPLEXITY" missed="0" covered="1"/><counter type="METHOD" missed="0" covered="1"/></method><method name="add" desc="(Lorg/apache/maven/doxia/module/rtf/RtfSink$Line;)V" line="2214"><counter type="INSTRUCTION" missed="0" covered="5"/><counter type="LINE" missed="0" covered="2"/><counter type="COMPLEXITY" missed="0" covered="1"/><counter type="METHOD" missed="0" covered="1"/></method><method name="boundingBox" desc="()Lorg/apache/maven/doxia/module/rtf/RtfSink$Box;" line="2219"><counter type="INSTRUCTION" missed="1" covered="91"/><counter type="BRANCH" missed="2" covered="8"/><counter type="LINE" missed="1" covered="21"/><counter type="COMPLEXITY" missed="2" covered="4"/><counter type="METHOD" missed="0" covered="1"/></method><counter type="INSTRUCTION" missed="1" covered="107"/><counter type="BRANCH" missed="2" covered="8"/><counter type="LINE" missed="1" covered="25"/><counter type="COMPLEXITY" missed="2" covered="6"/><counter type="METHOD" missed="0" covered="3"/><counter type="CLASS" missed="0" covered="1"/></class><class name="org/apache/maven/doxia/module/rtf/SansSerifItalic" sourcefilename="SansSerifItalic.java"><method name="&lt;init&gt;" desc="()V" line="160"><counter type="INSTRUCTION" missed="16" covered="0"/><counter type="LINE" missed="2" covered="0"/><counter type="COMPLEXITY" missed="1" covered="0"/><counter type="METHOD" missed="1" covered="0"/></method><method name="&lt;clinit&gt;" desc="()V" line="28"><counter type="INSTRUCTION" missed="3076" covered="0"/><counter type="LINE" missed="1" covered="0"/><counter type="COMPLEXITY" missed="1" covered="0"/><counter type="METHOD" missed="1" covered="0"/></method><counter type="INSTRUCTION" missed="3092" covered="0"/><counter type="LINE" missed="3" covered="0"/><counter type="COMPLEXITY" missed="2" covered="0"/><counter type="METHOD" missed="2" covered="0"/><counter type="CLASS" missed="1" covered="0"/></class><class name="org/apache/maven/doxia/module/rtf/RtfSink$Line" sourcefilename="RtfSink.java"><method name="&lt;init&gt;" desc="()V" line="2261"><counter type="INSTRUCTION" missed="0" covered="8"/><counter type="LINE" missed="0" covered="2"/><counter type="COMPLEXITY" missed="0" covered="1"/><counter type="METHOD" missed="0" covered="1"/></method><method name="add" desc="(Lorg/apache/maven/doxia/module/rtf/RtfSink$Item;)V" line="2267"><counter type="INSTRUCTION" missed="0" covered="5"/><counter type="LINE" missed="0" covered="2"/><counter type="COMPLEXITY" missed="0" covered="1"/><counter type="METHOD" missed="0" covered="1"/></method><counter type="INSTRUCTION" missed="0" covered="13"/><counter type="LINE" missed="0" covered="4"/><counter type="COMPLEXITY" missed="0" covered="2"/><counter type="METHOD" missed="0" covered="2"/><counter type="CLASS" missed="0" covered="1"/></class><class name="org/apache/maven/doxia/module/rtf/FontMetrics" sourcefilename="FontMetrics.java"><method name="&lt;init&gt;" desc="(ZIILorg/apache/maven/doxia/module/rtf/FontMetrics$CharMetrics;[Lorg/apache/maven/doxia/module/rtf/FontMetrics$CharMetrics;)V" line="38"><counter type="INSTRUCTION" missed="0" covered="20"/><counter type="LINE" missed="0" covered="7"/><counter type="COMPLEXITY" missed="0" covered="1"/><counter type="METHOD" missed="0" covered="1"/></method><method name="find" desc="(I)Lorg/apache/maven/doxia/module/rtf/FontMetrics;" line="49"><counter type="INSTRUCTION" missed="5" covered="48"/><counter type="BRANCH" missed="1" covered="3"/><counter type="LINE" missed="2" covered="12"/><counter type="COMPLEXITY" missed="1" covered="3"/><counter type="METHOD" missed="0" covered="1"/></method><counter type="INSTRUCTION" missed="5" covered="68"/><counter type="BRANCH" missed="1" covered="3"/><counter type="LINE" missed="2" covered="19"/><counter type="COMPLEXITY" missed="1" covered="4"/><counter type="METHOD" missed="0" covered="2"/><counter type="CLASS" missed="0" covered="1"/></class><class name="org/apache/maven/doxia/module/rtf/RtfSink$Table" sourcefilename="RtfSink.java"><method name="&lt;init&gt;" desc="([IZ)V" line="2140"><counter type="INSTRUCTION" missed="0" covered="23"/><counter type="LINE" missed="0" covered="7"/><counter type="COMPLEXITY" missed="0" covered="1"/><counter type="METHOD" missed="0" covered="1"/></method><method name="add" desc="(Lorg/apache/maven/doxia/module/rtf/RtfSink$Row;)V" line="2150"><counter type="INSTRUCTION" missed="1" covered="39"/><counter type="BRANCH" missed="1" covered="5"/><counter type="LINE" missed="1" covered="8"/><counter type="COMPLEXITY" missed="1" covered="3"/><counter type="METHOD" missed="0" covered="1"/></method><method name="width" desc="()I" line="2169"><counter type="INSTRUCTION" missed="0" covered="31"/><counter type="BRANCH" missed="0" covered="4"/><counter type="LINE" missed="0" covered="6"/><counter type="COMPLEXITY" missed="0" covered="3"/><counter type="METHOD" missed="0" covered="1"/></method><counter type="INSTRUCTION" missed="1" covered="93"/><counter type="BRANCH" missed="1" covered="9"/><counter type="LINE" missed="1" covered="21"/><counter type="COMPLEXITY" missed="1" covered="7"/><counter type="METHOD" missed="0" covered="3"/><counter type="CLASS" missed="0" covered="1"/></class><class name="org/apache/maven/doxia/module/rtf/WMFWriter" sourcefilename="WMFWriter.java"><method name="&lt;init&gt;" desc="()V" line="63"><counter type="INSTRUCTION" missed="34" covered="0"/><counter type="LINE" missed="10" covered="0"/><counter type="COMPLEXITY" missed="1" covered="0"/><counter type="METHOD" missed="1" covered="0"/></method><method name="add" desc="(Lorg/apache/maven/doxia/module/rtf/WMFWriter$Record;)V" line="77"><counter type="INSTRUCTION" missed="21" covered="0"/><counter type="BRANCH" missed="2" covered="0"/><counter type="LINE" missed="6" covered="0"/><counter type="COMPLEXITY" missed="2" covered="0"/><counter type="METHOD" missed="1" covered="0"/></method><method name="size" desc="()I" line="89"><counter type="INSTRUCTION" missed="3" covered="0"/><counter type="LINE" missed="1" covered="0"/><counter type="COMPLEXITY" missed="1" covered="0"/><counter type="METHOD" missed="1" covered="0"/></method><method name="write" desc="(Ljava/lang/String;)V" line="95"><counter type="INSTRUCTION" missed="16" covered="0"/><counter type="LINE" missed="5" covered="0"/><counter type="COMPLEXITY" missed="1" covered="0"/><counter type="METHOD" missed="1" covered="0"/></method><method name="write" desc="(Ljava/io/OutputStream;)V" line="104"><counter type="INSTRUCTION" missed="52" covered="0"/><counter type="BRANCH" missed="2" covered="0"/><counter type="LINE" missed="12" covered="0"/><counter type="COMPLEXITY" missed="2" covered="0"/><counter type="METHOD" missed="1" covered="0"/></method><method name="write16" desc="(ILjava/io/OutputStream;)V" line="127"><counter type="INSTRUCTION" missed="9" covered="0"/><counter type="LINE" missed="3" covered="0"/><counter type="COMPLEXITY" missed="1" covered="0"/><counter type="METHOD" missed="1" covered="0"/></method><method name="write32" desc="(ILjava/io/OutputStream;)V" line="137"><counter type="INSTRUCTION" missed="19" covered="0"/><counter type="LINE" missed="5" covered="0"/><counter type="COMPLEXITY" missed="1" covered="0"/><counter type="METHOD" missed="1" covered="0"/></method><method name="print" desc="(Ljava/io/Writer;)V" line="146"><counter type="INSTRUCTION" missed="56" covered="0"/><counter type="BRANCH" missed="2" covered="0"/><counter type="LINE" missed="13" covered="0"/><counter type="COMPLEXITY" missed="2" covered="0"/><counter type="METHOD" missed="1" covered="0"/></method><method name="print16" desc="(ILjava/io/Writer;)V" line="167"><counter type="INSTRUCTION" missed="21" covered="0"/><counter type="LINE" missed="5" covered="0"/><counter type="COMPLEXITY" missed="1" covered="0"/><counter type="METHOD" missed="1" covered="0"/></method><method name="print32" desc="(ILjava/io/Writer;)V" line="176"><counter type="INSTRUCTION" missed="35" covered="0"/><counter type="LINE" missed="7" covered="0"/><counter type="COMPLEXITY" missed="1" covered="0"/><counter type="METHOD" missed="1" covered="0"/></method><method name="print" desc="([BIILjava/io/Writer;)V" line="187"><counter type="INSTRUCTION" missed="80" covered="0"/><counter type="BRANCH" missed="6" covered="0"/><counter type="LINE" missed="12" covered="0"/><counter type="COMPLEXITY" missed="4" covered="0"/><counter type="METHOD" missed="1" covered="0"/></method><method name="print" desc="([BIILjava/io/Writer;I)V" line="217"><counter type="INSTRUCTION" missed="31" covered="0"/><counter type="BRANCH" missed="2" covered="0"/><counter type="LINE" missed="9" covered="0"/><counter type="COMPLEXITY" missed="2" covered="0"/><counter type="METHOD" missed="1" covered="0"/></method><method name="&lt;clinit&gt;" desc="()V" line="41"><counter type="INSTRUCTION" missed="7" covered="0"/><counter type="LINE" missed="1" covered="0"/><counter type="COMPLEXITY" missed="1" covered="0"/><counter type="METHOD" missed="1" covered="0"/></method><counter type="INSTRUCTION" missed="384" covered="0"/><counter type="BRANCH" missed="14" covered="0"/><counter type="LINE" missed="89" covered="0"/><counter type="COMPLEXITY" missed="20" covered="0"/><counter type="METHOD" missed="13" covered="0"/><counter type="CLASS" missed="1" covered="0"/></class><class name="org/apache/maven/doxia/module/rtf/FontMetrics$CharMetrics" sourcefilename="FontMetrics.java"><method name="&lt;init&gt;" desc="(IIIIII)V" line="92"><counter type="INSTRUCTION" missed="0" covered="27"/><counter type="LINE" missed="0" covered="8"/><counter type="COMPLEXITY" missed="0" covered="1"/><counter type="METHOD" missed="0" covered="1"/></method><counter type="INSTRUCTION" missed="0" covered="27"/><counter type="LINE" missed="0" covered="8"/><counter type="COMPLEXITY" missed="0" covered="1"/><counter type="METHOD" missed="0" covered="1"/><counter type="CLASS" missed="0" covered="1"/></class><class name="org/apache/maven/doxia/module/rtf/SansSerifBold" sourcefilename="SansSerifBold.java"><method name="&lt;init&gt;" desc="()V" line="160"><counter type="INSTRUCTION" missed="16" covered="0"/><counter type="LINE" missed="2" covered="0"/><counter type="COMPLEXITY" missed="1" covered="0"/><counter type="METHOD" missed="1" covered="0"/></method><method name="&lt;clinit&gt;" desc="()V" line="28"><counter type="INSTRUCTION" missed="3076" covered="0"/><counter type="LINE" missed="1" covered="0"/><counter type="COMPLEXITY" missed="1" covered="0"/><counter type="METHOD" missed="1" covered="0"/></method><counter type="INSTRUCTION" missed="3092" covered="0"/><counter type="LINE" missed="3" covered="0"/><counter type="COMPLEXITY" missed="2" covered="0"/><counter type="METHOD" missed="2" covered="0"/><counter type="CLASS" missed="1" covered="0"/></class><class name="org/apache/maven/doxia/module/rtf/MonospaceBoldItalic" sourcefilename="MonospaceBoldItalic.java"><method name="&lt;init&gt;" desc="()V" line="160"><counter type="INSTRUCTION" missed="16" covered="0"/><counter type="LINE" missed="2" covered="0"/><counter type="COMPLEXITY" missed="1" covered="0"/><counter type="METHOD" missed="1" covered="0"/></method><method name="&lt;clinit&gt;" desc="()V" line="28"><counter type="INSTRUCTION" missed="3076" covered="0"/><counter type="LINE" missed="1" covered="0"/><counter type="COMPLEXITY" missed="1" covered="0"/><counter type="METHOD" missed="1" covered="0"/></method><counter type="INSTRUCTION" missed="3092" covered="0"/><counter type="LINE" missed="3" covered="0"/><counter type="COMPLEXITY" missed="2" covered="0"/><counter type="METHOD" missed="2" covered="0"/><counter type="CLASS" missed="1" covered="0"/></class><class name="org/apache/maven/doxia/module/rtf/RtfSink$Box" sourcefilename="RtfSink.java"><method name="&lt;init&gt;" desc="(II)V" line="2291"><counter type="INSTRUCTION" missed="0" covered="9"/><counter type="LINE" missed="0" covered="4"/><counter type="COMPLEXITY" missed="0" covered="1"/><counter type="METHOD" missed="0" covered="1"/></method><counter type="INSTRUCTION" missed="0" covered="9"/><counter type="LINE" missed="0" covered="4"/><counter type="COMPLEXITY" missed="0" covered="1"/><counter type="METHOD" missed="0" covered="1"/><counter type="CLASS" missed="0" covered="1"/></class><class name="org/apache/maven/doxia/module/rtf/SansSerifBoldItalic" sourcefilename="SansSerifBoldItalic.java"><method name="&lt;init&gt;" desc="()V" line="160"><counter type="INSTRUCTION" missed="16" covered="0"/><counter type="LINE" missed="2" covered="0"/><counter type="COMPLEXITY" missed="1" covered="0"/><counter type="METHOD" missed="1" covered="0"/></method><method name="&lt;clinit&gt;" desc="()V" line="28"><counter type="INSTRUCTION" missed="3076" covered="0"/><counter type="LINE" missed="1" covered="0"/><counter type="COMPLEXITY" missed="1" covered="0"/><counter type="METHOD" missed="1" covered="0"/></method><counter type="INSTRUCTION" missed="3092" covered="0"/><counter type="LINE" missed="3" covered="0"/><counter type="COMPLEXITY" missed="2" covered="0"/><counter type="METHOD" missed="2" covered="0"/><counter type="CLASS" missed="1" covered="0"/></class><sourcefile name="Font.java"><line nr="36" mi="0" ci="2" mb="0" cb="0"/><line nr="37" mi="0" ci="3" mb="0" cb="0"/><line nr="38" mi="0" ci="4" mb="0" cb="0"/><line nr="39" mi="0" ci="1" mb="0" cb="0"/><line nr="43" mi="6" ci="0" mb="0" cb="0"/><line nr="48" mi="6" ci="0" mb="0" cb="0"/><line nr="54" mi="0" ci="2" mb="0" cb="0"/><line nr="55" mi="0" ci="2" mb="0" cb="0"/><line nr="56" mi="0" ci="2" mb="0" cb="0"/><line nr="58" mi="0" ci="10" mb="0" cb="2"/><line nr="60" mi="0" ci="4" mb="0" cb="0"/><line nr="61" mi="0" ci="3" mb="1" cb="1"/><line nr="63" mi="2" ci="0" mb="0" cb="0"/><line nr="65" mi="0" ci="6" mb="0" cb="0"/><line nr="66" mi="0" ci="5" mb="0" cb="0"/><line nr="67" mi="0" ci="4" mb="0" cb="2"/><line nr="69" mi="0" ci="3" mb="0" cb="0"/><line nr="71" mi="0" ci="4" mb="0" cb="2"/><line nr="73" mi="0" ci="3" mb="0" cb="0"/><line nr="77" mi="0" ci="5" mb="0" cb="0"/><line nr="79" mi="0" ci="13" mb="0" cb="0"/><line nr="84" mi="0" ci="11" mb="0" cb="0"/><line nr="97" mi="0" ci="2" mb="0" cb="0"/><line nr="98" mi="0" ci="3" mb="0" cb="0"/><line nr="99" mi="0" ci="3" mb="0" cb="0"/><line nr="100" mi="0" ci="3" mb="0" cb="0"/><line nr="101" mi="0" ci="1" mb="0" cb="0"/><counter type="INSTRUCTION" missed="14" covered="99"/><counter type="BRANCH" missed="1" covered="7"/><counter type="LINE" missed="3" covered="24"/><counter type="COMPLEXITY" missed="3" covered="7"/><counter type="METHOD" missed="2" covered="4"/><counter type="CLASS" missed="0" covered="2"/></sourcefile><sourcefile name="SansSerifItalic.java"><line nr="28" mi="3076" ci="0" mb="0" cb="0"/><line nr="160" mi="15" ci="0" mb="0" cb="0"/><line nr="161" mi="1" ci="0" mb="0" cb="0"/><counter type="INSTRUCTION" missed="3092" covered="0"/><counter type="LINE" missed="3" covered="0"/><counter type="COMPLEXITY" missed="2" covered="0"/><counter type="METHOD" missed="2" covered="0"/
[...]
"0" cb="0"/><line nr="1377" mi="3" ci="0" mb="0" cb="0"/><line nr="1378" mi="4" ci="0" mb="0" cb="0"/><line nr="1379" mi="4" ci="0" mb="0" cb="0"/><line nr="1383" mi="4" ci="0" mb="0" cb="0"/><line nr="1387" mi="4" ci="0" mb="0" cb="0"/><line nr="1388" mi="1" ci="0" mb="0" cb="0"/><line nr="1393" mi="0" ci="5" mb="0" cb="0"/><line nr="1394" mi="0" ci="3" mb="0" cb="0"/><line nr="1395" mi="0" ci="6" mb="0" cb="0"/><line nr="1396" mi="0" ci="3" mb="0" cb="0"/><line nr="1397" mi="0" ci="1" mb="0" cb="0"/><line nr="1402" mi="0" ci="2" mb="0" cb="0"/><line nr="1403" mi="0" ci="1" mb="0" cb="0"/><line nr="1408" mi="0" ci="13" mb="0" cb="0"/><line nr="1410" mi="0" ci="4" mb="0" cb="0"/><line nr="1411" mi="0" ci="2" mb="1" cb="1"/><line nr="1413" mi="0" ci="11" mb="0" cb="0"/><line nr="1415" mi="0" ci="4" mb="0" cb="0"/><line nr="1417" mi="0" ci="4" mb="0" cb="0"/><line nr="1418" mi="0" ci="4" mb="0" cb="0"/><line nr="1419" mi="0" ci="1" mb="0" cb="0"/><line nr="1424" mi="0" ci="4" mb="0" cb="0"/><line nr="1425" mi="0" ci="1" mb="0" cb="0"/><line nr="1431" mi="0" ci="1" mb="0" cb="0"/><line nr="1437" mi="0" ci="1" mb="0" cb="0"/><line nr="1443" mi="0" ci="1" mb="0" cb="0"/><line nr="1449" mi="0" ci="1" mb="0" cb="0"/><line nr="1454" mi="3" ci="0" mb="0" cb="0"/><line nr="1455" mi="1" ci="0" mb="0" cb="0"/><line nr="1460" mi="0" ci="4" mb="0" cb="0"/><line nr="1462" mi="0" ci="2" mb="1" cb="1"/><line nr="1465" mi="0" ci="5" mb="0" cb="2"/><line nr="1467" mi="0" ci="6" mb="0" cb="0"/><line nr="1468" mi="0" ci="3" mb="0" cb="0"/><line nr="1471" mi="0" ci="5" mb="0" cb="2"/><line nr="1473" mi="0" ci="6" mb="0" cb="0"/><line nr="1474" mi="0" ci="3" mb="0" cb="0"/><line nr="1477" mi="0" ci="5" mb="0" cb="2"/><line nr="1479" mi="0" ci="6" mb="0" cb="0"/><line nr="1480" mi="0" ci="3" mb="0" cb="0"/><line nr="1485" mi="0" ci="5" mb="0" cb="0"/><line nr="1486" mi="0" ci="1" mb="0" cb="0"/><line nr="1491" mi="0" ci="13" mb="0" cb="2"/><line nr="1493" mi="0" ci="2" mb="0" cb="0"/><line nr="1494" mi="0" ci="4" mb="0" cb="0"/><line nr="1495" mi="0" ci="1" mb="0" cb="0"/><line nr="1496" mi="0" ci="1" mb="0" cb="0"/><line nr="1501" mi="0" ci="3" mb="0" cb="0"/><line nr="1502" mi="0" ci="1" mb="0" cb="0"/><line nr="1507" mi="0" ci="2" mb="0" cb="0"/><line nr="1508" mi="0" ci="1" mb="0" cb="0"/><line nr="1513" mi="3" ci="0" mb="0" cb="0"/><line nr="1514" mi="1" ci="0" mb="0" cb="0"/><line nr="1519" mi="2" ci="0" mb="0" cb="0"/><line nr="1520" mi="1" ci="0" mb="0" cb="0"/><line nr="1525" mi="3" ci="0" mb="0" cb="0"/><line nr="1526" mi="1" ci="0" mb="0" cb="0"/><line nr="1531" mi="2" ci="0" mb="0" cb="0"/><line nr="1532" mi="1" ci="0" mb="0" cb="0"/><line nr="1536" mi="0" ci="3" mb="0" cb="0"/><line nr="1538" mi="0" ci="4" mb="1" cb="1"/><line nr="1541" mi="1" ci="0" mb="0" cb="0"/><line nr="1543" mi="0" ci="3" mb="1" cb="1"/><line nr="1545" mi="0" ci="2" mb="1" cb="3"/><line nr="1548" mi="0" ci="4" mb="0" cb="0"/><line nr="1549" mi="0" ci="1" mb="0" cb="0"/><line nr="1551" mi="0" ci="4" mb="0" cb="0"/><line nr="1552" mi="0" ci="1" mb="0" cb="0"/><line nr="1554" mi="0" ci="4" mb="0" cb="0"/><line nr="1555" mi="0" ci="1" mb="0" cb="0"/><line nr="1557" mi="4" ci="0" mb="0" cb="0"/><line nr="1563" mi="0" ci="1" mb="0" cb="0"/><line nr="1567" mi="0" ci="3" mb="0" cb="0"/><line nr="1569" mi="0" ci="4" mb="1" cb="1"/><line nr="1572" mi="1" ci="0" mb="0" cb="0"/><line nr="1574" mi="0" ci="3" mb="1" cb="1"/><line nr="1576" mi="0" ci="4" mb="0" cb="0"/><line nr="1580" mi="0" ci="1" mb="0" cb="0"/><line nr="1585" mi="0" ci="4" mb="0" cb="2"/><line nr="1588" mi="0" ci="5" mb="0" cb="0"/><line nr="1589" mi="0" ci="5" mb="0" cb="0"/><line nr="1590" mi="0" ci="1" mb="0" cb="0"/><line nr="1592" mi="0" ci="4" mb="0" cb="0"/><line nr="1595" mi="0" ci="1" mb="0" cb="0"/><line nr="1600" mi="0" ci="4" mb="1" cb="1"/><line nr="1603" mi="9" ci="0" mb="0" cb="0"/><line nr="1604" mi="1" ci="0" mb="0" cb="0"/><line nr="1606" mi="0" ci="4" mb="0" cb="0"/><line nr="1609" mi="0" ci="1" mb="0" cb="0"/><line nr="1614" mi="0" ci="4" mb="0" cb="3"/><line nr="1617" mi="0" ci="5" mb="0" cb="0"/><line nr="1618" mi="0" ci="1" mb="0" cb="0"/><line nr="1621" mi="0" ci="7" mb="0" cb="0"/><line nr="1622" mi="0" ci="3" mb="0" cb="2"/><line nr="1624" mi="0" ci="3" mb="0" cb="0"/><line nr="1625" mi="0" ci="4" mb="1" cb="1"/><line nr="1627" mi="5" ci="0" mb="0" cb="0"/><line nr="1628" mi="6" ci="0" mb="0" cb="0"/><line nr="1632" mi="0" ci="10" mb="0" cb="0"/><line nr="1634" mi="0" ci="1" mb="0" cb="0"/><line nr="1638" mi="0" ci="3" mb="0" cb="2"/><line nr="1640" mi="0" ci="6" mb="0" cb="0"/><line nr="1642" mi="0" ci="6" mb="0" cb="0"/><line nr="1644" mi="0" ci="1" mb="0" cb="0"/><line nr="1654" mi="11" ci="0" mb="0" cb="0"/><line nr="1655" mi="4" ci="0" mb="0" cb="0"/><line nr="1656" mi="1" ci="0" mb="0" cb="0"/><line nr="1660" mi="0" ci="3" mb="0" cb="0"/><line nr="1661" mi="0" ci="5" mb="0" cb="0"/><line nr="1663" mi="0" ci="7" mb="0" cb="2"/><line nr="1665" mi="0" ci="4" mb="0" cb="0"/><line nr="1667" mi="0" ci="3" mb="0" cb="2"/><line nr="1669" mi="0" ci="11" mb="1" cb="3"/><line nr="1671" mi="0" ci="5" mb="0" cb="0"/><line nr="1677" mi="0" ci="4" mb="0" cb="0"/><line nr="1681" mi="0" ci="3" mb="0" cb="0"/><line nr="1686" mi="0" ci="3" mb="0" cb="0"/><line nr="1687" mi="0" ci="5" mb="0" cb="0"/><line nr="1689" mi="0" ci="7" mb="0" cb="2"/><line nr="1691" mi="0" ci="4" mb="0" cb="0"/><line nr="1692" mi="0" ci="2" mb="0" cb="4"/><line nr="1695" mi="0" ci="4" mb="0" cb="0"/><line nr="1696" mi="0" ci="1" mb="0" cb="0"/><line nr="1698" mi="0" ci="4" mb="0" cb="0"/><line nr="1699" mi="0" ci="1" mb="0" cb="0"/><line nr="1701" mi="0" ci="4" mb="0" cb="0"/><line nr="1702" mi="0" ci="1" mb="0" cb="0"/><line nr="1704" mi="0" ci="4" mb="0" cb="0"/><line nr="1708" mi="0" ci="3" mb="0" cb="0"/><line nr="1720" mi="0" ci="2" mb="0" cb="0"/><line nr="1722" mi="0" ci="4" mb="0" cb="0"/><line nr="1723" mi="0" ci="4" mb="0" cb="0"/><line nr="1724" mi="0" ci="4" mb="0" cb="0"/><line nr="1725" mi="0" ci="3" mb="0" cb="0"/><line nr="1727" mi="0" ci="5" mb="0" cb="0"/><line nr="1728" mi="0" ci="2" mb="0" cb="2"/><line nr="1732" mi="0" ci="6" mb="0" cb="0"/><line nr="1733" mi="0" ci="6" mb="0" cb="0"/><line nr="1735" mi="1" ci="0" mb="0" cb="0"/><line nr="1737" mi="4" ci="0" mb="2" cb="0"/><line nr="1739" mi="6" ci="0" mb="0" cb="0"/><line nr="1741" mi="1" ci="1" mb="0" cb="0"/><line nr="1745" mi="0" ci="3" mb="0" cb="0"/><line nr="1748" mi="0" ci="2" mb="0" cb="0"/><line nr="1753" mi="0" ci="2" mb="0" cb="0"/><line nr="1754" mi="0" ci="6" mb="0" cb="0"/><line nr="1756" mi="0" ci="3" mb="0" cb="2"/><line nr="1758" mi="0" ci="6" mb="0" cb="0"/><line nr="1759" mi="0" ci="3" mb="1" cb="1"/><line nr="1761" mi="0" ci="2" mb="0" cb="0"/><line nr="1763" mi="0" ci="1" mb="0" cb="0"/><line nr="1765" mi="0" ci="2" mb="0" cb="0"/><line nr="1772" mi="0" ci="3" mb="0" cb="0"/><line nr="1773" mi="0" ci="1" mb="0" cb="0"/><line nr="1778" mi="0" ci="3" mb="0" cb="0"/><line nr="1780" mi="0" ci="7" mb="2" cb="2"/><line nr="1782" mi="0" ci="11" mb="0" cb="2"/><line nr="1784" mi="0" ci="3" mb="0" cb="0"/><line nr="1786" mi="0" ci="4" mb="0" cb="0"/><line nr="1788" mi="0" ci="9" mb="0" cb="2"/><line nr="1790" mi="0" ci="3" mb="0" cb="0"/><line nr="1792" mi="0" ci="4" mb="0" cb="0"/><line nr="1793" mi="0" ci="1" mb="0" cb="0"/><line nr="1794" mi="0" ci="1" mb="0" cb="0"/><line nr="1796" mi="0" ci="3" mb="0" cb="0"/><line nr="1799" mi="0" ci="2" mb="0" cb="0"/><line nr="1800" mi="0" ci="1" mb="0" cb="0"/><line nr="1812" mi="0" ci="9" mb="0" cb="0"/><line nr="1813" mi="0" ci="4" mb="1" cb="1"/><line nr="1815" mi="4" ci="0" mb="0" cb="0"/><line nr="1817" mi="1" ci="0" mb="0" cb="0"/><line nr="1820" mi="0" ci="3" mb="1" cb="1"/><line nr="1822" mi="0" ci="5" mb="0" cb="0"/><line nr="1825" mi="0" ci="6" mb="0" cb="0"/><line nr="1826" mi="0" ci="2" mb="1" cb="1"/><line nr="1828" mi="0" ci="4" mb="0" cb="0"/><line nr="1830" mi="0" ci="4" mb="0" cb="0"/><line nr="1831" mi="0" ci="6" mb="0" cb="0"/><line nr="1832" mi="0" ci="1" mb="0" cb="0"/><line nr="1837" mi="0" ci="2" mb="0" cb="0"/><line nr="1839" mi="0" ci="3" mb="0" cb="0"/><line nr="1840" mi="0" ci="5" mb="0" cb="0"/><line nr="1841" mi="0" ci="3" mb="0" cb="0"/><line nr="1842" mi="0" ci="6" mb="0" cb="0"/><line nr="1843" mi="0" ci="7" mb="0" cb="0"/><line nr="1844" mi="0" ci="6" mb="0" cb="0"/><line nr="1845" mi="0" ci="2" mb="1" cb="1"/><line nr="1847" mi="0" ci="5" mb="0" cb="0"/><line nr="1849" mi="0" ci="3" mb="0" cb="0"/><line nr="1850" mi="0" ci="3" mb="0" cb="0"/><line nr="1851" mi="0" ci="3" mb="0" cb="0"/><line nr="1852" mi="0" ci="3" mb="0" cb="0"/><line nr="1853" mi="0" ci="3" mb="0" cb="0"/><line nr="1854" mi="0" ci="3" mb="0" cb="0"/><line nr="1855" mi="0" ci="3" mb="0" cb="0"/><line nr="1856" mi="0" ci="3" mb="0" cb="0"/><line nr="1857" mi="0" ci="3" mb="0" cb="0"/><line nr="1858" mi="0" ci="3" mb="0" cb="0"/><line nr="1859" mi="0" ci="3" mb="0" cb="0"/><line nr="1860" mi="0" ci="3" mb="0" cb="0"/><line nr="1861" mi="0" ci="1" mb="0" cb="0"/><line nr="1870" mi="0" ci="2" mb="0" cb="0"/><line nr="1871" mi="0" ci="3" mb="0" cb="0"/><line nr="1872" mi="0" ci="1" mb="0" cb="0"/><line nr="1876" mi="0" ci="3" mb="0" cb="0"/><line nr="1877" mi="0" ci="1" mb="0" cb="0"/><line nr="1881" mi="0" ci="3" mb="0" cb="0"/><line nr="1886" mi="0" ci="3" mb="0" cb="0"/><line nr="1887" mi="0" ci="1" mb="0" cb="0"/><line nr="1891" mi="0" ci="6" mb="0" cb="0"/><line nr="1892" mi="0" ci="1" mb="0" cb="0"/><line nr="1895" mi="0" ci="2" mb="0" cb="0"/><line nr="1897" mi="0" ci="3" mb="0" cb="0"/><line nr="1899" mi="0" ci="6" mb="0" cb="0"/><line nr="1903" mi="0" ci="6" mb="0" cb="0"/><line nr="1904" mi="0" ci="3" mb="0" cb="0"/><line nr="1905" mi="0" ci="1" mb="0" cb="0"/><line nr="1909" mi="0" ci="4" mb="1" cb="1"/><line nr="1911" mi="0" ci="7" mb="0" cb="0"/><line nr="1912" mi="0" ci="8" mb="0" cb="0"/><line nr="1914" mi="0" ci="1" mb="0" cb="0"/><line nr="1918" mi="0" ci="3" mb="0" cb="0"/><line nr="1924" mi="0" ci="6" mb="0" cb="0"/><line nr="1926" mi="0" ci="6" mb="0" cb="0"/><line nr="1928" mi="0" ci="12" mb="0" cb="0"/><line nr="1930" mi="0" ci="6" mb="0" cb="0"/><line nr="1932" mi="0" ci="6" mb="0" cb="0"/><line nr="1934" mi="0" ci="12" mb="0" cb="0"/><line nr="1936" mi="0" ci="6" mb="0" cb="0"/><line nr="1938" mi="0" ci="6" mb="0" cb="0"/><line nr="1940" mi="0" ci="6" mb="0" cb="0"/><line nr="1942" mi="0" ci="10" mb="0" cb="0"/><line nr="1945" mi="0" ci="5" mb="0" cb="0"/><line nr="1947" mi="0" ci="1" mb="0" cb="0"/><line nr="1950" mi="0" ci="5" mb="0" cb="0"/><line nr="1951" mi="0" ci="3" mb="0" cb="0"/><line nr="1952" mi="0" ci="3" mb="0" cb="0"/><line nr="1953" mi="0" ci="1" mb="0" cb="0"/><line nr="1957" mi="0" ci="5" mb="0" cb="0"/><line nr="1958" mi="0" ci="3" mb="1" cb="1"/><line nr="1960" mi="13" ci="0" mb="0" cb="0"/><line nr="1962" mi="0" ci="3" mb="1" cb="2"/><line nr="1966" mi="0" ci="1" mb="0" cb="0"/><line nr="1968" mi="0" ci="5" mb="0" cb="0"/><line nr="1969" mi="0" ci="1" mb="0" cb="0"/><line nr="1971" mi="5" ci="0" mb="0" cb="0"/><line nr="1974" mi="0" ci="3" mb="0" cb="2"/><line nr="1976" mi="0" ci="13" mb="0" cb="0"/><line nr="1978" mi="0" ci="3" mb="1" cb="1"/><line nr="1980" mi="13" ci="0" mb="0" cb="0"/><line nr="1982" mi="0" ci="3" mb="0" cb="2"/><line nr="1984" mi="0" ci="13" mb="0" cb="0"/><line nr="1986" mi="0" ci="3" mb="0" cb="2"/><line nr="1988" mi="0" ci="13" mb="0" cb="0"/><line nr="1990" mi="0" ci="3" mb="1" cb="1"/><line nr="1992" mi="13" ci="0" mb="0" cb="0"/><line nr="1995" mi="0" ci="3" mb="0" cb="2"/><line nr="1997" mi="0" ci="5" mb="0" cb="0"/><line nr="2000" mi="0" ci="5" mb="0" cb="0"/><line nr="2001" mi="0" ci="3" mb="1" cb="3"/><line nr="2005" mi="0" ci="5" mb="0" cb="0"/><line nr="2006" mi="0" ci="1" mb="0" cb="0"/><line nr="2008" mi="5" ci="0" mb="0" cb="0"/><line nr="2009" mi="1" ci="0" mb="0" cb="0"/><line nr="2011" mi="0" ci="5" mb="0" cb="0"/><line nr="2012" mi="0" ci="1" mb="0" cb="0"/><line nr="2014" mi="0" ci="5" mb="0" cb="0"/><line nr="2017" mi="0" ci="15" mb="0" cb="0"/><line nr="2018" mi="0" ci="1" mb="0" cb="0"/><line nr="2022" mi="0" ci="5" mb="0" cb="0"/><line nr="2023" mi="0" ci="1" mb="0" cb="0"/><line nr="2032" mi="0" ci="5" mb="0" cb="0"/><line nr="2035" mi="0" ci="5" mb="0" cb="0"/><line nr="2036" mi="0" ci="3" mb="0" cb="0"/><line nr="2037" mi="0" ci="3" mb="0" cb="0"/><line nr="2038" mi="0" ci="1" mb="0" cb="0"/><line nr="2042" mi="0" ci="6" mb="0" cb="0"/><line nr="2043" mi="0" ci="3" mb="0" cb="0"/><line nr="2044" mi="0" ci="3" mb="0" cb="0"/><line nr="2045" mi="0" ci="1" mb="0" cb="0"/><line nr="2049" mi="0" ci="3" mb="0" cb="0"/><line nr="2054" mi="0" ci="4" mb="1" cb="1"/><line nr="2056" mi="0" ci="7" mb="0" cb="0"/><line nr="2057" mi="0" ci="8" mb="0" cb="0"/><line nr="2058" mi="0" ci="4" mb="0" cb="0"/><line nr="2060" mi="0" ci="1" mb="0" cb="0"/><line nr="2064" mi="0" ci="3" mb="0" cb="0"/><line nr="2065" mi="0" ci="1" mb="0" cb="0"/><line nr="2069" mi="0" ci="3" mb="0" cb="0"/><line nr="2070" mi="0" ci="4" mb="0" cb="0"/><line nr="2071" mi="0" ci="2" mb="0" cb="0"/><line nr="2076" mi="0" ci="4" mb="0" cb="0"/><line nr="2077" mi="0" ci="1" mb="0" cb="0"/><line nr="2081" mi="0" ci="5" mb="0" cb="0"/><line nr="2082" mi="0" ci="3" mb="1" cb="1"/><line nr="2084" mi="0" ci="12" mb="0" cb="0"/><line nr="2086" mi="0" ci="5" mb="0" cb="0"/><line nr="2087" mi="0" ci="1" mb="0" cb="0"/><line nr="2094" mi="0" ci="5" mb="0" cb="0"/><line nr="2097" mi="0" ci="2" mb="0" cb="0"/><line nr="2098" mi="0" ci="3" mb="0" cb="0"/><line nr="2099" mi="0" ci="1" mb="0" cb="0"/><line nr="2103" mi="0" ci="6" mb="0" cb="0"/><line nr="2104" mi="0" ci="3" mb="0" cb="0"/><line nr="2105" mi="0" ci="1" mb="0" cb="0"/><line nr="2109" mi="0" ci="3" mb="0" cb="0"/><line nr="2114" mi="0" ci="4" mb="1" cb="1"/><line nr="2116" mi="0" ci="7" mb="0" cb="0"/><line nr="2117" mi="0" ci="8" mb="0" cb="0"/><line nr="2119" mi="0" ci="1" mb="0" cb="0"/><line nr="2123" mi="0" ci="6" mb="0" cb="0"/><line nr="2124" mi="0" ci="1" mb="0" cb="0"/><line nr="2140" mi="0" ci="2" mb="0" cb="0"/><line nr="2141" mi="0" ci="4" mb="0" cb="0"/><line nr="2142" mi="0" ci="5" mb="0" cb="0"/><line nr="2143" mi="0" ci="3" mb="0" cb="0"/><line nr="2144" mi="0" ci="3" mb="0" cb="0"/><line nr="2145" mi="0" ci="5" mb="0" cb="0"/><line nr="2146" mi="0" ci="1" mb="0" cb="0"/><line nr="2150" mi="0" ci="4" mb="0" cb="0"/><line nr="2152" mi="0" ci="8" mb="0" cb="2"/><line nr="2154" mi="0" ci="5" mb="1" cb="1"/><line nr="2156" mi="1" ci="0" mb="0" cb="0"/><line nr="2158" mi="0" ci="6" mb="0" cb="0"/><line nr="2159" mi="0" ci="4" mb="0" cb="0"/><line nr="2160" mi="0" ci="6" mb="0" cb="2"/><line nr="2162" mi="0" ci="5" mb="0" cb="0"/><line nr="2165" mi="0" ci="1" mb="0" cb="0"/><line nr="2169" mi="0" ci="2" mb="0" cb="0"/><line nr="2170" mi="0" ci="8" mb="0" cb="2"/><line nr="2172" mi="0" ci="7" mb="0" cb="0"/><line nr="2174" mi="0" ci="3" mb="0" cb="2"/><line nr="2176" mi="0" ci="9" mb="0" cb="0"/><line nr="2178" mi="0" ci="2" mb="0" cb="0"/><line nr="2182" mi="0" ci="2" mb="0" cb="0"/><line nr="2184" mi="0" ci="6" mb="0" cb="0"/><line nr="2188" mi="0" ci="4" mb="0" cb="0"/><line nr="2189" mi="0" ci="1" mb="0" cb="0"/><line nr="2193" mi="0" ci="2" mb="0" cb="0"/><line nr="2194" mi="0" ci="4" mb="0" cb="0"/><line nr="2195" mi="0" ci="7" mb="0" cb="2"/><line nr="2197" mi="0" ci="6" mb="0" cb="0"/><line nr="2198" mi="0" ci="3" mb="0" cb="0"/><line nr="2199" mi="0" ci="4" mb="0" cb="2"/><line nr="2201" mi="0" ci="3" mb="0" cb="0"/><line nr="2204" mi="0" ci="2" mb="0" cb="0"/><line nr="2208" mi="0" ci="5" mb="0" cb="0"/><line nr="2210" mi="0" ci="6" mb="0" cb="0"/><line nr="2214" mi="0" ci="4" mb="0" cb="0"/><line nr="2215" mi="0" ci="1" mb="0" cb="0"/><line nr="2219" mi="0" ci="2" mb="0" cb="0"/><line nr="2220" mi="0" ci="2" mb="0" cb="0"/><line nr="2222" mi="0" ci="9" mb="0" cb="2"/><line nr="2224" mi="0" ci="2" mb="0" cb="0"/><line nr="2225" mi="0" ci="2" mb="0" cb="0"/><line nr="2226" mi="0" ci="6" mb="0" cb="0"/><line nr="2228" mi="0" ci="9" mb="0" cb="2"/><line nr="2230" mi="0" ci="6" mb="0" cb="0"/><line nr="2231" mi="0" ci="9" mb="0" cb="0"/><line nr="2232" mi="0" ci="2" mb="1" cb="1"/><line nr="2234" mi="1" ci="0" mb="0" cb="0"/><line nr="2236" mi="0" ci="5" mb="0" cb="0"/><line nr="2237" mi="0" ci="5" mb="0" cb="0"/><line nr="2238" mi="0" ci="4" mb="1" cb="1"/><line nr="2240" mi="0" ci="3" mb="0" cb="0"/><line nr="2244" mi="0" ci="3" mb="0" cb="2"/><line nr="2246" mi="0" ci="2" mb="0" cb="0"/><line nr="2248" mi="0" ci="4" mb="0" cb="0"/><line nr="2251" mi="0" ci="1" mb="0" cb="0"/><line nr="2252" mi="0" ci="1" mb="0" cb="0"/><line nr="2255" mi="0" ci="8" mb="0" cb="0"/><line nr="2257" mi="0" ci="6" mb="0" cb="0"/><line nr="2261" mi="0" ci="2" mb="0" cb="0"/><line nr="2263" mi="0" ci="6" mb="0" cb="0"/><line nr="2267" mi="0" ci="4" mb="0" cb="0"/><line nr="2268" mi="0" ci="1" mb="0" cb="0"/><line nr="2278" mi="0" ci="2" mb="0" cb="0"/><line nr="2279" mi="0" ci="3" mb="0" cb="0"/><line nr="2280" mi="0" ci="3" mb="0" cb="0"/><line nr="2281" mi="0" ci="1" mb="0" cb="0"/><line nr="2291" mi="0" ci="2" mb="0" cb="0"/><line nr="2292" mi="0" ci="3" mb="0" cb="0"/><line nr="2293" mi="0" ci="3" mb="0" cb="0"/><line nr="2294" mi="0" ci="1" mb="0" cb="0"/><counter type="INSTRUCTION" missed="947" covered="2635"/><counter type="BRANCH" missed="87" covered="151"/><counter type="LINE" missed="213" covered="669"/><counter type="COMPLEXITY" missed="92" covered="191"/><counter type="METHOD" missed="23" covered="131"/><counter type="CLASS" missed="0" covered="12"/></sourcefile><sourcefile name="SerifItalic.java"><line nr="28" mi="3076" ci="0" mb="0" cb="0"/><line nr="160" mi="15" ci="0" mb="0" cb="0"/><line nr="161" mi="1" ci="0" mb="0" cb="0"/><counter type="INSTRUCTION" missed="3092" covered="0"/><counter type="LINE" missed="3" covered="0"/><counter type="COMPLEXITY" missed="2" covered="0"/><counter type="METHOD" missed="2" covered="0"/><counter type="CLASS" missed="1" covered="0"/></sourcefile><sourcefile name="RomanNumerals.java"><line nr="25" mi="3" ci="0" mb="0" cb="0"/><line nr="27" mi="55" ci="0" mb="0" cb="0"/><line nr="29" mi="55" ci="0" mb="0" cb="0"/><line nr="32" mi="56" ci="0" mb="0" cb="0"/><line nr="39" mi="4" ci="0" mb="0" cb="0"/><line nr="44" mi="4" ci="0" mb="0" cb="0"/><line nr="45" mi="6" ci="0" mb="2" cb="0"/><line nr="47" mi="8" ci="0" mb="2" cb="0"/><line nr="49" mi="5" ci="0" mb="2" cb="0"/><line nr="51" mi="6" ci="0" mb="0" cb="0"/><line nr="52" mi="7" ci="0" mb="0" cb="0"/><line nr="56" mi="3" ci="0" mb="0" cb="0"/><counter type="INSTRUCTION" missed="212" covered="0"/><counter type="BRANCH" missed="6" covered="0"/><counter type="LINE" missed="12" covered="0"/><counter type="COMPLEXITY" missed="7" covered="0"/><counter type="METHOD" missed="4" covered="0"/><counter type="CLASS" missed="1" covered="0"/></sourcefile><sourcefile name="MonospaceBoldItalic.java"><line nr="28" mi="3076" ci="0" mb="0" cb="0"/><line nr="160" mi="15" ci="0" mb="0" cb="0"/><line nr="161" mi="1" ci="0" mb="0" cb="0"/><counter type="INSTRUCTION" missed="3092" covered="0"/><counter type="LINE" missed="3" covered="0"/><counter type="COMPLEXITY" missed="2" covered="0"/><counter type="METHOD" missed="2" covered="0"/><counter type="CLASS" missed="1" covered="0"/></sourcefile><counter type="INSTRUCTION" missed="30281" covered="12138"/><counter type="BRANCH" missed="215" covered="165"/><counter type="LINE" missed="562" covered="738"/><counter type="COMPLEXITY" missed="226" covered="211"/><counter type="METHOD" missed="89" covered="145"/><counter type="CLASS" missed="17" covered="20"/></package><counter type="INSTRUCTION" missed="30281" covered="12138"/><counter type="BRANCH" missed="215" covered="165"/><counter type="LINE" missed="562" covered="738"/><counter type="COMPLEXITY" missed="226" covered="211"/><counter type="METHOD" missed="89" covered="145"/><counter type="CLASS" missed="17" covered="20"/></report>